<?xml version="1.0" encoding="UTF-8"?>
<testsuite xmlns:xsi="http://www.w3.org/2001/XMLSchema-instance" xsi:noNamespaceSchemaLocation="https://maven.apache.org/surefire/maven-surefire-plugin/xsd/surefire-test-report-3.0.xsd" version="3.0" name="cz.tc.learn.ws.mtom.binary.FileStorageBinaryServiceImplV2Test" time="0.23" tests="4" errors="0" skipped="0" failures="0">
  <properties>
    <property name="sun.desktop" value="windows"/>
    <property name="awt.toolkit" value="sun.awt.windows.WToolkit"/>
    <property name="java.specification.version" value="11"/>
    <property name="sun.cpu.isalist" value="amd64"/>
    <property name="sun.jnu.encoding" value="Cp1250"/>
    <property name="java.class.path" value="D:\Repositories\labs\jaxws.labs\mtom\mtom-simple-binary\target\test-classes;D:\Repositories\labs\jaxws.labs\mtom\mtom-simple-binary\target\classes;C:\Users\tomas.cejka.STYRAX\.m2\repository\javax\mail\mail\1.4.7\mail-1.4.7.jar;C:\Users\tomas.cejka.STYRAX\.m2\repository\javax\activation\activation\1.1\activation-1.1.jar;C:\Users\tomas.cejka.STYRAX\.m2\repository\com\sun\xml\ws\jaxws-rt\2.3.5\jaxws-rt-2.3.5.jar;C:\Users\tomas.cejka.STYRAX\.m2\repository\com\sun\xml\ws\policy\2.7.10\policy-2.7.10.jar;C:\Users\tomas.cejka.STYRAX\.m2\repository\com\sun\xml\bind\jaxb-impl\2.3.5\jaxb-impl-2.3.5.jar;C:\Users\tomas.cejka.STYRAX\.m2\repository\org\glassfish\ha\ha-api\3.1.13\ha-api-3.1.13.jar;C:\Users\tomas.cejka.STYRAX\.m2\repository\org\glassfish\external\management-api\3.2.3\management-api-3.2.3.jar;C:\Users\tomas.cejka.STYRAX\.m2\repository\org\glassfish\gmbal\gmbal-api-only\4.0.3\gmbal-api-only-4.0.3.jar;C:\Users\tomas.cejka.STYRAX\.m2\repository\org\jvnet\staxex\stax-ex\1.8.3\stax-ex-1.8.3.jar;C:\Users\tomas.cejka.STYRAX\.m2\repository\com\sun\xml\stream\buffer\streambuffer\1.5.10\streambuffer-1.5.10.jar;C:\Users\tomas.cejka.STYRAX\.m2\repository\org\jvnet\mimepull\mimepull\1.9.15\mimepull-1.9.15.jar;C:\Users\tomas.cejka.STYRAX\.m2\repository\com\sun\xml\fastinfoset\FastInfoset\1.2.18\FastInfoset-1.2.18.jar;C:\Users\tomas.cejka.STYRAX\.m2\repository\com\sun\activation\jakarta.activation\1.2.2\jakarta.activation-1.2.2.jar;C:\Users\tomas.cejka.STYRAX\.m2\repository\com\sun\mail\jakarta.mail\1.6.7\jakarta.mail-1.6.7.jar;C:\Users\tomas.cejka.STYRAX\.m2\repository\com\sun\xml\messaging\saaj\saaj-impl\1.5.3\saaj-impl-1.5.3.jar;C:\Users\tomas.cejka.STYRAX\.m2\repository\com\fasterxml\woodstox\woodstox-core\6.2.6\woodstox-core-6.2.6.jar;C:\Users\tomas.cejka.STYRAX\.m2\repository\org\codehaus\woodstox\stax2-api\4.2.1\stax2-api-4.2.1.jar;C:\Users\tomas.cejka.STYRAX\.m2\repository\com\sun\xml\ws\jaxws-tools\2.3.5\jaxws-tools-2.3.5.jar;C:\Users\tomas.cejka.STYRAX\.m2\repository\com\sun\xml\bind\jaxb-xjc\2.3.5\jaxb-xjc-2.3.5.jar;C:\Users\tomas.cejka.STYRAX\.m2\repository\com\sun\xml\bind\jaxb-jxc\2.3.5\jaxb-jxc-2.3.5.jar;C:\Users\tomas.cejka.STYRAX\.m2\repository\com\sun\xml\ws\jaxws-eclipselink-plugin\2.3.5\jaxws-eclipselink-plugin-2.3.5.jar;C:\Users\tomas.cejka.STYRAX\.m2\repository\jakarta\persistence\jakarta.persistence-api\2.2.3\jakarta.persistence-api-2.2.3.jar;C:\Users\tomas.cejka.STYRAX\.m2\repository\org\eclipse\persistence\org.eclipse.persistence.moxy\2.7.9\org.eclipse.persistence.moxy-2.7.9.jar;C:\Users\tomas.cejka.STYRAX\.m2\repository\org\eclipse\persistence\org.eclipse.persistence.core\2.7.9\org.eclipse.persistence.core-2.7.9.jar;C:\Users\tomas.cejka.STYRAX\.m2\repository\org\eclipse\persistence\org.eclipse.persistence.asm\9.1.0\org.eclipse.persistence.asm-9.1.0.jar;C:\Users\tomas.cejka.STYRAX\.m2\repository\com\sun\xml\ws\sdo-eclipselink-plugin\2.3.5\sdo-eclipselink-plugin-2.3.5.jar;C:\Users\tomas.cejka.STYRAX\.m2\repository\org\eclipse\persistence\org.eclipse.persistence.sdo\2.7.9\org.eclipse.persistence.sdo-2.7.9.jar;C:\Users\tomas.cejka.STYRAX\.m2\repository\org\eclipse\persistence\commonj.sdo\2.1.1\commonj.sdo-2.1.1.jar;C:\Users\tomas.cejka.STYRAX\.m2\repository\jakarta\xml\ws\jakarta.xml.ws-api\2.3.3\jakarta.xml.ws-api-2.3.3.jar;C:\Users\tomas.cejka.STYRAX\.m2\repository\jakarta\xml\bind\jakarta.xml.bind-api\2.3.3\jakarta.xml.bind-api-2.3.3.jar;C:\Users\tomas.cejka.STYRAX\.m2\repository\jakarta\xml\soap\jakarta.xml.soap-api\1.4.2\jakarta.xml.soap-api-1.4.2.jar;C:\Users\tomas.cejka.STYRAX\.m2\repository\jakarta\jws\jakarta.jws-api\2.1.0\jakarta.jws-api-2.1.0.jar;C:\Users\tomas.cejka.STYRAX\.m2\repository\jakarta\annotation\jakarta.annotation-api\1.3.5\jakarta.annotation-api-1.3.5.jar;C:\Users\tomas.cejka.STYRAX\.m2\repository\junit\junit\4.13.2\junit-4.13.2.jar;C:\Users\tomas.cejka.STYRAX\.m2\repository\org\hamcrest\hamcrest-core\1.3\hamcrest-core-1.3.jar;"/>
    <property name="java.vm.vendor" value="Oracle Corporation"/>
    <property name="sun.arch.data.model" value="64"/>
    <property name="user.variant" value=""/>
    <property name="java.vendor.url" value="http://java.oracle.com/"/>
    <property name="user.timezone" value="Europe/Prague"/>
    <property name="com.sun.xml.internal.ws.transport.http.HttpAdapter.dump" value="true"/>
    <property name="java.vm.specification.version" value="11"/>
    <property name="os.name" value="Windows 10"/>
    <property name="user.country" value="CZ"/>
    <property name="sun.java.launcher" value="SUN_STANDARD"/>
    <property name="sun.boot.library.path" value="D:\Tools\jdk\openjdk\jdk-11.0.2\bin"/>
    <property name="sun.java.command" value="C:\Users\tomas.cejka.STYRAX\AppData\Local\Temp\surefire2043195946118635785\surefirebooter6794336764833839135.jar C:\Users\tomas.cejka.STYRAX\AppData\Local\Temp\surefire2043195946118635785 2022-05-02T06-36-22_114-jvmRun1 surefire402104291020372964tmp surefire_04135534019178902752tmp"/>
    <property name="jdk.debug" value="release"/>
    <property name="surefire.test.class.path" value="D:\Repositories\labs\jaxws.labs\mtom\mtom-simple-binary\target\test-classes;D:\Repositories\labs\jaxws.labs\mtom\mtom-simple-binary\target\classes;C:\Users\tomas.cejka.STYRAX\.m2\repository\javax\mail\mail\1.4.7\mail-1.4.7.jar;C:\Users\tomas.cejka.STYRAX\.m2\repository\javax\activation\activation\1.1\activation-1.1.jar;C:\Users\tomas.cejka.STYRAX\.m2\repository\com\sun\xml\ws\jaxws-rt\2.3.5\jaxws-rt-2.3.5.jar;C:\Users\tomas.cejka.STYRAX\.m2\repository\com\sun\xml\ws\policy\2.7.10\policy-2.7.10.jar;C:\Users\tomas.cejka.STYRAX\.m2\repository\com\sun\xml\bind\jaxb-impl\2.3.5\jaxb-impl-2.3.5.jar;C:\Users\tomas.cejka.STYRAX\.m2\repository\org\glassfish\ha\ha-api\3.1.13\ha-api-3.1.13.jar;C:\Users\tomas.cejka.STYRAX\.m2\repository\org\glassfish\external\management-api\3.2.3\management-api-3.2.3.jar;C:\Users\tomas.cejka.STYRAX\.m2\repository\org\glassfish\gmbal\gmbal-api-only\4.0.3\gmbal-api-only-4.0.3.jar;C:\Users\tomas.cejka.STYRAX\.m2\repository\org\jvnet\staxex\stax-ex\1.8.3\stax-ex-1.8.3.jar;C:\Users\tomas.cejka.STYRAX\.m2\repository\com\sun\xml\stream\buffer\streambuffer\1.5.10\streambuffer-1.5.10.jar;C:\Users\tomas.cejka.STYRAX\.m2\repository\org\jvnet\mimepull\mimepull\1.9.15\mimepull-1.9.15.jar;C:\Users\tomas.cejka.STYRAX\.m2\repository\com\sun\xml\fastinfoset\FastInfoset\1.2.18\FastInfoset-1.2.18.jar;C:\Users\tomas.cejka.STYRAX\.m2\repository\com\sun\activation\jakarta.activation\1.2.2\jakarta.activation-1.2.2.jar;C:\Users\tomas.cejka.STYRAX\.m2\repository\com\sun\mail\jakarta.mail\1.6.7\jakarta.mail-1.6.7.jar;C:\Users\tomas.cejka.STYRAX\.m2\repository\com\sun\xml\messaging\saaj\saaj-impl\1.5.3\saaj-impl-1.5.3.jar;C:\Users\tomas.cejka.STYRAX\.m2\repository\com\fasterxml\woodstox\woodstox-core\6.2.6\woodstox-core-6.2.6.jar;C:\Users\tomas.cejka.STYRAX\.m2\repository\org\codehaus\woodstox\stax2-api\4.2.1\stax2-api-4.2.1.jar;C:\Users\tomas.cejka.STYRAX\.m2\repository\com\sun\xml\ws\jaxws-tools\2.3.5\jaxws-tools-2.3.5.jar;C:\Users\tomas.cejka.STYRAX\.m2\repository\com\sun\xml\bind\jaxb-xjc\2.3.5\jaxb-xjc-2.3.5.jar;C:\Users\tomas.cejka.STYRAX\.m2\repository\com\sun\xml\bind\jaxb-jxc\2.3.5\jaxb-jxc-2.3.5.jar;C:\Users\tomas.cejka.STYRAX\.m2\repository\com\sun\xml\ws\jaxws-eclipselink-plugin\2.3.5\jaxws-eclipselink-plugin-2.3.5.jar;C:\Users\tomas.cejka.STYRAX\.m2\repository\jakarta\persistence\jakarta.persistence-api\2.2.3\jakarta.persistence-api-2.2.3.jar;C:\Users\tomas.cejka.STYRAX\.m2\repository\org\eclipse\persistence\org.eclipse.persistence.moxy\2.7.9\org.eclipse.persistence.moxy-2.7.9.jar;C:\Users\tomas.cejka.STYRAX\.m2\repository\org\eclipse\persistence\org.eclipse.persistence.core\2.7.9\org.eclipse.persistence.core-2.7.9.jar;C:\Users\tomas.cejka.STYRAX\.m2\repository\org\eclipse\persistence\org.eclipse.persistence.asm\9.1.0\org.eclipse.persistence.asm-9.1.0.jar;C:\Users\tomas.cejka.STYRAX\.m2\repository\com\sun\xml\ws\sdo-eclipselink-plugin\2.3.5\sdo-eclipselink-plugin-2.3.5.jar;C:\Users\tomas.cejka.STYRAX\.m2\repository\org\eclipse\persistence\org.eclipse.persistence.sdo\2.7.9\org.eclipse.persistence.sdo-2.7.9.jar;C:\Users\tomas.cejka.STYRAX\.m2\repository\org\eclipse\persistence\commonj.sdo\2.1.1\commonj.sdo-2.1.1.jar;C:\Users\tomas.cejka.STYRAX\.m2\repository\jakarta\xml\ws\jakarta.xml.ws-api\2.3.3\jakarta.xml.ws-api-2.3.3.jar;C:\Users\tomas.cejka.STYRAX\.m2\repository\jakarta\xml\bind\jakarta.xml.bind-api\2.3.3\jakarta.xml.bind-api-2.3.3.jar;C:\Users\tomas.cejka.STYRAX\.m2\repository\jakarta\xml\soap\jakarta.xml.soap-api\1.4.2\jakarta.xml.soap-api-1.4.2.jar;C:\Users\tomas.cejka.STYRAX\.m2\repository\jakarta\jws\jakarta.jws-api\2.1.0\jakarta.jws-api-2.1.0.jar;C:\Users\tomas.cejka.STYRAX\.m2\repository\jakarta\annotation\jakarta.annotation-api\1.3.5\jakarta.annotation-api-1.3.5.jar;C:\Users\tomas.cejka.STYRAX\.m2\repository\junit\junit\4.13.2\junit-4.13.2.jar;C:\Users\tomas.cejka.STYRAX\.m2\repository\org\hamcrest\hamcrest-core\1.3\hamcrest-core-1.3.jar;"/>
    <property name="sun.cpu.endian" value="little"/>
    <property name="user.home" value="C:\Users\tomas.cejka.STYRAX"/>
    <property name="user.language" value="cs"/>
    <property name="java.specification.vendor" value="Oracle Corporation"/>
    <property name="java.version.date" value="2019-01-15"/>
    <property name="java.home" value="D:\Tools\jdk\openjdk\jdk-11.0.2"/>
    <property name="file.separator" value="\"/>
    <property name="basedir" value="D:\Repositories\labs\jaxws.labs\mtom\mtom-simple-binary"/>
    <property name="java.vm.compressedOopsMode" value="Zero based"/>
    <property name="line.separator" value="&#10;"/>
    <property name="java.specification.name" value="Java Platform API Specification"/>
    <property name="java.vm.specification.vendor" value="Oracle Corporation"/>
    <property name="java.awt.graphicsenv" value="sun.awt.Win32GraphicsEnvironment"/>
    <property name="surefire.real.class.path" value="C:\Users\tomas.cejka.STYRAX\AppData\Local\Temp\surefire2043195946118635785\surefirebooter6794336764833839135.jar"/>
    <property name="user.script" value=""/>
    <property name="sun.management.compiler" value="HotSpot 64-Bit Tiered Compilers"/>
    <property name="java.runtime.version" value="11.0.2+9"/>
    <property name="user.name" value="tomas.cejka"/>
    <property name="path.separator" value=";"/>
    <property name="com.sun.xml.ws.transport.http.client.HttpTransportPipe.dump" value="true"/>
    <property name="os.version" value="10.0"/>
    <property name="java.runtime.name" value="OpenJDK Runtime Environment"/>
    <property name="file.encoding" value="UTF-8"/>
    <property name="java.vm.name" value="OpenJDK 64-Bit Server VM"/>
    <property name="com.sun.xml.internal.ws.transport.http.client.HttpTransportPipe.dump" value="true"/>
    <property name="java.vendor.version" value="18.9"/>
    <property name="com.sun.xml.ws.transport.http.HttpAdapter.dump" value="true"/>
    <property name="maven.ext.class.path" value="E:\Tools\netbeans\netbeans-13\java\maven-nblib\netbeans-eventspy.jar"/>
    <property name="localRepository" value="C:\Users\tomas.cejka.STYRAX\.m2\repository"/>
    <property name="java.vendor.url.bug" value="http://bugreport.java.com/bugreport/"/>
    <property name="java.io.tmpdir" value="C:\Users\TOMASC~1.STY\AppData\Local\Temp\"/>
    <property name="java.version" value="11.0.2"/>
    <property name="user.dir" value="D:\Repositories\labs\jaxws.labs\mtom\mtom-simple-binary"/>
    <property name="os.arch" value="amd64"/>
    <property name="java.vm.specification.name" value="Java Virtual Machine Specification"/>
    <property name="java.awt.printerjob" value="sun.awt.windows.WPrinterJob"/>
    <property name="sun.os.patch.level" value=""/>
    <property name="com.sun.xml.internal.ws.transport.http.HttpAdapter.dumpTreshold" value="999999999"/>
    <property name="java.library.path" value="D:\Tools\jdk\openjdk\jdk-11.0.2\bin;C:\WINDOWS\Sun\Java\bin;C:\WINDOWS\system32;C:\WINDOWS;C:\WINDOWS\system32;C:\WINDOWS;C:\WINDOWS\System32\Wbem;C:\WINDOWS\System32\WindowsPowerShell\v1.0\;C:\WINDOWS\System32\OpenSSH\;C:\Program Files (x86)\Common Files\Acronis\SnapAPI\;C:\Program Files (x86)\Acronis\CommandLineTool\;C:\Program Files\TortoiseSVN\bin;C:\Program Files\TortoiseGit\bin;E:\Portable\coreutils-5.3.0\bin;E:\Tools\jdk\openjdk\jdk-11\bin;E:\Tools\groovy\groovy-4.0.0\bin;C:\Program Files\Microsoft SQL Server\130\Tools\Binn\;D:\Tools\maven\apache-maven-3.6.3\bin;D:\Tools\vscode\v1.52.1;C:\Program Files (x86)\Microsoft SQL Server\150\DTS\Binn\;C:\Program Files\Azure Data Studio\bin;C:\ProgramData\chocolatey\bin;C:\Program Files\OpenSSL\bin;C:\Program Files\PowerShell\7\;C:\Program Files\Git\cmd;C:\Users\tomas.cejka.STYRAX\AppData\Local\Microsoft\WindowsApps;C:\Users\tomas.cejka.STYRAX\AppData\Local\GitHubDesktop\bin;C:\Program Files\Azure Data Studio\bin;C:\Program Files\Git;D:\Portable\jbake\jbake-2.6.5-bin\bin;C:\Users\tomas.cejka.STYRAX\AppData\Local\fman;%PyCharm%;C:\Users\tomas.cejka.STYRAX\AppData\Local\Programs\Microsoft VS Code\bin;."/>
    <property name="java.vendor" value="Oracle Corporation"/>
    <property name="java.vm.info" value="mixed mode"/>
    <property name="java.vm.version" value="11.0.2+9"/>
    <property name="sun.io.unicode.encoding" value="UnicodeLittle"/>
    <property name="java.class.version" value="55.0"/>
    <property name="com.sun.xml.ws.transport.http.HttpAdapter.dumpTreshold" value="999999999"/>
  </properties>
  <testcase name="testTryMtomFeature_DownloadBinary" classname="cz.tc.learn.ws.mtom.binary.FileStorageBinaryServiceImplV2Test" time="0.08">
    <system-out><![CDATA[=================================================

---[HTTP request - http://localhost:8081/mtom.ws/fileStorageBinaryService]---
Accept: application/soap+xml, multipart/related
Content-Type: multipart/related;start="<rootpart*20da84b5-025a-4a4a-a553-711cb6b64280@example.jaxws.sun.com>";type="application/xop+xml";boundary="uuid:20da84b5-025a-4a4a-a553-711cb6b64280";start-info="application/soap+xml;action=\"http://ws.learn.tc.cz/mtom/binary/api/fileStorageBinaryPort/downloadBinaryRequest\""
User-Agent: JAX-WS RI 2.3.5 git-revision#7ddc91f
--uuid:20da84b5-025a-4a4a-a553-711cb6b64280
Content-Id: <rootpart*20da84b5-025a-4a4a-a553-711cb6b64280@example.jaxws.sun.com>
Content-Type: application/xop+xml;charset=utf-8;type="application/soap+xml;action=\"http://ws.learn.tc.cz/mtom/binary/api/fileStorageBinaryPort/downloadBinaryRequest\""
Content-Transfer-Encoding: binary

<?xml version='1.0' encoding='UTF-8'?><S:Envelope xmlns:S="http://www.w3.org/2003/05/soap-envelope"><S:Body><ns3:filenameBinary xmlns:ns2="http://ws.learn.tc.cz/mtom/binary/types/" xmlns:ns3="http://ws.learn.tc.cz/mtom/binary/api">sample.xml</ns3:filenameBinary></S:Body></S:Envelope>
--uuid:20da84b5-025a-4a4a-a553-711cb6b64280--
--------------------

---[HTTP request]---
Accept: application/soap+xml, multipart/related
Connection: keep-alive
Host: localhost:8081
User-agent: JAX-WS RI 2.3.5 git-revision#7ddc91f
Content-type: multipart/related;start="<rootpart*20da84b5-025a-4a4a-a553-711cb6b64280@example.jaxws.sun.com>";type="application/xop+xml";boundary="uuid:20da84b5-025a-4a4a-a553-711cb6b64280";start-info="application/soap+xml;action=\"http://ws.learn.tc.cz/mtom/binary/api/fileStorageBinaryPort/downloadBinaryRequest\""
Content-length: 666
--uuid:20da84b5-025a-4a4a-a553-711cb6b64280
Content-Id: <rootpart*20da84b5-025a-4a4a-a553-711cb6b64280@example.jaxws.sun.com>
Content-Type: application/xop+xml;charset=utf-8;type="application/soap+xml;action=\"http://ws.learn.tc.cz/mtom/binary/api/fileStorageBinaryPort/downloadBinaryRequest\""
Content-Transfer-Encoding: binary

<?xml version='1.0' encoding='UTF-8'?><S:Envelope xmlns:S="http://www.w3.org/2003/05/soap-envelope"><S:Body><ns3:filenameBinary xmlns:ns2="http://ws.learn.tc.cz/mtom/binary/types/" xmlns:ns3="http://ws.learn.tc.cz/mtom/binary/api">sample.xml</ns3:filenameBinary></S:Body></S:Envelope>
--uuid:20da84b5-025a-4a4a-a553-711cb6b64280--
--------------------

---[HTTP response 200]---
Date: Mon, 02 May 2022 04:36:24 GMT
Transfer-encoding: chunked
Content-type: multipart/related;start="<rootpart*3fb67a13-43be-42fc-81e2-0b2da3effb05@example.jaxws.sun.com>";type="application/xop+xml";boundary="uuid:3fb67a13-43be-42fc-81e2-0b2da3effb05";start-info="application/soap+xml"
--uuid:3fb67a13-43be-42fc-81e2-0b2da3effb05
Content-Id: <rootpart*3fb67a13-43be-42fc-81e2-0b2da3effb05@example.jaxws.sun.com>
Content-Type: application/xop+xml;charset=utf-8;type="application/soap+xml"
Content-Transfer-Encoding: binary

<?xml version='1.0' encoding='UTF-8'?><S:Envelope xmlns:S="http://www.w3.org/2003/05/soap-envelope"><S:Body><ns2:fileBinary xmlns:ns2="http://ws.learn.tc.cz/mtom/binary/types/" xmlns:ns3="http://ws.learn.tc.cz/mtom/binary/api"><fileName>sample.xml</fileName><contentData><xop:Include xmlns:xop="http://www.w3.org/2004/08/xop/include" href="cid:287930f0-629c-418b-8cb0-67fa6ae3c111@example.jaxws.sun.com"/></contentData></ns2:fileBinary></S:Body></S:Envelope>
--uuid:3fb67a13-43be-42fc-81e2-0b2da3effb05
Content-Id: <287930f0-629c-418b-8cb0-67fa6ae3c111@example.jaxws.sun.com>
Content-Type: application/octet-stream
Content-Transfer-Encoding: binary

<?xml version="1.0" encoding="UTF-8"?>
<root>
    <books>
        <book>
            <title>Nazev</title>
            <author>Autor</author>
        </book>
        <book>
            <title>Nazev</title>
            <author>Autor</author>
        </book>
        <book>
            <title>Nazev</title>
            <author>Autor</author>
        </book>
        <book>
            <title>Nazev</title>
            <author>Autor</author>
        </book>
        <book>
            <title>Nazev</title>
            <author>Autor</author>
        </book>
        <book>
            <title>Nazev</title>
            <author>Autor</author>
        </book>
        <book>
            <title>Nazev</title>
            <author>Autor</author>
        </book>
        <book>
            <title>Nazev</title>
            <author>Autor</author>
        </book>
        <book>
            <title>Nazev</title>
            <author>Autor</author>
        </book>
        <book>
            <title>Nazev</title>
            <author>Autor</author>
        </book>
        <book>
            <title>Nazev</title>
            <author>Autor</author>
        </book>
        <book>
            <title>Nazev</title>
            <author>Autor</author>
        </book>
        <book>
            <title>Nazev</title>
            <author>Autor</author>
        </book>
        <book>
            <title>Nazev</title>
            <author>Autor</author>
        </book>
        <book>
            <title>Nazev</title>
            <author>Autor</author>
        </book>
        <book>
            <title>Nazev</title>
            <author>Autor</author>
        </book>
        <book>
            <title>Nazev</title>
            <author>Autor</author>
        </book>
        <book>
            <title>Nazev</title>
            <author>Autor</author>
        </book>
        <book>
            <title>Nazev</title>
            <author>Autor</author>
        </book>
        <book>
            <title>Nazev</title>
            <author>Autor</author>
        </book>
        <book>
            <title>Nazev</title>
            <author>Autor</author>
        </book>
        <book>
            <title>Nazev</title>
            <author>Autor</author>
        </book>
        <book>
            <title>Nazev</title>
            <author>Autor</author>
        </book>
        <book>
            <title>Nazev</title>
            <author>Autor</author>
        </book>
        <book>
            <title>Nazev</title>
            <author>Autor</author>
        </book>
        <book>
            <title>Nazev</title>
            <author>Autor</author>
        </book>
        <book>
            <title>Nazev</title>
            <author>Autor</author>
        </book>
        <book>
            <title>Nazev</title>
            <author>Autor</author>
        </book>
        <book>
            <title>Nazev</title>
            <author>Autor</author>
        </book>
        <book>
            <title>Nazev</title>
            <author>Autor</author>
        </book>
        <book>
            <title>Nazev</title>
            <author>Autor</author>
        </book>
        <book>
            <title>Nazev</title>
            <author>Autor</author>
        </book>
        <book>
            <title>Nazev</title>
            <author>Autor</author>
        </book>
        <book>
            <title>Nazev</title>
            <author>Autor</author>
        </book>
        <book>
            <title>Nazev</title>
            <author>Autor</author>
        </book>
        <book>
            <title>Nazev</title>
            <author>Autor</author>
        </book>
        <book>
            <title>Nazev</title>
            <author>Autor</author>
        </book>
        <book>
            <title>Nazev</title>
            <author>Autor</author>
        </book>
        <book>
            <title>Nazev</title>
            <author>Autor</author>
        </book>
        <book>
            <title>Nazev</title>
            <author>Autor</author>
        </book>
        <book>
            <title>Nazev</title>
            <author>Autor</author>
        </book>
        <book>
            <title>Nazev</title>
            <author>Autor</author>
        </book>
        <book>
            <title>Nazev</title>
            <author>Autor</author>
        </book>
        <book>
            <title>Nazev</title>
            <author>Autor</author>
        </book>
        <book>
            <title>Nazev</title>
            <author>Autor</author>
        </book>
        <book>
            <title>Nazev</title>
            <author>Autor</author>
        </book>
        <book>
            <title>Nazev</title>
            <author>Autor</author>
        </book>
        <book>
            <title>Nazev</title>
            <author>Autor</author>
        </book>
        <book>
            <title>Nazev</title>
            <author>Autor</author>
        </book>
        <book>
            <title>Nazev</title>
            <author>Autor</author>
        </book>
        <book>
            <title>Nazev</title>
            <author>Autor</author>
        </book>
        <book>
            <title>Nazev</title>
            <author>Autor</author>
        </book>
        <book>
            <title>Nazev</title>
            <author>Autor</author>
        </book>
        <book>
            <title>Nazev</title>
            <author>Autor</author>
        </book>
        <book>
            <title>Nazev</title>
            <author>Autor</author>
        </book>
        <book>
            <title>Nazev</title>
            <author>Autor</author>
        </book>
        <book>
            <title>Nazev</title>
            <author>Autor</author>
        </book>
        <book>
            <title>Nazev</title>
            <author>Autor</author>
        </book>
        <book>
            <title>Nazev</title>
            <author>Autor</author>
        </book>
        <book>
            <title>Nazev</title>
            <author>Autor</author>
        </book>
        <book>
            <title>Nazev</title>
            <author>Autor</author>
        </book>
        <book>
            <title>Nazev</title>
            <author>Autor</author>
        </book>
        <book>
            <title>Nazev</title>
            <author>Autor</author>
        </book>
        <book>
            <title>Nazev</title>
            <author>Autor</author>
        </book>
        <book>
            <title>Nazev</title>
            <author>Autor</author>
        </book>
        <book>
            <title>Nazev</title>
            <author>Autor</author>
        </book>
        <book>
            <title>Nazev</title>
            <author>Autor</author>
        </book>
        <book>
            <title>Nazev</title>
            <author>Autor</author>
        </book>
        <book>
            <title>Nazev</title>
            <author>Autor</author>
        </book>
        <book>
            <title>Nazev</title>
            <author>Autor</author>
        </book>
        <book>
            <title>Nazev</title>
            <author>Autor</author>
        </book>
        <book>
            <title>Nazev</title>
            <author>Autor</author>
        </book>
        <book>
            <title>Nazev</title>
            <author>Autor</author>
        </book>
        <book>
            <title>Nazev</title>
            <author>Autor</author>
        </book>
        <book>
            <title>Nazev</title>
            <author>Autor</author>
        </book>
        <book>
            <title>Nazev</title>
            <author>Autor</author>
        </book>
        <book>
            <title>Nazev</title>
            <author>Autor</author>
        </book>
        <book>
            <title>Nazev</title>
            <author>Autor</author>
        </book>
        <book>
            <title>Nazev</title>
            <author>Autor</author>
        </book>
        <book>
            <title>Nazev</title>
            <author>Autor</author>
        </book>
        <book>
            <title>Nazev</title>
            <author>Autor</author>
        </book>
        <book>
            <title>Nazev</title>
            <author>Autor</author>
        </book>
        <book>
            <title>Nazev</title>
            <author>Autor</author>
        </book>
        <book>
            <title>Nazev</title>
            <author>Autor</author>
        </book>
        <book>
            <title>Nazev</title>
            <author>Autor</author>
        </book>
        <book>
            <title>Nazev</title>
            <author>Autor</author>
        </book>
        <book>
            <title>Nazev</title>
            <author>Autor</author>
        </book>
        <book>
            <title>Nazev</title>
            <author>Autor</author>
        </book>
        <book>
            <title>Nazev</title>
            <author>Autor</author>
        </book>
        <book>
            <title>Nazev</title>
            <author>Autor</author>
        </book>
        <book>
            <title>Nazev</title>
            <author>Autor</author>
        </book>
        <book>
            <title>Nazev</title>
            <author>Autor</author>
        </book>
        <book>
            <title>Nazev</title>
            <author>Autor</author>
        </book>
        <book>
            <title>Nazev</title>
            <author>Autor</author>
        </book>
        <book>
            <title>Nazev</title>
            <author>Autor</author>
        </book>
        <book>
            <title>Nazev</title>
            <author>Autor</author>
        </book>
        <book>
            <title>Nazev</title>
            <author>Autor</author>
        </book>
        <book>
            <title>Nazev</title>
            <author>Autor</author>
        </book>
        <book>
            <title>Nazev</title>
            <author>Autor</author>
        </book>
        <book>
            <title>Nazev</title>
            <author>Autor</author>
        </book>
        <book>
            <title>Nazev</title>
            <author>Autor</author>
        </book>
        <book>
            <title>Nazev</title>
            <author>Autor</author>
        </book>
        <book>
            <title>Nazev</title>
            <author>Autor</author>
        </book>
        <book>
            <title>Nazev</title>
            <author>Autor</author>
        </book>
        <book>
            <title>Nazev</title>
            <author>Autor</author>
        </book>
        <book>
            <title>Nazev</title>
            <author>Autor</author>
        </book>
        <book>
            <title>Nazev</title>
            <author>Autor</author>
        </book>
        <book>
            <title>Nazev</title>
            <author>Autor</author>
        </book>
        <book>
            <title>Nazev</title>
            <author>Autor</author>
        </book>
        <book>
            <title>Nazev</title>
            <author>Autor</author>
        </book>
        <book>
            <title>Nazev</title>
            <author>Autor</author>
        </book>
        <book>
            <title>Nazev</title>
            <author>Autor</author>
        </book>
        <book>
            <title>Nazev</title>
            <author>Autor</author>
        </book>
        <book>
            <title>Nazev</title>
            <author>Autor</author>
        </book>
        <book>
            <title>Nazev</title>
            <author>Autor</author>
        </book>
        <book>
            <title>Nazev</title>
            <author>Autor</author>
        </book>
        <book>
            <title>Nazev</title>
            <author>Autor</author>
        </book>
        <book>
            <title>Nazev</title>
            <author>Autor</author>
        </book>
        <book>
            <title>Nazev</title>
            <author>Autor</author>
        </book>
        <book>
            <title>Nazev</title>
            <author>Autor</author>
        </book>
        <book>
            <title>Nazev</title>
            <author>Autor</author>
        </book>
        <book>
            <title>Nazev</title>
            <author>Autor</author>
        </book>
        <book>
            <title>Nazev</title>
            <author>Autor</author>
        </book>
        <book>
            <title>Nazev</title>
            <author>Autor</author>
        </book>
        <book>
            <title>Nazev</title>
            <author>Autor</author>
        </book>
        <book>
            <title>Nazev</title>
            <author>Autor</author>
        </book>
        <book>
            <title>Nazev</title>
            <author>Autor</author>
        </book>
        <book>
            <title>Nazev</title>
            <author>Autor</author>
        </book>
        <book>
            <title>Nazev</title>
            <author>Autor</author>
        </book>
        <book>
            <title>Nazev</title>
            <author>Autor</author>
        </book>
        <book>
            <title>Nazev</title>
            <author>Autor</author>
        </book>
        <book>
            <title>Nazev</title>
            <author>Autor</author>
        </book>
        <book>
            <title>Nazev</title>
            <author>Autor</author>
        </book>
        <book>
            <title>Nazev</title>
            <author>Autor</author>
        </book>
        <book>
            <title>Nazev</title>
            <author>Autor</author>
        </book>
        <book>
            <title>Nazev</title>
            <author>Autor</author>
        </book>
        <book>
            <title>Nazev</title>
            <author>Autor</author>
        </book>
        <book>
            <title>Nazev</title>
            <author>Autor</author>
        </book>
        <book>
            <title>Nazev</title>
            <author>Autor</author>
        </book>
        <book>
            <title>Nazev</title>
            <author>Autor</author>
        </book>
        <book>
            <title>Nazev</title>
            <author>Autor</author>
        </book>
        <book>
            <title>Nazev</title>
            <author>Autor</author>
        </book>
        <book>
            <title>Nazev</title>
            <author>Autor</author>
        </book>
        <book>
            <title>Nazev</title>
            <author>Autor</author>
        </book>
        <book>
            <title>Nazev</title>
            <author>Autor</author>
        </book>
        <book>
            <title>Nazev</title>
            <author>Autor</author>
        </book>
        <book>
            <title>Nazev</title>
            <author>Autor</author>
        </book>
        <book>
            <title>Nazev</title>
            <author>Autor</author>
        </book>
        <book>
            <title>Nazev</title>
            <author>Autor</author>
        </book>
        <book>
            <title>Nazev</title>
            <author>Autor</author>
        </book>
        <book>
            <title>Nazev</title>
            <author>Autor</author>
        </book>
        <book>
            <title>Nazev</title>
            <author>Autor</author>
        </book>
        <book>
            <title>Nazev</title>
            <author>Autor</author>
        </book>
        <book>
            <title>Nazev</title>
            <author>Autor</author>
        </book>
        <book>
            <title>Nazev</title>
            <author>Autor</author>
        </book>
        <book>
            <title>Nazev</title>
            <author>Autor</author>
        </book>
        <book>
            <title>Nazev</title>
            <author>Autor</author>
        </book>
        <book>
            <title>Nazev</title>
            <author>Autor</author>
        </book>
        <book>
            <title>Nazev</title>
            <author>Autor</author>
        </book>
        <book>
            <title>Nazev</title>
            <author>Autor</author>
        </book>
        <book>
            <title>Nazev</title>
            <author>Autor</author>
        </book>
        <book>
            <title>Nazev</title>
            <author>Autor</author>
        </book>
        <book>
            <title>Nazev</title>
            <author>Autor</author>
        </book>
        <book>
            <title>Nazev</title>
            <author>Autor</author>
        </book>
        <book>
            <title>Nazev</title>
            <author>Autor</author>
        </book>
        <book>
            <title>Nazev</title>
            <author>Autor</author>
        </book>
        <book>
            <title>Nazev</title>
            <author>Autor</author>
        </book>
        <book>
            <title>Nazev</title>
            <author>Autor</author>
        </book>
        <book>
            <title>Nazev</title>
            <author>Autor</author>
        </book>
        <book>
            <title>Nazev</title>
            <author>Autor</author>
        </book>
        <book>
            <title>Nazev</title>
            <author>Autor</author>
        </book>
        <book>
            <title>Nazev</title>
            <author>Autor</author>
        </book>
        <book>
            <title>Nazev</title>
            <author>Autor</author>
        </book>
        <book>
            <title>Nazev</title>
            <author>Autor</author>
        </book>
        <book>
            <title>Nazev</title>
            <author>Autor</author>
        </book>
        <book>
            <title>Nazev</title>
            <author>Autor</author>
        </book>
        <book>
            <title>Nazev</title>
            <author>Autor</author>
        </book>
        <book>
            <title>Nazev</title>
            <author>Autor</author>
        </book>
        <book>
            <title>Nazev</title>
            <author>Autor</author>
        </book>
        <book>
            <title>Nazev</title>
            <author>Autor</author>
        </book>
        <book>
            <title>Nazev</title>
            <author>Autor</author>
        </book>
        <book>
            <title>Nazev</title>
            <author>Autor</author>
        </book>
        <book>
            <title>Nazev</title>
            <author>Autor</author>
        </book>
        <book>
            <title>Nazev</title>
            <author>Autor</author>
        </book>
        <book>
            <title>Nazev</title>
            <author>Autor</author>
        </book>
        <book>
            <title>Nazev</title>
            <author>Autor</author>
        </book>
        <book>
            <title>Nazev</title>
            <author>Autor</author>
        </book>
        <book>
            <title>Nazev</title>
            <author>Autor</author>
        </book>
        <book>
            <title>Nazev</title>
            <author>Autor</author>
        </book>
        <book>
            <title>Nazev</title>
            <author>Autor</author>
        </book>
        <book>
            <title>Nazev</title>
            <author>Autor</author>
        </book>
        <book>
            <title>Nazev</title>
            <author>Autor</author>
        </book>
        <book>
            <title>Nazev</title>
            <author>Autor</author>
        </book>
        <book>
            <title>Nazev</title>
            <author>Autor</author>
        </book>
        <book>
            <title>Nazev</title>
            <author>Autor</author>
        </book>
        <book>
            <title>Nazev</title>
            <author>Autor</author>
        </book>
        <book>
            <title>Nazev</title>
            <author>Autor</author>
        </book>
        <book>
            <title>Nazev</title>
            <author>Autor</author>
        </book>
        <book>
            <title>Nazev</title>
            <author>Autor</author>
        </book>
        <book>
            <title>Nazev</title>
            <author>Autor</author>
        </book>
        <book>
            <title>Nazev</title>
            <author>Autor</author>
        </book>
        <book>
            <title>Nazev</title>
            <author>Autor</author>
        </book>
        <book>
            <title>Nazev</title>
            <author>Autor</author>
        </book>
        <book>
            <title>Nazev</title>
            <author>Autor</author>
        </book>
        <book>
            <title>Nazev</title>
            <author>Autor</author>
        </book>
        <book>
            <title>Nazev</title>
            <author>Autor</author>
        </book>
        <book>
            <title>Nazev</title>
            <author>Autor</author>
        </book>
        <book>
            <title>Nazev</title>
            <author>Autor</author>
        </book>
        <book>
            <title>Nazev</title>
            <author>Autor</author>
        </book>
        <book>
            <title>Nazev</title>
            <author>Autor</author>
        </book>
        <book>
            <title>Nazev</title>
            <author>Autor</author>
        </book>
        <book>
            <title>Nazev</title>
            <author>Autor</author>
        </book>
        <book>
            <title>Nazev</title>
            <author>Autor</author>
        </book>
        <book>
            <title>Nazev</title>
            <author>Autor</author>
        </book>
        <book>
            <title>Nazev</title>
            <author>Autor</author>
        </book>
        <book>
            <title>Nazev</title>
            <author>Autor</author>
        </book>
        <book>
            <title>Nazev</title>
            <author>Autor</author>
        </book>
        <book>
            <title>Nazev</title>
            <author>Autor</author>
        </book>
        <book>
            <title>Nazev</title>
            <author>Autor</author>
        </book>
        <book>
            <title>Nazev</title>
            <author>Autor</author>
        </book>
        <book>
            <title>Nazev</title>
            <author>Autor</author>
        </book>
        <book>
            <title>Nazev</title>
            <author>Autor</author>
        </book>
        <book>
            <title>Nazev</title>
            <author>Autor</author>
        </book>
        <book>
            <title>Nazev</title>
            <author>Autor</author>
        </book>
        <book>
            <title>Nazev</title>
            <author>Autor</author>
        </book>
        <book>
            <title>Nazev</title>
            <author>Autor</author>
        </book>
        <book>
            <title>Nazev</title>
            <author>Autor</author>
        </book>
        <book>
            <title>Nazev</title>
            <author>Autor</author>
        </book>
        <book>
            <title>Nazev</title>
            <author>Autor</author>
        </book>
        <book>
            <title>Nazev</title>
            <author>Autor</author>
        </book>
        <book>
            <title>Nazev</title>
            <author>Autor</author>
        </book>
        <book>
            <title>Nazev</title>
            <author>Autor</author>
        </book>
        <book>
            <title>Nazev</title>
            <author>Autor</author>
        </book>
        <book>
            <title>Nazev</title>
            <author>Autor</author>
        </book>
        <book>
            <title>Nazev</title>
            <author>Autor</author>
        </book>
        <book>
            <title>Nazev</title>
            <author>Autor</author>
        </book>
        <book>
            <title>Nazev</title>
            <author>Autor</author>
        </book>
        <book>
            <title>Nazev</title>
            <author>Autor</author>
        </book>
        <book>
            <title>Nazev</title>
            <author>Autor</author>
        </book>
        <book>
            <title>Nazev</title>
            <author>Autor</author>
        </book>
        <book>
            <title>Nazev</title>
            <author>Autor</author>
        </book>
        <book>
            <title>Nazev</title>
            <author>Autor</author>
        </book>
        <book>
            <title>Nazev</title>
            <author>Autor</author>
        </book>
        <book>
            <title>Nazev</title>
            <author>Autor</author>
        </book>
        <book>
            <title>Nazev</title>
            <author>Autor</author>
        </book>
        <book>
            <title>Nazev</title>
            <author>Autor</author>
        </book>
        <book>
            <title>Nazev</title>
            <author>Autor</author>
        </book>
        <book>
            <title>Nazev</title>
            <author>Autor</author>
        </book>
        <book>
            <title>Nazev</title>
            <author>Autor</author>
        </book>
        <book>
            <title>Nazev</title>
            <author>Autor</author>
        </book>
        <book>
            <title>Nazev</title>
            <author>Autor</author>
        </book>
        <book>
            <title>Nazev</title>
            <author>Autor</author>
        </book>
        <book>
            <title>Nazev</title>
            <author>Autor</author>
        </book>
        <book>
            <title>Nazev</title>
            <author>Autor</author>
        </book>
        <book>
            <title>Nazev</title>
            <author>Autor</author>
        </book>
        <book>
            <title>Nazev</title>
            <author>Autor</author>
        </book>
        <book>
            <title>Nazev</title>
            <author>Autor</author>
        </book>
        <book>
            <title>Nazev</title>
            <author>Autor</author>
        </book>
        <book>
            <title>Nazev</title>
            <author>Autor</author>
        </book>
        <book>
            <title>Nazev</title>
            <author>Autor</author>
        </book>
        <book>
            <title>Nazev</title>
            <author>Autor</author>
        </book>
        <book>
            <title>Nazev</title>
            <author>Autor</author>
        </book>
        <book>
            <title>Nazev</title>
            <author>Autor</author>
        </book>
        <book>
            <title>Nazev</title>
            <author>Autor</author>
        </book>
        <book>
            <title>Nazev</title>
            <author>Autor</author>
        </book>
        <book>
            <title>Nazev</title>
            <author>Autor</author>
        </book>
        <book>
            <title>Nazev</title>
            <author>Autor</author>
        </book>
        <book>
            <title>Nazev</title>
            <author>Autor</author>
        </book>
        <book>
            <title>Nazev</title>
            <author>Autor</author>
        </book>
        <book>
            <title>Nazev</title>
            <author>Autor</author>
        </book>
        <book>
            <title>Nazev</title>
            <author>Autor</author>
        </book>
        <book>
            <title>Nazev</title>
            <author>Autor</author>
        </book>
        <book>
            <title>Nazev</title>
            <author>Autor</author>
        </book>
        <book>
            <title>Nazev</title>
            <author>Autor</author>
        </book>
        <book>
            <title>Nazev</title>
            <author>Autor</author>
        </book>
        <book>
            <title>Nazev</title>
            <author>Autor</author>
        </book>
        <book>
            <title>Nazev</title>
            <author>Autor</author>
        </book>
        <book>
            <title>Nazev</title>
            <author>Autor</author>
        </book>
        <book>
            <title>Nazev</title>
            <author>Autor</author>
        </book>
        <book>
            <title>Nazev</title>
            <author>Autor</author>
        </book>
        <book>
            <title>Nazev</title>
            <author>Autor</author>
        </book>
        <book>
            <title>Nazev</title>
            <author>Autor</author>
        </book>
        <book>
            <title>Nazev</title>
            <author>Autor</author>
        </book>
        <book>
            <title>Nazev</title>
            <author>Autor</author>
        </book>
        <book>
            <title>Nazev</title>
            <author>Autor</author>
        </book>
        <book>
            <title>Nazev</title>
            <author>Autor</author>
        </book>
        <book>
            <title>Nazev</title>
            <author>Autor</author>
        </book>
        <book>
            <title>Nazev</title>
            <author>Autor</author>
        </book>
        <book>
            <title>Nazev</title>
            <author>Autor</author>
        </book>
        <book>
            <title>Nazev</title>
            <author>Autor</author>
        </book>
        <book>
            <title>Nazev</title>
            <author>Autor</author>
        </book>
        <book>
            <title>Nazev</title>
            <author>Autor</author>
        </book>
        <book>
            <title>Nazev</title>
            <author>Autor</author>
        </book>
        <book>
            <title>Nazev</title>
            <author>Autor</author>
        </book>
        <book>
            <title>Nazev</title>
            <author>Autor</author>
        </book>
        <book>
            <title>Nazev</title>
            <author>Autor</author>
        </book>
        <book>
            <title>Nazev</title>
            <author>Autor</author>
        </book>
        <book>
            <title>Nazev</title>
            <author>Autor</author>
        </book>
        <book>
            <title>Nazev</title>
            <author>Autor</author>
        </book>
        <book>
            <title>Nazev</title>
            <author>Autor</author>
        </book>
        <book>
            <title>Nazev</title>
            <author>Autor</author>
        </book>
        <book>
            <title>Nazev</title>
            <author>Autor</author>
        </book>
        <book>
            <title>Nazev</title>
            <author>Autor</author>
        </book>
        <book>
            <title>Nazev</title>
            <author>Autor</author>
        </book>
        <book>
            <title>Nazev</title>
            <author>Autor</author>
        </book>
        <book>
            <title>Nazev</title>
            <author>Autor</author>
        </book>
        <book>
            <title>Nazev</title>
            <author>Autor</author>
        </book>
        <book>
            <title>Nazev</title>
            <author>Autor</author>
        </book>
        <book>
            <title>Nazev</title>
            <author>Autor</author>
        </book>
        <book>
            <title>Nazev</title>
            <author>Autor</author>
        </book>
        <book>
            <title>Nazev</title>
            <author>Autor</author>
        </book>
        <book>
            <title>Nazev</title>
            <author>Autor</author>
        </book>
        <book>
            <title>Nazev</title>
            <author>Autor</author>
        </book>
        <book>
            <title>Nazev</title>
            <author>Autor</author>
        </book>
        <book>
            <title>Nazev</title>
            <author>Autor</author>
        </book>
        <book>
            <title>Nazev</title>
            <author>Autor</author>
        </book>
        <book>
            <title>Nazev</title>
            <author>Autor</author>
        </book>
        <book>
            <title>Nazev</title>
            <author>Autor</author>
        </book>
        <book>
            <title>Nazev</title>
            <author>Autor</author>
        </book>
        <book>
            <title>Nazev</title>
            <author>Autor</author>
        </book>
        <book>
            <title>Nazev</title>
            <author>Autor</author>
        </book>
        <book>
            <title>Nazev</title>
            <author>Autor</author>
        </book>
        <book>
            <title>Nazev</title>
            <author>Autor</author>
        </book>
        <book>
            <title>Nazev</title>
            <author>Autor</author>
        </book>
        <book>
            <title>Nazev</title>
            <author>Autor</author>
        </book>
        <book>
            <title>Nazev</title>
            <author>Autor</author>
        </book>
        <book>
            <title>Nazev</title>
            <author>Autor</author>
        </book>
        <book>
            <title>Nazev</title>
            <author>Autor</author>
        </book>
        <book>
            <title>Nazev</title>
            <author>Autor</author>
        </book>
        <book>
            <title>Nazev</title>
            <author>Autor</author>
        </book>
        <book>
            <title>Nazev</title>
            <author>Autor</author>
        </book>
        <book>
            <title>Nazev</title>
            <author>Autor</author>
        </book>
        <book>
            <title>Nazev</title>
            <author>Autor</author>
        </book>
        <book>
            <title>Nazev</title>
            <author>Autor</author>
        </book>
        <book>
            <title>Nazev</title>
            <author>Autor</author>
        </book>
        <book>
            <title>Nazev</title>
            <author>Autor</author>
        </book>
        <book>
            <title>Nazev</title>
            <author>Autor</author>
        </book>
        <book>
            <title>Nazev</title>
            <author>Autor</author>
        </book>
        <book>
            <title>Nazev</title>
            <author>Autor</author>
        </book>
        <book>
            <title>Nazev</title>
            <author>Autor</author>
        </book>
        <book>
            <title>Nazev</title>
            <author>Autor</author>
        </book>
        <book>
            <title>Nazev</title>
            <author>Autor</author>
        </book>
        <book>
            <title>Nazev</title>
            <author>Autor</author>
        </book>
        <book>
            <title>Nazev</title>
            <author>Autor</author>
        </book>
        <book>
            <title>Nazev</title>
            <author>Autor</author>
        </book>
        <book>
            <title>Nazev</title>
            <author>Autor</author>
        </book>
        <book>
            <title>Nazev</title>
            <author>Autor</author>
        </book>
        <book>
            <title>Nazev</title>
            <author>Autor</author>
        </book>
        <book>
            <title>Nazev</title>
            <author>Autor</author>
        </book>
        <book>
            <title>Nazev</title>
            <author>Autor</author>
        </book>
        <book>
            <title>Nazev</title>
            <author>Autor</author>
        </book>
        <book>
            <title>Nazev</title>
            <author>Autor</author>
        </book>
        <book>
            <title>Nazev</title>
            <author>Autor</author>
        </book>
        <book>
            <title>Nazev</title>
            <author>Autor</author>
        </book>
        <book>
            <title>Nazev</title>
            <author>Autor</author>
        </book>
        <book>
            <title>Nazev</title>
            <author>Autor</author>
        </book>
        <book>
            <title>Nazev</title>
            <author>Autor</author>
        </book>
        <book>
            <title>Nazev</title>
            <author>Autor</author>
        </book>
        <book>
            <title>Nazev</title>
            <author>Autor</author>
        </book>
        <book>
            <title>Nazev</title>
            <author>Autor</author>
        </book>
        <book>
            <title>Nazev</title>
            <author>Autor</author>
        </book>
        <book>
            <title>Nazev</title>
            <author>Autor</author>
        </book>
        <book>
            <title>Nazev</title>
            <author>Autor</author>
        </book>
        <book>
            <title>Nazev</title>
            <author>Autor</author>
        </book>
        <book>
            <title>Nazev</title>
            <author>Autor</author>
        </book>
        <book>
            <title>Nazev</title>
            <author>Autor</author>
        </book>
        <book>
            <title>Nazev</title>
            <author>Autor</author>
        </book>
        <book>
            <title>Nazev</title>
            <author>Autor</author>
        </book>
        <book>
            <title>Nazev</title>
            <author>Autor</author>
        </book>
        <book>
            <title>Nazev</title>
            <author>Autor</author>
        </book>
        <book>
            <title>Nazev</title>
            <author>Autor</author>
        </book>
        <book>
            <title>Nazev</title>
            <author>Autor</author>
        </book>
        <book>
            <title>Nazev</title>
            <author>Autor</author>
        </book>
        <book>
            <title>Nazev</title>
            <author>Autor</author>
        </book>
        <book>
            <title>Nazev</title>
            <author>Autor</author>
        </book>
        <book>
            <title>Nazev</title>
            <author>Autor</author>
        </book>
        <book>
            <title>Nazev</title>
            <author>Autor</author>
        </book>
        <book>
            <title>Nazev</title>
            <author>Autor</author>
        </book>
        <book>
            <title>Nazev</title>
            <author>Autor</author>
        </book>
        <book>
            <title>Nazev</title>
            <author>Autor</author>
        </book>
        <book>
            <title>Nazev</title>
            <author>Autor</author>
        </book>
        <book>
            <title>Nazev</title>
            <author>Autor</author>
        </book>
        <book>
            <title>Nazev</title>
            <author>Autor</author>
        </book>
        <book>
            <title>Nazev</title>
            <author>Autor</author>
        </book>
        <book>
            <title>Nazev</title>
            <author>Autor</author>
        </book>
        <book>
            <title>Nazev</title>
            <author>Autor</author>
        </book>
        <book>
            <title>Nazev</title>
            <author>Autor</author>
        </book>
        <book>
            <title>Nazev</title>
            <author>Autor</author>
        </book>
        <book>
            <title>Nazev</title>
            <author>Autor</author>
        </book>
        <book>
            <title>Nazev</title>
            <author>Autor</author>
        </book>
        <book>
            <title>Nazev</title>
            <author>Autor</author>
        </book>
        <book>
            <title>Nazev</title>
            <author>Autor</author>
        </book>
        <book>
            <title>Nazev</title>
            <author>Autor</author>
        </book>
        <book>
            <title>Nazev</title>
            <author>Autor</author>
        </book>
        <book>
            <title>Nazev</title>
            <author>Autor</author>
        </book>
        <book>
            <title>Nazev</title>
            <author>Autor</author>
        </book>
        <book>
            <title>Nazev</title>
            <author>Autor</author>
        </book>
        <book>
            <title>Nazev</title>
            <author>Autor</author>
        </book>
        <book>
            <title>Nazev</title>
            <author>Autor</author>
        </book>
        <book>
            <title>Nazev</title>
            <author>Autor</author>
        </book>
        <book>
            <title>Nazev</title>
            <author>Autor</author>
        </book>
        <book>
            <title>Nazev</title>
            <author>Autor</author>
        </book>
        <book>
            <title>Nazev</title>
            <author>Autor</author>
        </book>
        <book>
            <title>Nazev</title>
            <author>Autor</author>
        </book>
        <book>
            <title>Nazev</title>
            <author>Autor</author>
        </book>
        <book>
            <title>Nazev</title>
            <author>Autor</author>
        </book>
        <book>
            <title>Nazev</title>
            <author>Autor</author>
        </book>
        <book>
            <title>Nazev</title>
            <author>Autor</author>
        </book>
        <book>
            <title>Nazev</title>
            <author>Autor</author>
        </book>
        <book>
            <title>Nazev</title>
            <author>Autor</author>
        </book>
        <book>
            <title>Nazev</title>
            <author>Autor</author>
        </book>
        <book>
            <title>Nazev</title>
            <author>Autor</author>
        </book>
        <book>
            <title>Nazev</title>
            <author>Autor</author>
        </book>
        <book>
            <title>Nazev</title>
            <author>Autor</author>
        </book>
        <book>
            <title>Nazev</title>
            <author>Autor</author>
        </book>
        <book>
            <title>Nazev</title>
            <author>Autor</author>
        </book>
        <book>
            <title>Nazev</title>
            <author>Autor</author>
        </book>
        <book>
            <title>Nazev</title>
            <author>Autor</author>
        </book>
        <book>
            <title>Nazev</title>
            <author>Autor</author>
        </book>
        <book>
            <title>Nazev</title>
            <author>Autor</author>
        </book>
        <book>
            <title>Nazev</title>
            <author>Autor</author>
        </book>
        <book>
            <title>Nazev</title>
            <author>Autor</author>
        </book>
        <book>
            <title>Nazev</title>
            <author>Autor</author>
        </book>
        <book>
            <title>Nazev</title>
            <author>Autor</author>
        </book>
        <book>
            <title>Nazev</title>
            <author>Autor</author>
        </book>
        <book>
            <title>Nazev</title>
            <author>Autor</author>
        </book>
        <book>
            <title>Nazev</title>
            <author>Autor</author>
        </book>
        <book>
            <title>Nazev</title>
            <author>Autor</author>
        </book>
        <book>
            <title>Nazev</title>
            <author>Autor</author>
        </book>
        <book>
            <title>Nazev</title>
            <author>Autor</author>
        </book>
        <book>
            <title>Nazev</title>
            <author>Autor</author>
        </book>
        <book>
            <title>Nazev</title>
            <author>Autor</author>
        </book>
        <book>
            <title>Nazev</title>
            <author>Autor</author>
        </book>
        <book>
            <title>Nazev</title>
            <author>Autor</author>
        </book>
        <book>
            <title>Nazev</title>
            <author>Autor</author>
        </book>
        <book>
            <title>Nazev</title>
            <author>Autor</author>
        </book>
        <book>
            <title>Nazev</title>
            <author>Autor</author>
        </book>
        <book>
            <title>Nazev</title>
            <author>Autor</author>
        </book>
        <book>
            <title>Nazev</title>
            <author>Autor</author>
        </book>
        <book>
            <title>Nazev</title>
            <author>Autor</author>
        </book>
        <book>
            <title>Nazev</title>
            <author>Autor</author>
        </book>
        <book>
            <title>Nazev</title>
            <author>Autor</author>
        </book>
        <book>
            <title>Nazev</title>
            <author>Autor</author>
        </book>
        <book>
            <title>Nazev</title>
            <author>Autor</author>
        </book>
        <book>
            <title>Nazev</title>
            <author>Autor</author>
        </book>
        <book>
            <title>Nazev</title>
            <author>Autor</author>
        </book>
        <book>
            <title>Nazev</title>
            <author>Autor</author>
        </book>
        <book>
            <title>Nazev</title>
            <author>Autor</author>
        </book>
        <book>
            <title>Nazev</title>
            <author>Autor</author>
        </book>
        <book>
            <title>Nazev</title>
            <author>Autor</author>
        </book>
        <book>
            <title>Nazev</title>
            <author>Autor</author>
        </book>
        <book>
            <title>Nazev</title>
            <author>Autor</author>
        </book>
        <book>
            <title>Nazev</title>
            <author>Autor</author>
        </book>
        <book>
            <title>Nazev</title>
            <author>Autor</author>
        </book>
        <book>
            <title>Nazev</title>
            <author>Autor</author>
        </book>
        <book>
            <title>Nazev</title>
            <author>Autor</author>
        </book>
        <book>
            <title>Nazev</title>
            <author>Autor</author>
        </book>
        <book>
            <title>Nazev</title>
            <author>Autor</author>
        </book>
        <book>
            <title>Nazev</title>
            <author>Autor</author>
        </book>
        <book>
            <title>Nazev</title>
            <author>Autor</author>
        </book>
        <book>
            <title>Nazev</title>
            <author>Autor</author>
        </book>
        <book>
            <title>Nazev</title>
            <author>Autor</author>
        </book>
        <book>
            <title>Nazev</title>
            <author>Autor</author>
        </book>
        <book>
            <title>Nazev</title>
            <author>Autor</author>
        </book>
        <book>
            <title>Nazev</title>
            <author>Autor</author>
        </book>
        <book>
            <title>Nazev</title>
            <author>Autor</author>
        </book>
        <book>
            <title>Nazev</title>
            <author>Autor</author>
        </book>
        <book>
            <title>Nazev</title>
            <author>Autor</author>
        </book>
        <book>
            <title>Nazev</title>
            <author>Autor</author>
        </book>
        <book>
            <title>Nazev</title>
            <author>Autor</author>
        </book>
        <book>
            <title>Nazev</title>
            <author>Autor</author>
        </book>
        <book>
            <title>Nazev</title>
            <author>Autor</author>
        </book>
        <book>
            <title>Nazev</title>
            <author>Autor</author>
        </book>
        <book>
            <title>Nazev</title>
            <author>Autor</author>
        </book>
        <book>
            <title>Nazev</title>
            <author>Autor</author>
        </book>
        <book>
            <title>Nazev</title>
            <author>Autor</author>
        </book>
        <book>
            <title>Nazev</title>
            <author>Autor</author>
        </book>
        <book>
            <title>Nazev</title>
            <author>Autor</author>
        </book>
        <book>
            <title>Nazev</title>
            <author>Autor</author>
        </book>
        <book>
            <title>Nazev</title>
            <author>Autor</author>
        </book>
        <book>
            <title>Nazev</title>
            <author>Autor</author>
        </book>
        <book>
            <title>Nazev</title>
            <author>Autor</author>
        </book>
        <book>
            <title>Nazev</title>
            <author>Autor</author>
        </book>
        <book>
            <title>Nazev</title>
            <author>Autor</author>
        </book>
        <book>
            <title>Nazev</title>
            <author>Autor</author>
        </book>
        <book>
            <title>Nazev</title>
            <author>Autor</author>
        </book>
        <book>
            <title>Nazev</title>
            <author>Autor</author>
        </book>
        <book>
            <title>Nazev</title>
            <author>Autor</author>
        </book>
        <book>
            <title>Nazev</title>
            <author>Autor</author>
        </book>
        <book>
            <title>Nazev</title>
            <author>Autor</author>
        </book>
        <book>
            <title>Nazev</title>
            <author>Autor</author>
        </book>
        <book>
            <title>Nazev</title>
            <author>Autor</author>
        </book>
        <book>
            <title>Nazev</title>
            <author>Autor</author>
        </book>
        <book>
            <title>Nazev</title>
            <author>Autor</author>
        </book>
        <book>
            <title>Nazev</title>
            <author>Autor</author>
        </book>
        <book>
            <title>Nazev</title>
            <author>Autor</author>
        </book>
        <book>
            <title>Nazev</title>
            <author>Autor</author>
        </book>
        <book>
            <title>Nazev</title>
            <author>Autor</author>
        </book>
        <book>
            <title>Nazev</title>
            <author>Autor</author>
        </book>
        <book>
            <title>Nazev</title>
            <author>Autor</author>
        </book>
        <book>
            <title>Nazev</title>
            <author>Autor</author>
        </book>
        <book>
            <title>Nazev</title>
            <author>Autor</author>
        </book>
        <book>
            <title>Nazev</title>
            <author>Autor</author>
        </book>
        <book>
            <title>Nazev</title>
            <author>Autor</author>
        </book>
        <book>
            <title>Nazev</title>
            <author>Autor</author>
        </book>
        <book>
            <title>Nazev</title>
            <author>Autor</author>
        </book>
        <book>
            <title>Nazev</title>
            <author>Autor</author>
        </book>
        <book>
            <title>Nazev</title>
            <author>Autor</author>
        </book>
        <book>
            <title>Nazev</title>
            <author>Autor</author>
        </book>
        <book>
            <title>Nazev</title>
            <author>Autor</author>
        </book>
        <book>
            <title>Nazev</title>
            <author>Autor</author>
        </book>
        <book>
            <title>Nazev</title>
            <author>Autor</author>
        </book>
        <book>
            <title>Nazev</title>
            <author>Autor</author>
        </book>
        <book>
            <title>Nazev</title>
            <author>Autor</author>
        </book>
        <book>
            <title>Nazev</title>
            <author>Autor</author>
        </book>
        <book>
            <title>Nazev</title>
            <author>Autor</author>
        </book>
        <book>
            <title>Nazev</title>
            <author>Autor</author>
        </book>
        <book>
            <title>Nazev</title>
            <author>Autor</author>
        </book>
        <book>
            <title>Nazev</title>
            <author>Autor</author>
        </book>
        <book>
            <title>Nazev</title>
            <author>Autor</author>
        </book>
        <book>
            <title>Nazev</title>
            <author>Autor</author>
        </book>
        <book>
            <title>Nazev</title>
            <author>Autor</author>
        </book>
        <book>
            <title>Nazev</title>
            <author>Autor</author>
        </book>
        <book>
            <title>Nazev</title>
            <author>Autor</author>
        </book>
        <book>
            <title>Nazev</title>
            <author>Autor</author>
        </book>
        <book>
            <title>Nazev</title>
            <author>Autor</author>
        </book>
        <book>
            <title>Nazev</title>
            <author>Autor</author>
        </book>
        <book>
            <title>Nazev</title>
            <author>Autor</author>
        </book>
        <book>
            <title>Nazev</title>
            <author>Autor</author>
        </book>
        <book>
            <title>Nazev</title>
            <author>Autor</author>
        </book>
        <book>
            <title>Nazev</title>
            <author>Autor</author>
        </book>
        <book>
            <title>Nazev</title>
            <author>Autor</author>
        </book>
        <book>
            <title>Nazev</title>
            <author>Autor</author>
        </book>
        <book>
            <title>Nazev</title>
            <author>Autor</author>
        </book>
        <book>
            <title>Nazev</title>
            <author>Autor</author>
        </book>
        <book>
            <title>Nazev</title>
            <author>Autor</author>
        </book>
        <book>
            <title>Nazev</title>
            <author>Autor</author>
        </book>
        <book>
            <title>Nazev</title>
            <author>Autor</author>
        </book>
        <book>
            <title>Nazev</title>
            <author>Autor</author>
        </book>
        <book>
            <title>Nazev</title>
            <author>Autor</author>
        </book>
        <book>
            <title>Nazev</title>
            <author>Autor</author>
        </book>
        <book>
            <title>Nazev</title>
            <author>Autor</author>
        </book>
        <book>
            <title>Nazev</title>
            <author>Autor</author>
        </book>
        <book>
            <title>Nazev</title>
            <author>Autor</author>
        </book>
        <book>
            <title>Nazev</title>
            <author>Autor</author>
        </book>
        <book>
            <title>Nazev</title>
            <author>Autor</author>
        </book>
        <book>
            <title>Nazev</title>
            <author>Autor</author>
        </book>
        <book>
            <title>Nazev</title>
            <author>Autor</author>
        </book>
        <book>
            <title>Nazev</title>
            <author>Autor</author>
        </book>
        <book>
            <title>Nazev</title>
            <author>Autor</author>
        </book>
        <book>
            <title>Nazev</title>
            <author>Autor</author>
        </book>
        <book>
            <title>Nazev</title>
            <author>Autor</author>
        </book>
        <book>
            <title>Nazev</title>
            <author>Autor</author>
        </book>
        <book>
            <title>Nazev</title>
            <author>Autor</author>
        </book>
        <book>
            <title>Nazev</title>
            <author>Autor</author>
        </book>
        <book>
            <title>Nazev</title>
            <author>Autor</author>
        </book>
        <book>
            <title>Nazev</title>
            <author>Autor</author>
        </book>
        <book>
            <title>Nazev</title>
            <author>Autor</author>
        </book>
        <book>
            <title>Nazev</title>
            <author>Autor</author>
        </book>
        <book>
            <title>Nazev</title>
            <author>Autor</author>
        </book>
        <book>
            <title>Nazev</title>
            <author>Autor</author>
        </book>
        <book>
            <title>Nazev</title>
            <author>Autor</author>
        </book>
        <book>
            <title>Nazev</title>
            <author>Autor</author>
        </book>
        <book>
            <title>Nazev</title>
            <author>Autor</author>
        </book>
        <book>
            <title>Nazev</title>
            <author>Autor</author>
        </book>
        <book>
            <title>Nazev</title>
            <author>Autor</author>
        </book>
        <book>
            <title>Nazev</title>
            <author>Autor</author>
        </book>
        <book>
            <title>Nazev</title>
            <author>Autor</author>
        </book>
        <book>
            <title>Nazev</title>
            <author>Autor</author>
        </book>
        <book>
            <title>Nazev</title>
            <author>Autor</author>
        </book>
        <book>
            <title>Nazev</title>
            <author>Autor</author>
        </book>
        <book>
            <title>Nazev</title>
            <author>Autor</author>
        </book>
        <book>
            <title>Nazev</title>
            <author>Autor</author>
        </book>
        <book>
            <title>Nazev</title>
            <author>Autor</author>
        </book>
        <book>
            <title>Nazev</title>
            <author>Autor</author>
        </book>
        <book>
            <title>Nazev</title>
            <author>Autor</author>
        </book>
        <book>
            <title>Nazev</title>
            <author>Autor</author>
        </book>
        <book>
            <title>Nazev</title>
            <author>Autor</author>
        </book>
        <book>
            <title>Nazev</title>
            <author>Autor</author>
        </book>
        <book>
            <title>Nazev</title>
            <author>Autor</author>
        </book>
        <book>
            <title>Nazev</title>
            <author>Autor</author>
        </book>
        <book>
            <title>Nazev</title>
            <author>Autor</author>
        </book>
        <book>
            <title>Nazev</title>
            <author>Autor</author>
        </book>
        <book>
            <title>Nazev</title>
            <author>Autor</author>
        </book>
        <book>
            <title>Nazev</title>
            <author>Autor</author>
        </book>
        <book>
            <title>Nazev</title>
            <author>Autor</author>
        </book>
        <book>
            <title>Nazev</title>
            <author>Autor</author>
        </book>
        <book>
            <title>Nazev</title>
            <author>Autor</author>
        </book>
        <book>
            <title>Nazev</title>
            <author>Autor</author>
        </book>
        <book>
            <title>Nazev</title>
            <author>Autor</author>
        </book>
        <book>
            <title>Nazev</title>
            <author>Autor</author>
        </book>
        <book>
            <title>Nazev</title>
            <author>Autor</author>
        </book>
        <book>
            <title>Nazev</title>
            <author>Autor</author>
        </book>
        <book>
            <title>Nazev</title>
            <author>Autor</author>
        </book>
        <book>
            <title>Nazev</title>
            <author>Autor</author>
        </book>
        <book>
            <title>Nazev</title>
            <author>Autor</author>
        </book>
        <book>
            <title>Nazev</title>
            <author>Autor</author>
        </book>
        <book>
            <title>Nazev</title>
            <author>Autor</author>
        </book>
        <book>
            <title>Nazev</title>
            <author>Autor</author>
        </book>
        <book>
            <title>Nazev</title>
            <author>Autor</author>
        </book>
        <book>
            <title>Nazev</title>
            <author>Autor</author>
        </book>
        <book>
            <title>Nazev</title>
            <author>Autor</author>
        </book>
        <book>
            <title>Nazev</title>
            <author>Autor</author>
        </book>
        <book>
            <title>Nazev</title>
            <author>Autor</author>
        </book>
        <book>
            <title>Nazev</title>
            <author>Autor</author>
        </book>
        <book>
            <title>Nazev</title>
            <author>Autor</author>
        </book>
        <book>
            <title>Nazev</title>
            <author>Autor</author>
        </book>
        <book>
            <title>Nazev</title>
            <author>Autor</author>
        </book>
        <book>
            <title>Nazev</title>
            <author>Autor</author>
        </book>
        <book>
            <title>Nazev</title>
            <author>Autor</author>
        </book>
        <book>
            <title>Nazev</title>
            <author>Autor</author>
        </book>
        <book>
            <title>Nazev</title>
            <author>Autor</author>
        </book>
        <book>
            <title>Nazev</title>
            <author>Autor</author>
        </book>
        <book>
            <title>Nazev</title>
            <author>Autor</author>
        </book>
        <book>
            <title>Nazev</title>
            <author>Autor</author>
        </book>
        <book>
            <title>Nazev</title>
            <author>Autor</author>
        </book>
        <book>
            <title>Nazev</title>
            <author>Autor</author>
        </book>
        <book>
            <title>Nazev</title>
            <author>Autor</author>
        </book>
        <book>
            <title>Nazev</title>
            <author>Autor</author>
        </book>
        <book>
            <title>Nazev</title>
            <author>Autor</author>
        </book>
        <book>
            <title>Nazev</title>
            <author>Autor</author>
        </book>
        <book>
            <title>Nazev</title>
            <author>Autor</author>
        </book>
        <book>
            <title>Nazev</title>
            <author>Autor</author>
        </book>
        <book>
            <title>Nazev</title>
            <author>Autor</author>
        </book>
        <book>
            <title>Nazev</title>
            <author>Autor</author>
        </book>
        <book>
            <title>Nazev</title>
            <author>Autor</author>
        </book>
        <book>
            <title>Nazev</title>
            <author>Autor</author>
        </book>
        <book>
            <title>Nazev</title>
            <author>Autor</author>
        </book>
        <book>
            <title>Nazev</title>
            <author>Autor</author>
        </book>
        <book>
            <title>Nazev</title>
            <author>Autor</author>
        </book>
        <book>
            <title>Nazev</title>
            <author>Autor</author>
        </book>
        <book>
            <title>Nazev</title>
            <author>Autor</author>
        </book>
        <book>
            <title>Nazev</title>
            <author>Autor</author>
        </book>
        <book>
            <title>Nazev</title>
            <author>Autor</author>
        </book>
        <book>
            <title>Nazev</title>
            <author>Autor</author>
        </book>
        <book>
            <title>Nazev</title>
            <author>Autor</author>
        </book>
        <book>
            <title>Nazev</title>
            <author>Autor</author>
        </book>
        <book>
            <title>Nazev</title>
            <author>Autor</author>
        </book>
        <book>
            <title>Nazev</title>
            <author>Autor</author>
        </book>
        <book>
            <title>Nazev</title>
            <author>Autor</author>
        </book>
        <book>
            <title>Nazev</title>
            <author>Autor</author>
        </book>
        <book>
            <title>Nazev</title>
            <author>Autor</author>
        </book>
        <book>
            <title>Nazev</title>
            <author>Autor</author>
        </book>
        <book>
            <title>Nazev</title>
            <author>Autor</author>
        </book>
        <book>
            <title>Nazev</title>
            <author>Autor</author>
        </book>
        <book>
            <title>Nazev</title>
            <author>Autor</author>
        </book>
        <book>
            <title>Nazev</title>
            <author>Autor</author>
        </book>
        <book>
            <title>Nazev</title>
            <author>Autor</author>
        </book>
        <book>
            <title>Nazev</title>
            <author>Autor</author>
        </book>
        <book>
            <title>Nazev</title>
            <author>Autor</author>
        </book>
        <book>
            <title>Nazev</title>
            <author>Autor</author>
        </book>
        <book>
            <title>Nazev</title>
            <author>Autor</author>
        </book>
        <book>
            <title>Nazev</title>
            <author>Autor</author>
        </book>
        <book>
            <title>Nazev</title>
            <author>Autor</author>
        </book>
        <book>
            <title>Nazev</title>
            <author>Autor</author>
        </book>
        <book>
            <title>Nazev</title>
            <author>Autor</author>
        </book>
        <book>
            <title>Nazev</title>
            <author>Autor</author>
        </book>
        <book>
            <title>Nazev</title>
            <author>Autor</author>
        </book>
        <book>
            <title>Nazev</title>
            <author>Autor</author>
        </book>
        <book>
            <title>Nazev</title>
            <author>Autor</author>
        </book>
        <book>
            <title>Nazev</title>
            <author>Autor</author>
        </book>
        <book>
            <title>Nazev</title>
            <author>Autor</author>
        </book>
        <book>
            <title>Nazev</title>
            <author>Autor</author>
        </book>
        <book>
            <title>Nazev</title>
            <author>Autor</author>
        </book>
        <book>
            <title>Nazev</title>
            <author>Autor</author>
        </book>
        <book>
            <title>Nazev</title>
            <author>Autor</author>
        </book>
        <book>
            <title>Nazev</title>
            <author>Autor</author>
        </book>
        <book>
            <title>Nazev</title>
            <author>Autor</author>
        </book>
        <book>
            <title>Nazev</title>
            <author>Autor</author>
        </book>
        <book>
            <title>Nazev</title>
            <author>Autor</author>
        </book>
        <book>
            <title>Nazev</title>
            <author>Autor</author>
        </book>
        <book>
            <title>Nazev</title>
            <author>Autor</author>
        </book>
        <book>
            <title>Nazev</title>
            <author>Autor</author>
        </book>
    </books>
</root>


--uuid:3fb67a13-43be-42fc-81e2-0b2da3effb05--
--------------------

---[HTTP response - http://localhost:8081/mtom.ws/fileStorageBinaryService - 200]---
null: HTTP/1.1 200 OK
Content-type: multipart/related;start="<rootpart*3fb67a13-43be-42fc-81e2-0b2da3effb05@example.jaxws.sun.com>";type="application/xop+xml";boundary="uuid:3fb67a13-43be-42fc-81e2-0b2da3effb05";start-info="application/soap+xml"
Date: Mon, 02 May 2022 04:36:24 GMT
Transfer-encoding: chunked
--uuid:3fb67a13-43be-42fc-81e2-0b2da3effb05
Content-Id: <rootpart*3fb67a13-43be-42fc-81e2-0b2da3effb05@example.jaxws.sun.com>
Content-Type: application/xop+xml;charset=utf-8;type="application/soap+xml"
Content-Transfer-Encoding: binary

<?xml version='1.0' encoding='UTF-8'?><S:Envelope xmlns:S="http://www.w3.org/2003/05/soap-envelope"><S:Body><ns2:fileBinary xmlns:ns2="http://ws.learn.tc.cz/mtom/binary/types/" xmlns:ns3="http://ws.learn.tc.cz/mtom/binary/api"><fileName>sample.xml</fileName><contentData><xop:Include xmlns:xop="http://www.w3.org/2004/08/xop/include" href="cid:287930f0-629c-418b-8cb0-67fa6ae3c111@example.jaxws.sun.com"/></contentData></ns2:fileBinary></S:Body></S:Envelope>
--uuid:3fb67a13-43be-42fc-81e2-0b2da3effb05
Content-Id: <287930f0-629c-418b-8cb0-67fa6ae3c111@example.jaxws.sun.com>
Content-Type: application/octet-stream
Content-Transfer-Encoding: binary

<?xml version="1.0" encoding="UTF-8"?>
<root>
    <books>
        <book>
            <title>Nazev</title>
            <author>Autor</author>
        </book>
        <book>
            <title>Nazev</title>
            <author>Autor</author>
        </book>
        <book>
            <title>Nazev</title>
            <author>Autor</author>
        </book>
        <book>
            <title>Nazev</title>
            <author>Autor</author>
        </book>
        <book>
            <title>Nazev</title>
            <author>Autor</author>
        </book>
        <book>
            <title>Nazev</title>
            <author>Autor</author>
        </book>
        <book>
            <title>Nazev</title>
            <author>Autor</author>
        </book>
        <book>
            <title>Nazev</title>
            <author>Autor</author>
        </book>
        <book>
            <title>Nazev</title>
            <author>Autor</author>
        </book>
        <book>
            <title>Nazev</title>
            <author>Autor</author>
        </book>
        <book>
            <title>Nazev</title>
            <author>Autor</author>
        </book>
        <book>
            <title>Nazev</title>
            <author>Autor</author>
        </book>
        <book>
            <title>Nazev</title>
            <author>Autor</author>
        </book>
        <book>
            <title>Nazev</title>
            <author>Autor</author>
        </book>
        <book>
            <title>Nazev</title>
            <author>Autor</author>
        </book>
        <book>
            <title>Nazev</title>
            <author>Autor</author>
        </book>
        <book>
            <title>Nazev</title>
            <author>Autor</author>
        </book>
        <book>
            <title>Nazev</title>
            <author>Autor</author>
        </book>
        <book>
            <title>Nazev</title>
            <author>Autor</author>
        </book>
        <book>
            <title>Nazev</title>
            <author>Autor</author>
        </book>
        <book>
            <title>Nazev</title>
            <author>Autor</author>
        </book>
        <book>
            <title>Nazev</title>
            <author>Autor</author>
        </book>
        <book>
            <title>Nazev</title>
            <author>Autor</author>
        </book>
        <book>
            <title>Nazev</title>
            <author>Autor</author>
        </book>
        <book>
            <title>Nazev</title>
            <author>Autor</author>
        </book>
        <book>
            <title>Nazev</title>
            <author>Autor</author>
        </book>
        <book>
            <title>Nazev</title>
            <author>Autor</author>
        </book>
        <book>
            <title>Nazev</title>
            <author>Autor</author>
        </book>
        <book>
            <title>Nazev</title>
            <author>Autor</author>
        </book>
        <book>
            <title>Nazev</title>
            <author>Autor</author>
        </book>
        <book>
            <title>Nazev</title>
            <author>Autor</author>
        </book>
        <book>
            <title>Nazev</title>
            <author>Autor</author>
        </book>
        <book>
            <title>Nazev</title>
            <author>Autor</author>
        </book>
        <book>
            <title>Nazev</title>
            <author>Autor</author>
        </book>
        <book>
            <title>Nazev</title>
            <author>Autor</author>
        </book>
        <book>
            <title>Nazev</title>
            <author>Autor</author>
        </book>
        <book>
            <title>Nazev</title>
            <author>Autor</author>
        </book>
        <book>
            <title>Nazev</title>
            <author>Autor</author>
        </book>
        <book>
            <title>Nazev</title>
            <author>Autor</author>
        </book>
        <book>
            <title>Nazev</title>
            <author>Autor</author>
        </book>
        <book>
            <title>Nazev</title>
            <author>Autor</author>
        </book>
        <book>
            <title>Nazev</title>
            <author>Autor</author>
        </book>
        <book>
            <title>Nazev</title>
            <author>Autor</author>
        </book>
        <book>
            <title>Nazev</title>
            <author>Autor</author>
        </book>
        <book>
            <title>Nazev</title>
            <author>Autor</author>
        </book>
        <book>
            <title>Nazev</title>
            <author>Autor</author>
        </book>
        <book>
            <title>Nazev</title>
            <author>Autor</author>
        </book>
        <book>
            <title>Nazev</title>
            <author>Autor</author>
        </book>
        <book>
            <title>Nazev</title>
            <author>Autor</author>
        </book>
        <book>
            <title>Nazev</title>
            <author>Autor</author>
        </book>
        <book>
            <title>Nazev</title>
            <author>Autor</author>
        </book>
        <book>
            <title>Nazev</title>
            <author>Autor</author>
        </book>
        <book>
            <title>Nazev</title>
            <author>Autor</author>
        </book>
        <book>
            <title>Nazev</title>
            <author>Autor</author>
        </book>
        <book>
            <title>Nazev</title>
            <author>Autor</author>
        </book>
        <book>
            <title>Nazev</title>
            <author>Autor</author>
        </book>
        <book>
            <title>Nazev</title>
            <author>Autor</author>
        </book>
        <book>
            <title>Nazev</title>
            <author>Autor</author>
        </book>
        <book>
            <title>Nazev</title>
            <author>Autor</author>
        </book>
        <book>
            <title>Nazev</title>
            <author>Autor</author>
        </book>
        <book>
            <title>Nazev</title>
            <author>Autor</author>
        </book>
        <book>
            <title>Nazev</title>
            <author>Autor</author>
        </book>
        <book>
            <title>Nazev</title>
            <author>Autor</author>
        </book>
        <book>
            <title>Nazev</title>
            <author>Autor</author>
        </book>
        <book>
            <title>Nazev</title>
            <author>Autor</author>
        </book>
        <book>
            <title>Nazev</title>
            <author>Autor</author>
        </book>
        <book>
            <title>Nazev</title>
            <author>Autor</author>
        </book>
        <book>
            <title>Nazev</title>
            <author>Autor</author>
        </book>
        <book>
            <title>Nazev</title>
            <author>Autor</author>
        </book>
        <book>
            <title>Nazev</title>
            <author>Autor</author>
        </book>
        <book>
            <title>Nazev</title>
            <author>Autor</author>
        </book>
        <book>
            <title>Nazev</title>
            <author>Autor</author>
        </book>
        <book>
            <title>Nazev</title>
            <author>Autor</author>
        </book>
        <book>
            <title>Nazev</title>
            <author>Autor</author>
        </book>
        <book>
            <title>Nazev</title>
            <author>Autor</author>
        </book>
        <book>
            <title>Nazev</title>
            <author>Autor</author>
        </book>
        <book>
            <title>Nazev</title>
            <author>Autor</author>
        </book>
        <book>
            <title>Nazev</title>
            <author>Autor</author>
        </book>
        <book>
            <title>Nazev</title>
            <author>Autor</author>
        </book>
        <book>
            <title>Nazev</title>
            <author>Autor</author>
        </book>
        <book>
            <title>Nazev</title>
            <author>Autor</author>
        </book>
        <book>
            <title>Nazev</title>
            <author>Autor</author>
        </book>
        <book>
            <title>Nazev</title>
            <author>Autor</author>
        </book>
        <book>
            <title>Nazev</title>
            <author>Autor</author>
        </book>
        <book>
            <title>Nazev</title>
            <author>Autor</author>
        </book>
        <book>
            <title>Nazev</title>
            <author>Autor</author>
        </book>
        <book>
            <title>Nazev</title>
            <author>Autor</author>
        </book>
        <book>
            <title>Nazev</title>
            <author>Autor</author>
        </book>
        <book>
            <title>Nazev</title>
            <author>Autor</author>
        </book>
        <book>
            <title>Nazev</title>
            <author>Autor</author>
        </book>
        <book>
            <title>Nazev</title>
            <author>Autor</author>
        </book>
        <book>
            <title>Nazev</title>
            <author>Autor</author>
        </book>
        <book>
            <title>Nazev</title>
            <author>Autor</author>
        </book>
        <book>
            <title>Nazev</title>
            <author>Autor</author>
        </book>
        <book>
            <title>Nazev</title>
            <author>Autor</author>
        </book>
        <book>
            <title>Nazev</title>
            <author>Autor</author>
        </book>
        <book>
            <title>Nazev</title>
            <author>Autor</author>
        </book>
        <book>
            <title>Nazev</title>
            <author>Autor</author>
        </book>
        <book>
            <title>Nazev</title>
            <author>Autor</author>
        </book>
        <book>
            <title>Nazev</title>
            <author>Autor</author>
        </book>
        <book>
            <title>Nazev</title>
            <author>Autor</author>
        </book>
        <book>
            <title>Nazev</title>
            <author>Autor</author>
        </book>
        <book>
            <title>Nazev</title>
            <author>Autor</author>
        </book>
        <book>
            <title>Nazev</title>
            <author>Autor</author>
        </book>
        <book>
            <title>Nazev</title>
            <author>Autor</author>
        </book>
        <book>
            <title>Nazev</title>
            <author>Autor</author>
        </book>
        <book>
            <title>Nazev</title>
            <author>Autor</author>
        </book>
        <book>
            <title>Nazev</title>
            <author>Autor</author>
        </book>
        <book>
            <title>Nazev</title>
            <author>Autor</author>
        </book>
        <book>
            <title>Nazev</title>
            <author>Autor</author>
        </book>
        <book>
            <title>Nazev</title>
            <author>Autor</author>
        </book>
        <book>
            <title>Nazev</title>
            <author>Autor</author>
        </book>
        <book>
            <title>Nazev</title>
            <author>Autor</author>
        </book>
        <book>
            <title>Nazev</title>
            <author>Autor</author>
        </book>
        <book>
            <title>Nazev</title>
            <author>Autor</author>
        </book>
        <book>
            <title>Nazev</title>
            <author>Autor</author>
        </book>
        <book>
            <title>Nazev</title>
            <author>Autor</author>
        </book>
        <book>
            <title>Nazev</title>
            <author>Autor</author>
        </book>
        <book>
            <title>Nazev</title>
            <author>Autor</author>
        </book>
        <book>
            <title>Nazev</title>
            <author>Autor</author>
        </book>
        <book>
            <title>Nazev</title>
            <author>Autor</author>
        </book>
        <book>
            <title>Nazev</title>
            <author>Autor</author>
        </book>
        <book>
            <title>Nazev</title>
            <author>Autor</author>
        </book>
        <book>
            <title>Nazev</title>
            <author>Autor</author>
        </book>
        <book>
            <title>Nazev</title>
            <author>Autor</author>
        </book>
        <book>
            <title>Nazev</title>
            <author>Autor</author>
        </book>
        <book>
            <title>Nazev</title>
            <author>Autor</author>
        </book>
        <book>
            <title>Nazev</title>
            <author>Autor</author>
        </book>
        <book>
            <title>Nazev</title>
            <author>Autor</author>
        </book>
        <book>
            <title>Nazev</title>
            <author>Autor</author>
        </book>
        <book>
            <title>Nazev</title>
            <author>Autor</author>
        </book>
        <book>
            <title>Nazev</title>
            <author>Autor</author>
        </book>
        <book>
            <title>Nazev</title>
            <author>Autor</author>
        </book>
        <book>
            <title>Nazev</title>
            <author>Autor</author>
        </book>
        <book>
            <title>Nazev</title>
            <author>Autor</author>
        </book>
        <book>
            <title>Nazev</title>
            <author>Autor</author>
        </book>
        <book>
            <title>Nazev</title>
            <author>Autor</author>
        </book>
        <book>
            <title>Nazev</title>
            <author>Autor</author>
        </book>
        <book>
            <title>Nazev</title>
            <author>Autor</author>
        </book>
        <book>
            <title>Nazev</title>
            <author>Autor</author>
        </book>
        <book>
            <title>Nazev</title>
            <author>Autor</author>
        </book>
        <book>
            <title>Nazev</title>
            <author>Autor</author>
        </book>
        <book>
            <title>Nazev</title>
            <author>Autor</author>
        </book>
        <book>
            <title>Nazev</title>
            <author>Autor</author>
        </book>
        <book>
            <title>Nazev</title>
            <author>Autor</author>
        </book>
        <book>
            <title>Nazev</title>
            <author>Autor</author>
        </book>
        <book>
            <title>Nazev</title>
            <author>Autor</author>
        </book>
        <book>
            <title>Nazev</title>
            <author>Autor</author>
        </book>
        <book>
            <title>Nazev</title>
            <author>Autor</author>
        </book>
        <book>
            <title>Nazev</title>
            <author>Autor</author>
        </book>
        <book>
            <title>Nazev</title>
            <author>Autor</author>
        </book>
        <book>
            <title>Nazev</title>
            <author>Autor</author>
        </book>
        <book>
            <title>Nazev</title>
            <author>Autor</author>
        </book>
        <book>
            <title>Nazev</title>
            <author>Autor</author>
        </book>
        <book>
            <title>Nazev</title>
            <author>Autor</author>
        </book>
        <book>
            <title>Nazev</title>
            <author>Autor</author>
        </book>
        <book>
            <title>Nazev</title>
            <author>Autor</author>
        </book>
        <book>
            <title>Nazev</title>
            <author>Autor</author>
        </book>
        <book>
            <title>Nazev</title>
            <author>Autor</author>
        </book>
        <book>
            <title>Nazev</title>
            <author>Autor</author>
        </book>
        <book>
            <title>Nazev</title>
            <author>Autor</author>
        </book>
        <book>
            <title>Nazev</title>
            <author>Autor</author>
        </book>
        <book>
            <title>Nazev</title>
            <author>Autor</author>
        </book>
        <book>
            <title>Nazev</title>
            <author>Autor</author>
        </book>
        <book>
            <title>Nazev</title>
            <author>Autor</author>
        </book>
        <book>
            <title>Nazev</title>
            <author>Autor</author>
        </book>
        <book>
            <title>Nazev</title>
            <author>Autor</author>
        </book>
        <book>
            <title>Nazev</title>
            <author>Autor</author>
        </book>
        <book>
            <title>Nazev</title>
            <author>Autor</author>
        </book>
        <book>
            <title>Nazev</title>
            <author>Autor</author>
        </book>
        <book>
            <title>Nazev</title>
            <author>Autor</author>
        </book>
        <book>
            <title>Nazev</title>
            <author>Autor</author>
        </book>
        <book>
            <title>Nazev</title>
            <author>Autor</author>
        </book>
        <book>
            <title>Nazev</title>
            <author>Autor</author>
        </book>
        <book>
            <title>Nazev</title>
            <author>Autor</author>
        </book>
        <book>
            <title>Nazev</title>
            <author>Autor</author>
        </book>
        <book>
            <title>Nazev</title>
            <author>Autor</author>
        </book>
        <book>
            <title>Nazev</title>
            <author>Autor</author>
        </book>
        <book>
            <title>Nazev</title>
            <author>Autor</author>
        </book>
        <book>
            <title>Nazev</title>
            <author>Autor</author>
        </book>
        <book>
            <title>Nazev</title>
            <author>Autor</author>
        </book>
        <book>
            <title>Nazev</title>
            <author>Autor</author>
        </book>
        <book>
            <title>Nazev</title>
            <author>Autor</author>
        </book>
        <book>
            <title>Nazev</title>
            <author>Autor</author>
        </book>
        <book>
            <title>Nazev</title>
            <author>Autor</author>
        </book>
        <book>
            <title>Nazev</title>
            <author>Autor</author>
        </book>
        <book>
            <title>Nazev</title>
            <author>Autor</author>
        </book>
        <book>
            <title>Nazev</title>
            <author>Autor</author>
        </book>
        <book>
            <title>Nazev</title>
            <author>Autor</author>
        </book>
        <book>
            <title>Nazev</title>
            <author>Autor</author>
        </book>
        <book>
            <title>Nazev</title>
            <author>Autor</author>
        </book>
        <book>
            <title>Nazev</title>
            <author>Autor</author>
        </book>
        <book>
            <title>Nazev</title>
            <author>Autor</author>
        </book>
        <book>
            <title>Nazev</title>
            <author>Autor</author>
        </book>
        <book>
            <title>Nazev</title>
            <author>Autor</author>
        </book>
        <book>
            <title>Nazev</title>
            <author>Autor</author>
        </book>
        <book>
            <title>Nazev</title>
            <author>Autor</author>
        </book>
        <book>
            <title>Nazev</title>
            <author>Autor</author>
        </book>
        <book>
            <title>Nazev</title>
            <author>Autor</author>
        </book>
        <book>
            <title>Nazev</title>
            <author>Autor</author>
        </book>
        <book>
            <title>Nazev</title>
            <author>Autor</author>
        </book>
        <book>
            <title>Nazev</title>
            <author>Autor</author>
        </book>
        <book>
            <title>Nazev</title>
            <author>Autor</author>
        </book>
        <book>
            <title>Nazev</title>
            <author>Autor</author>
        </book>
        <book>
            <title>Nazev</title>
            <author>Autor</author>
        </book>
        <book>
            <title>Nazev</title>
            <author>Autor</author>
        </book>
        <book>
            <title>Nazev</title>
            <author>Autor</author>
        </book>
        <book>
            <title>Nazev</title>
            <author>Autor</author>
        </book>
        <book>
            <title>Nazev</title>
            <author>Autor</author>
        </book>
        <book>
            <title>Nazev</title>
            <author>Autor</author>
        </book>
        <book>
            <title>Nazev</title>
            <author>Autor</author>
        </book>
        <book>
            <title>Nazev</title>
            <author>Autor</author>
        </book>
        <book>
            <title>Nazev</title>
            <author>Autor</author>
        </book>
        <book>
            <title>Nazev</title>
            <author>Autor</author>
        </book>
        <book>
            <title>Nazev</title>
            <author>Autor</author>
        </book>
        <book>
            <title>Nazev</title>
            <author>Autor</author>
        </book>
        <book>
            <title>Nazev</title>
            <author>Autor</author>
        </book>
        <book>
            <title>Nazev</title>
            <author>Autor</author>
        </book>
        <book>
            <title>Nazev</title>
            <author>Autor</author>
        </book>
        <book>
            <title>Nazev</title>
            <author>Autor</author>
        </book>
        <book>
            <title>Nazev</title>
            <author>Autor</author>
        </book>
        <book>
            <title>Nazev</title>
            <author>Autor</author>
        </book>
        <book>
            <title>Nazev</title>
            <author>Autor</author>
        </book>
        <book>
            <title>Nazev</title>
            <author>Autor</author>
        </book>
        <book>
            <title>Nazev</title>
            <author>Autor</author>
        </book>
        <book>
            <title>Nazev</title>
            <author>Autor</author>
        </book>
        <book>
            <title>Nazev</title>
            <author>Autor</author>
        </book>
        <book>
            <title>Nazev</title>
            <author>Autor</author>
        </book>
        <book>
            <title>Nazev</title>
            <author>Autor</author>
        </book>
        <book>
            <title>Nazev</title>
            <author>Autor</author>
        </book>
        <book>
            <title>Nazev</title>
            <author>Autor</author>
        </book>
        <book>
            <title>Nazev</title>
            <author>Autor</author>
        </book>
        <book>
            <title>Nazev</title>
            <author>Autor</author>
        </book>
        <book>
            <title>Nazev</title>
            <author>Autor</author>
        </book>
        <book>
            <title>Nazev</title>
            <author>Autor</author>
        </book>
        <book>
            <title>Nazev</title>
            <author>Autor</author>
        </book>
        <book>
            <title>Nazev</title>
            <author>Autor</author>
        </book>
        <book>
            <title>Nazev</title>
            <author>Autor</author>
        </book>
        <book>
            <title>Nazev</title>
            <author>Autor</author>
        </book>
        <book>
            <title>Nazev</title>
            <author>Autor</author>
        </book>
        <book>
            <title>Nazev</title>
            <author>Autor</author>
        </book>
        <book>
            <title>Nazev</title>
            <author>Autor</author>
        </book>
        <book>
            <title>Nazev</title>
            <author>Autor</author>
        </book>
        <book>
            <title>Nazev</title>
            <author>Autor</author>
        </book>
        <book>
            <title>Nazev</title>
            <author>Autor</author>
        </book>
        <book>
            <title>Nazev</title>
            <author>Autor</author>
        </book>
        <book>
            <title>Nazev</title>
            <author>Autor</author>
        </book>
        <book>
            <title>Nazev</title>
            <author>Autor</author>
        </book>
        <book>
            <title>Nazev</title>
            <author>Autor</author>
        </book>
        <book>
            <title>Nazev</title>
            <author>Autor</author>
        </book>
        <book>
            <title>Nazev</title>
            <author>Autor</author>
        </book>
        <book>
            <title>Nazev</title>
            <author>Autor</author>
        </book>
        <book>
            <title>Nazev</title>
            <author>Autor</author>
        </book>
        <book>
            <title>Nazev</title>
            <author>Autor</author>
        </book>
        <book>
            <title>Nazev</title>
            <author>Autor</author>
        </book>
        <book>
            <title>Nazev</title>
            <author>Autor</author>
        </book>
        <book>
            <title>Nazev</title>
            <author>Autor</author>
        </book>
        <book>
            <title>Nazev</title>
            <author>Autor</author>
        </book>
        <book>
            <title>Nazev</title>
            <author>Autor</author>
        </book>
        <book>
            <title>Nazev</title>
            <author>Autor</author>
        </book>
        <book>
            <title>Nazev</title>
            <author>Autor</author>
        </book>
        <book>
            <title>Nazev</title>
            <author>Autor</author>
        </book>
        <book>
            <title>Nazev</title>
            <author>Autor</author>
        </book>
        <book>
            <title>Nazev</title>
            <author>Autor</author>
        </book>
        <book>
            <title>Nazev</title>
            <author>Autor</author>
        </book>
        <book>
            <title>Nazev</title>
            <author>Autor</author>
        </book>
        <book>
            <title>Nazev</title>
            <author>Autor</author>
        </book>
        <book>
            <title>Nazev</title>
            <author>Autor</author>
        </book>
        <book>
            <title>Nazev</title>
            <author>Autor</author>
        </book>
        <book>
            <title>Nazev</title>
            <author>Autor</author>
        </book>
        <book>
            <title>Nazev</title>
            <author>Autor</author>
        </book>
        <book>
            <title>Nazev</title>
            <author>Autor</author>
        </book>
        <book>
            <title>Nazev</title>
            <author>Autor</author>
        </book>
        <book>
            <title>Nazev</title>
            <author>Autor</author>
        </book>
        <book>
            <title>Nazev</title>
            <author>Autor</author>
        </book>
        <book>
            <title>Nazev</title>
            <author>Autor</author>
        </book>
        <book>
            <title>Nazev</title>
            <author>Autor</author>
        </book>
        <book>
            <title>Nazev</title>
            <author>Autor</author>
        </book>
        <book>
            <title>Nazev</title>
            <author>Autor</author>
        </book>
        <book>
            <title>Nazev</title>
            <author>Autor</author>
        </book>
        <book>
            <title>Nazev</title>
            <author>Autor</author>
        </book>
        <book>
            <title>Nazev</title>
            <author>Autor</author>
        </book>
        <book>
            <title>Nazev</title>
            <author>Autor</author>
        </book>
        <book>
            <title>Nazev</title>
            <author>Autor</author>
        </book>
        <book>
            <title>Nazev</title>
            <author>Autor</author>
        </book>
        <book>
            <title>Nazev</title>
            <author>Autor</author>
        </book>
        <book>
            <title>Nazev</title>
            <author>Autor</author>
        </book>
        <book>
            <title>Nazev</title>
            <author>Autor</author>
        </book>
        <book>
            <title>Nazev</title>
            <author>Autor</author>
        </book>
        <book>
            <title>Nazev</title>
            <author>Autor</author>
        </book>
        <book>
            <title>Nazev</title>
            <author>Autor</author>
        </book>
        <book>
            <title>Nazev</title>
            <author>Autor</author>
        </book>
        <book>
            <title>Nazev</title>
            <author>Autor</author>
        </book>
        <book>
            <title>Nazev</title>
            <author>Autor</author>
        </book>
        <book>
            <title>Nazev</title>
            <author>Autor</author>
        </book>
        <book>
            <title>Nazev</title>
            <author>Autor</author>
        </book>
        <book>
            <title>Nazev</title>
            <author>Autor</author>
        </book>
        <book>
            <title>Nazev</title>
            <author>Autor</author>
        </book>
        <book>
            <title>Nazev</title>
            <author>Autor</author>
        </book>
        <book>
            <title>Nazev</title>
            <author>Autor</author>
        </book>
        <book>
            <title>Nazev</title>
            <author>Autor</author>
        </book>
        <book>
            <title>Nazev</title>
            <author>Autor</author>
        </book>
        <book>
            <title>Nazev</title>
            <author>Autor</author>
        </book>
        <book>
            <title>Nazev</title>
            <author>Autor</author>
        </book>
        <book>
            <title>Nazev</title>
            <author>Autor</author>
        </book>
        <book>
            <title>Nazev</title>
            <author>Autor</author>
        </book>
        <book>
            <title>Nazev</title>
            <author>Autor</author>
        </book>
        <book>
            <title>Nazev</title>
            <author>Autor</author>
        </book>
        <book>
            <title>Nazev</title>
            <author>Autor</author>
        </book>
        <book>
            <title>Nazev</title>
            <author>Autor</author>
        </book>
        <book>
            <title>Nazev</title>
            <author>Autor</author>
        </book>
        <book>
            <title>Nazev</title>
            <author>Autor</author>
        </book>
        <book>
            <title>Nazev</title>
            <author>Autor</author>
        </book>
        <book>
            <title>Nazev</title>
            <author>Autor</author>
        </book>
        <book>
            <title>Nazev</title>
            <author>Autor</author>
        </book>
        <book>
            <title>Nazev</title>
            <author>Autor</author>
        </book>
        <book>
            <title>Nazev</title>
            <author>Autor</author>
        </book>
        <book>
            <title>Nazev</title>
            <author>Autor</author>
        </book>
        <book>
            <title>Nazev</title>
            <author>Autor</author>
        </book>
        <book>
            <title>Nazev</title>
            <author>Autor</author>
        </book>
        <book>
            <title>Nazev</title>
            <author>Autor</author>
        </book>
        <book>
            <title>Nazev</title>
            <author>Autor</author>
        </book>
        <book>
            <title>Nazev</title>
            <author>Autor</author>
        </book>
        <book>
            <title>Nazev</title>
            <author>Autor</author>
        </book>
        <book>
            <title>Nazev</title>
            <author>Autor</author>
        </book>
        <book>
            <title>Nazev</title>
            <author>Autor</author>
        </book>
        <book>
            <title>Nazev</title>
            <author>Autor</author>
        </book>
        <book>
            <title>Nazev</title>
            <author>Autor</author>
        </book>
        <book>
            <title>Nazev</title>
            <author>Autor</author>
        </book>
        <book>
            <title>Nazev</title>
            <author>Autor</author>
        </book>
        <book>
            <title>Nazev</title>
            <author>Autor</author>
        </book>
        <book>
            <title>Nazev</title>
            <author>Autor</author>
        </book>
        <book>
            <title>Nazev</title>
            <author>Autor</author>
        </book>
        <book>
            <title>Nazev</title>
            <author>Autor</author>
        </book>
        <book>
            <title>Nazev</title>
            <author>Autor</author>
        </book>
        <book>
            <title>Nazev</title>
            <author>Autor</author>
        </book>
        <book>
            <title>Nazev</title>
            <author>Autor</author>
        </book>
        <book>
            <title>Nazev</title>
            <author>Autor</author>
        </book>
        <book>
            <title>Nazev</title>
            <author>Autor</author>
        </book>
        <book>
            <title>Nazev</title>
            <author>Autor</author>
        </book>
        <book>
            <title>Nazev</title>
            <author>Autor</author>
        </book>
        <book>
            <title>Nazev</title>
            <author>Autor</author>
        </book>
        <book>
            <title>Nazev</title>
            <author>Autor</author>
        </book>
        <book>
            <title>Nazev</title>
            <author>Autor</author>
        </book>
        <book>
            <title>Nazev</title>
            <author>Autor</author>
        </book>
        <book>
            <title>Nazev</title>
            <author>Autor</author>
        </book>
        <book>
            <title>Nazev</title>
            <author>Autor</author>
        </book>
        <book>
            <title>Nazev</title>
            <author>Autor</author>
        </book>
        <book>
            <title>Nazev</title>
            <author>Autor</author>
        </book>
        <book>
            <title>Nazev</title>
            <author>Autor</author>
        </book>
        <book>
            <title>Nazev</title>
            <author>Autor</author>
        </book>
        <book>
            <title>Nazev</title>
            <author>Autor</author>
        </book>
        <book>
            <title>Nazev</title>
            <author>Autor</author>
        </book>
        <book>
            <title>Nazev</title>
            <author>Autor</author>
        </book>
        <book>
            <title>Nazev</title>
            <author>Autor</author>
        </book>
        <book>
            <title>Nazev</title>
            <author>Autor</author>
        </book>
        <book>
            <title>Nazev</title>
            <author>Autor</author>
        </book>
        <book>
            <title>Nazev</title>
            <author>Autor</author>
        </book>
        <book>
            <title>Nazev</title>
            <author>Autor</author>
        </book>
        <book>
            <title>Nazev</title>
            <author>Autor</author>
        </book>
        <book>
            <title>Nazev</title>
            <author>Autor</author>
        </book>
        <book>
            <title>Nazev</title>
            <author>Autor</author>
        </book>
        <book>
            <title>Nazev</title>
            <author>Autor</author>
        </book>
        <book>
            <title>Nazev</title>
            <author>Autor</author>
        </book>
        <book>
            <title>Nazev</title>
            <author>Autor</author>
        </book>
        <book>
            <title>Nazev</title>
            <author>Autor</author>
        </book>
        <book>
            <title>Nazev</title>
            <author>Autor</author>
        </book>
        <book>
            <title>Nazev</title>
            <author>Autor</author>
        </book>
        <book>
            <title>Nazev</title>
            <author>Autor</author>
        </book>
        <book>
            <title>Nazev</title>
            <author>Autor</author>
        </book>
        <book>
            <title>Nazev</title>
            <author>Autor</author>
        </book>
        <book>
            <title>Nazev</title>
            <author>Autor</author>
        </book>
        <book>
            <title>Nazev</title>
            <author>Autor</author>
        </book>
        <book>
            <title>Nazev</title>
            <author>Autor</author>
        </book>
        <book>
            <title>Nazev</title>
            <author>Autor</author>
        </book>
        <book>
            <title>Nazev</title>
            <author>Autor</author>
        </book>
        <book>
            <title>Nazev</title>
            <author>Autor</author>
        </book>
        <book>
            <title>Nazev</title>
            <author>Autor</author>
        </book>
        <book>
            <title>Nazev</title>
            <author>Autor</author>
        </book>
        <book>
            <title>Nazev</title>
            <author>Autor</author>
        </book>
        <book>
            <title>Nazev</title>
            <author>Autor</author>
        </book>
        <book>
            <title>Nazev</title>
            <author>Autor</author>
        </book>
        <book>
            <title>Nazev</title>
            <author>Autor</author>
        </book>
        <book>
            <title>Nazev</title>
            <author>Autor</author>
        </book>
        <book>
            <title>Nazev</title>
            <author>Autor</author>
        </book>
        <book>
            <title>Nazev</title>
            <author>Autor</author>
        </book>
        <book>
            <title>Nazev</title>
            <author>Autor</author>
        </book>
        <book>
            <title>Nazev</title>
            <author>Autor</author>
        </book>
        <book>
            <title>Nazev</title>
            <author>Autor</author>
        </book>
        <book>
            <title>Nazev</title>
            <author>Autor</author>
        </book>
        <book>
            <title>Nazev</title>
            <author>Autor</author>
        </book>
        <book>
            <title>Nazev</title>
            <author>Autor</author>
        </book>
        <book>
            <title>Nazev</title>
            <author>Autor</author>
        </book>
        <book>
            <title>Nazev</title>
            <author>Autor</author>
        </book>
        <book>
            <title>Nazev</title>
            <author>Autor</author>
        </book>
        <book>
            <title>Nazev</title>
            <author>Autor</author>
        </book>
        <book>
            <title>Nazev</title>
            <author>Autor</author>
        </book>
        <book>
            <title>Nazev</title>
            <author>Autor</author>
        </book>
        <book>
            <title>Nazev</title>
            <author>Autor</author>
        </book>
        <book>
            <title>Nazev</title>
            <author>Autor</author>
        </book>
        <book>
            <title>Nazev</title>
            <author>Autor</author>
        </book>
        <book>
            <title>Nazev</title>
            <author>Autor</author>
        </book>
        <book>
            <title>Nazev</title>
            <author>Autor</author>
        </book>
        <book>
            <title>Nazev</title>
            <author>Autor</author>
        </book>
        <book>
            <title>Nazev</title>
            <author>Autor</author>
        </book>
        <book>
            <title>Nazev</title>
            <author>Autor</author>
        </book>
        <book>
            <title>Nazev</title>
            <author>Autor</author>
        </book>
        <book>
            <title>Nazev</title>
            <author>Autor</author>
        </book>
        <book>
            <title>Nazev</title>
            <author>Autor</author>
        </book>
        <book>
            <title>Nazev</title>
            <author>Autor</author>
        </book>
        <book>
            <title>Nazev</title>
            <author>Autor</author>
        </book>
        <book>
            <title>Nazev</title>
            <author>Autor</author>
        </book>
        <book>
            <title>Nazev</title>
            <author>Autor</author>
        </book>
        <book>
            <title>Nazev</title>
            <author>Autor</author>
        </book>
        <book>
            <title>Nazev</title>
            <author>Autor</author>
        </book>
        <book>
            <title>Nazev</title>
            <author>Autor</author>
        </book>
        <book>
            <title>Nazev</title>
            <author>Autor</author>
        </book>
        <book>
            <title>Nazev</title>
            <author>Autor</author>
        </book>
        <book>
            <title>Nazev</title>
            <author>Autor</author>
        </book>
        <book>
            <title>Nazev</title>
            <author>Autor</author>
        </book>
        <book>
            <title>Nazev</title>
            <author>Autor</author>
        </book>
        <book>
            <title>Nazev</title>
            <author>Autor</author>
        </book>
        <book>
            <title>Nazev</title>
            <author>Autor</author>
        </book>
        <book>
            <title>Nazev</title>
            <author>Autor</author>
        </book>
        <book>
            <title>Nazev</title>
            <author>Autor</author>
        </book>
        <book>
            <title>Nazev</title>
            <author>Autor</author>
        </book>
        <book>
            <title>Nazev</title>
            <author>Autor</author>
        </book>
        <book>
            <title>Nazev</title>
            <author>Autor</author>
        </book>
        <book>
            <title>Nazev</title>
            <author>Autor</author>
        </book>
        <book>
            <title>Nazev</title>
            <author>Autor</author>
        </book>
        <book>
            <title>Nazev</title>
            <author>Autor</author>
        </book>
        <book>
            <title>Nazev</title>
            <author>Autor</author>
        </book>
        <book>
            <title>Nazev</title>
            <author>Autor</author>
        </book>
        <book>
            <title>Nazev</title>
            <author>Autor</author>
        </book>
        <book>
            <title>Nazev</title>
            <author>Autor</author>
        </book>
        <book>
            <title>Nazev</title>
            <author>Autor</author>
        </book>
        <book>
            <title>Nazev</title>
            <author>Autor</author>
        </book>
        <book>
            <title>Nazev</title>
            <author>Autor</author>
        </book>
        <book>
            <title>Nazev</title>
            <author>Autor</author>
        </book>
        <book>
            <title>Nazev</title>
            <author>Autor</author>
        </book>
        <book>
            <title>Nazev</title>
            <author>Autor</author>
        </book>
        <book>
            <title>Nazev</title>
            <author>Autor</author>
        </book>
        <book>
            <title>Nazev</title>
            <author>Autor</author>
        </book>
        <book>
            <title>Nazev</title>
            <author>Autor</author>
        </book>
        <book>
            <title>Nazev</title>
            <author>Autor</author>
        </book>
        <book>
            <title>Nazev</title>
            <author>Autor</author>
        </book>
        <book>
            <title>Nazev</title>
            <author>Autor</author>
        </book>
        <book>
            <title>Nazev</title>
            <author>Autor</author>
        </book>
        <book>
            <title>Nazev</title>
            <author>Autor</author>
        </book>
        <book>
            <title>Nazev</title>
            <author>Autor</author>
        </book>
        <book>
            <title>Nazev</title>
            <author>Autor</author>
        </book>
        <book>
            <title>Nazev</title>
            <author>Autor</author>
        </book>
        <book>
            <title>Nazev</title>
            <author>Autor</author>
        </book>
        <book>
            <title>Nazev</title>
            <author>Autor</author>
        </book>
        <book>
            <title>Nazev</title>
            <author>Autor</author>
        </book>
        <book>
            <title>Nazev</title>
            <author>Autor</author>
        </book>
        <book>
            <title>Nazev</title>
            <author>Autor</author>
        </book>
        <book>
            <title>Nazev</title>
            <author>Autor</author>
        </book>
        <book>
            <title>Nazev</title>
            <author>Autor</author>
        </book>
        <book>
            <title>Nazev</title>
            <author>Autor</author>
        </book>
        <book>
            <title>Nazev</title>
            <author>Autor</author>
        </book>
        <book>
            <title>Nazev</title>
            <author>Autor</author>
        </book>
        <book>
            <title>Nazev</title>
            <author>Autor</author>
        </book>
        <book>
            <title>Nazev</title>
            <author>Autor</author>
        </book>
        <book>
            <title>Nazev</title>
            <author>Autor</author>
        </book>
        <book>
            <title>Nazev</title>
            <author>Autor</author>
        </book>
        <book>
            <title>Nazev</title>
            <author>Autor</author>
        </book>
        <book>
            <title>Nazev</title>
            <author>Autor</author>
        </book>
        <book>
            <title>Nazev</title>
            <author>Autor</author>
        </book>
        <book>
            <title>Nazev</title>
            <author>Autor</author>
        </book>
        <book>
            <title>Nazev</title>
            <author>Autor</author>
        </book>
        <book>
            <title>Nazev</title>
            <author>Autor</author>
        </book>
        <book>
            <title>Nazev</title>
            <author>Autor</author>
        </book>
        <book>
            <title>Nazev</title>
            <author>Autor</author>
        </book>
        <book>
            <title>Nazev</title>
            <author>Autor</author>
        </book>
        <book>
            <title>Nazev</title>
            <author>Autor</author>
        </book>
        <book>
            <title>Nazev</title>
            <author>Autor</author>
        </book>
        <book>
            <title>Nazev</title>
            <author>Autor</author>
        </book>
        <book>
            <title>Nazev</title>
            <author>Autor</author>
        </book>
        <book>
            <title>Nazev</title>
            <author>Autor</author>
        </book>
        <book>
            <title>Nazev</title>
            <author>Autor</author>
        </book>
        <book>
            <title>Nazev</title>
            <author>Autor</author>
        </book>
        <book>
            <title>Nazev</title>
            <author>Autor</author>
        </book>
        <book>
            <title>Nazev</title>
            <author>Autor</author>
        </book>
        <book>
            <title>Nazev</title>
            <author>Autor</author>
        </book>
        <book>
            <title>Nazev</title>
            <author>Autor</author>
        </book>
        <book>
            <title>Nazev</title>
            <author>Autor</author>
        </book>
        <book>
            <title>Nazev</title>
            <author>Autor</author>
        </book>
        <book>
            <title>Nazev</title>
            <author>Autor</author>
        </book>
        <book>
            <title>Nazev</title>
            <author>Autor</author>
        </book>
        <book>
            <title>Nazev</title>
            <author>Autor</author>
        </book>
        <book>
            <title>Nazev</title>
            <author>Autor</author>
        </book>
        <book>
            <title>Nazev</title>
            <author>Autor</author>
        </book>
        <book>
            <title>Nazev</title>
            <author>Autor</author>
        </book>
        <book>
            <title>Nazev</title>
            <author>Autor</author>
        </book>
        <book>
            <title>Nazev</title>
            <author>Autor</author>
        </book>
        <book>
            <title>Nazev</title>
            <author>Autor</author>
        </book>
        <book>
            <title>Nazev</title>
            <author>Autor</author>
        </book>
        <book>
            <title>Nazev</title>
            <author>Autor</author>
        </book>
        <book>
            <title>Nazev</title>
            <author>Autor</author>
        </book>
        <book>
            <title>Nazev</title>
            <author>Autor</author>
        </book>
        <book>
            <title>Nazev</title>
            <author>Autor</author>
        </book>
        <book>
            <title>Nazev</title>
            <author>Autor</author>
        </book>
        <book>
            <title>Nazev</title>
            <author>Autor</author>
        </book>
        <book>
            <title>Nazev</title>
            <author>Autor</author>
        </book>
        <book>
            <title>Nazev</title>
            <author>Autor</author>
        </book>
        <book>
            <title>Nazev</title>
            <author>Autor</author>
        </book>
        <book>
            <title>Nazev</title>
            <author>Autor</author>
        </book>
        <book>
            <title>Nazev</title>
            <author>Autor</author>
        </book>
        <book>
            <title>Nazev</title>
            <author>Autor</author>
        </book>
        <book>
            <title>Nazev</title>
            <author>Autor</author>
        </book>
        <book>
            <title>Nazev</title>
            <author>Autor</author>
        </book>
        <book>
            <title>Nazev</title>
            <author>Autor</author>
        </book>
        <book>
            <title>Nazev</title>
            <author>Autor</author>
        </book>
        <book>
            <title>Nazev</title>
            <author>Autor</author>
        </book>
        <book>
            <title>Nazev</title>
            <author>Autor</author>
        </book>
        <book>
            <title>Nazev</title>
            <author>Autor</author>
        </book>
        <book>
            <title>Nazev</title>
            <author>Autor</author>
        </book>
        <book>
            <title>Nazev</title>
            <author>Autor</author>
        </book>
        <book>
            <title>Nazev</title>
            <author>Autor</author>
        </book>
        <book>
            <title>Nazev</title>
            <author>Autor</author>
        </book>
        <book>
            <title>Nazev</title>
            <author>Autor</author>
        </book>
        <book>
            <title>Nazev</title>
            <author>Autor</author>
        </book>
        <book>
            <title>Nazev</title>
            <author>Autor</author>
        </book>
        <book>
            <title>Nazev</title>
            <author>Autor</author>
        </book>
        <book>
            <title>Nazev</title>
            <author>Autor</author>
        </book>
        <book>
            <title>Nazev</title>
            <author>Autor</author>
        </book>
        <book>
            <title>Nazev</title>
            <author>Autor</author>
        </book>
        <book>
            <title>Nazev</title>
            <author>Autor</author>
        </book>
        <book>
            <title>Nazev</title>
            <author>Autor</author>
        </book>
        <book>
            <title>Nazev</title>
            <author>Autor</author>
        </book>
        <book>
            <title>Nazev</title>
            <author>Autor</author>
        </book>
        <book>
            <title>Nazev</title>
            <author>Autor</author>
        </book>
        <book>
            <title>Nazev</title>
            <author>Autor</author>
        </book>
        <book>
            <title>Nazev</title>
            <author>Autor</author>
        </book>
        <book>
            <title>Nazev</title>
            <author>Autor</author>
        </book>
        <book>
            <title>Nazev</title>
            <author>Autor</author>
        </book>
        <book>
            <title>Nazev</title>
            <author>Autor</author>
        </book>
        <book>
            <title>Nazev</title>
            <author>Autor</author>
        </book>
        <book>
            <title>Nazev</title>
            <author>Autor</author>
        </book>
        <book>
            <title>Nazev</title>
            <author>Autor</author>
        </book>
        <book>
            <title>Nazev</title>
            <author>Autor</author>
        </book>
        <book>
            <title>Nazev</title>
            <author>Autor</author>
        </book>
        <book>
            <title>Nazev</title>
            <author>Autor</author>
        </book>
        <book>
            <title>Nazev</title>
            <author>Autor</author>
        </book>
        <book>
            <title>Nazev</title>
            <author>Autor</author>
        </book>
        <book>
            <title>Nazev</title>
            <author>Autor</author>
        </book>
        <book>
            <title>Nazev</title>
            <author>Autor</author>
        </book>
        <book>
            <title>Nazev</title>
            <author>Autor</author>
        </book>
        <book>
            <title>Nazev</title>
            <author>Autor</author>
        </book>
        <book>
            <title>Nazev</title>
            <author>Autor</author>
        </book>
        <book>
            <title>Nazev</title>
            <author>Autor</author>
        </book>
        <book>
            <title>Nazev</title>
            <author>Autor</author>
        </book>
        <book>
            <title>Nazev</title>
            <author>Autor</author>
        </book>
        <book>
            <title>Nazev</title>
            <author>Autor</author>
        </book>
        <book>
            <title>Nazev</title>
            <author>Autor</author>
        </book>
        <book>
            <title>Nazev</title>
            <author>Autor</author>
        </book>
        <book>
            <title>Nazev</title>
            <author>Autor</author>
        </book>
        <book>
            <title>Nazev</title>
            <author>Autor</author>
        </book>
        <book>
            <title>Nazev</title>
            <author>Autor</author>
        </book>
        <book>
            <title>Nazev</title>
            <author>Autor</author>
        </book>
        <book>
            <title>Nazev</title>
            <author>Autor</author>
        </book>
        <book>
            <title>Nazev</title>
            <author>Autor</author>
        </book>
        <book>
            <title>Nazev</title>
            <author>Autor</author>
        </book>
        <book>
            <title>Nazev</title>
            <author>Autor</author>
        </book>
        <book>
            <title>Nazev</title>
            <author>Autor</author>
        </book>
        <book>
            <title>Nazev</title>
            <author>Autor</author>
        </book>
        <book>
            <title>Nazev</title>
            <author>Autor</author>
        </book>
        <book>
            <title>Nazev</title>
            <author>Autor</author>
        </book>
        <book>
            <title>Nazev</title>
            <author>Autor</author>
        </book>
        <book>
            <title>Nazev</title>
            <author>Autor</author>
        </book>
        <book>
            <title>Nazev</title>
            <author>Autor</author>
        </book>
        <book>
            <title>Nazev</title>
            <author>Autor</author>
        </book>
        <book>
            <title>Nazev</title>
            <author>Autor</author>
        </book>
        <book>
            <title>Nazev</title>
            <author>Autor</author>
        </book>
        <book>
            <title>Nazev</title>
            <author>Autor</author>
        </book>
        <book>
            <title>Nazev</title>
            <author>Autor</author>
        </book>
        <book>
            <title>Nazev</title>
            <author>Autor</author>
        </book>
        <book>
            <title>Nazev</title>
            <author>Autor</author>
        </book>
        <book>
            <title>Nazev</title>
            <author>Autor</author>
        </book>
        <book>
            <title>Nazev</title>
            <author>Autor</author>
        </book>
        <book>
            <title>Nazev</title>
            <author>Autor</author>
        </book>
        <book>
            <title>Nazev</title>
            <author>Autor</author>
        </book>
        <book>
            <title>Nazev</title>
            <author>Autor</author>
        </book>
        <book>
            <title>Nazev</title>
            <author>Autor</author>
        </book>
        <book>
            <title>Nazev</title>
            <author>Autor</author>
        </book>
        <book>
            <title>Nazev</title>
            <author>Autor</author>
        </book>
        <book>
            <title>Nazev</title>
            <author>Autor</author>
        </book>
        <book>
            <title>Nazev</title>
            <author>Autor</author>
        </book>
        <book>
            <title>Nazev</title>
            <author>Autor</author>
        </book>
        <book>
            <title>Nazev</title>
            <author>Autor</author>
        </book>
        <book>
            <title>Nazev</title>
            <author>Autor</author>
        </book>
        <book>
            <title>Nazev</title>
            <author>Autor</author>
        </book>
        <book>
            <title>Nazev</title>
            <author>Autor</author>
        </book>
        <book>
            <title>Nazev</title>
            <author>Autor</author>
        </book>
        <book>
            <title>Nazev</title>
            <author>Autor</author>
        </book>
        <book>
            <title>Nazev</title>
            <author>Autor</author>
        </book>
        <book>
            <title>Nazev</title>
            <author>Autor</author>
        </book>
        <book>
            <title>Nazev</title>
            <author>Autor</author>
        </book>
        <book>
            <title>Nazev</title>
            <author>Autor</author>
        </book>
        <book>
            <title>Nazev</title>
            <author>Autor</author>
        </book>
        <book>
            <title>Nazev</title>
            <author>Autor</author>
        </book>
        <book>
            <title>Nazev</title>
            <author>Autor</author>
        </book>
        <book>
            <title>Nazev</title>
            <author>Autor</author>
        </book>
        <book>
            <title>Nazev</title>
            <author>Autor</author>
        </book>
        <book>
            <title>Nazev</title>
            <author>Autor</author>
        </book>
        <book>
            <title>Nazev</title>
            <author>Autor</author>
        </book>
        <book>
            <title>Nazev</title>
            <author>Autor</author>
        </book>
        <book>
            <title>Nazev</title>
            <author>Autor</author>
        </book>
        <book>
            <title>Nazev</title>
            <author>Autor</author>
        </book>
        <book>
            <title>Nazev</title>
            <author>Autor</author>
        </book>
        <book>
            <title>Nazev</title>
            <author>Autor</author>
        </book>
        <book>
            <title>Nazev</title>
            <author>Autor</author>
        </book>
        <book>
            <title>Nazev</title>
            <author>Autor</author>
        </book>
        <book>
            <title>Nazev</title>
            <author>Autor</author>
        </book>
        <book>
            <title>Nazev</title>
            <author>Autor</author>
        </book>
        <book>
            <title>Nazev</title>
            <author>Autor</author>
        </book>
        <book>
            <title>Nazev</title>
            <author>Autor</author>
        </book>
        <book>
            <title>Nazev</title>
            <author>Autor</author>
        </book>
        <book>
            <title>Nazev</title>
            <author>Autor</author>
        </book>
        <book>
            <title>Nazev</title>
            <author>Autor</author>
        </book>
        <book>
            <title>Nazev</title>
            <author>Autor</author>
        </book>
        <book>
            <title>Nazev</title>
            <author>Autor</author>
        </book>
        <book>
            <title>Nazev</title>
            <author>Autor</author>
        </book>
        <book>
            <title>Nazev</title>
            <author>Autor</author>
        </book>
        <book>
            <title>Nazev</title>
            <author>Autor</author>
        </book>
        <book>
            <title>Nazev</title>
            <author>Autor</author>
        </book>
        <book>
            <title>Nazev</title>
            <author>Autor</author>
        </book>
        <book>
            <title>Nazev</title>
            <author>Autor</author>
        </book>
        <book>
            <title>Nazev</title>
            <author>Autor</author>
        </book>
        <book>
            <title>Nazev</title>
            <author>Autor</author>
        </book>
        <book>
            <title>Nazev</title>
            <author>Autor</author>
        </book>
        <book>
            <title>Nazev</title>
            <author>Autor</author>
        </book>
        <book>
            <title>Nazev</title>
            <author>Autor</author>
        </book>
        <book>
            <title>Nazev</title>
            <author>Autor</author>
        </book>
        <book>
            <title>Nazev</title>
            <author>Autor</author>
        </book>
        <book>
            <title>Nazev</title>
            <author>Autor</author>
        </book>
        <book>
            <title>Nazev</title>
            <author>Autor</author>
        </book>
        <book>
            <title>Nazev</title>
            <author>Autor</author>
        </book>
        <book>
            <title>Nazev</title>
            <author>Autor</author>
        </book>
        <book>
            <title>Nazev</title>
            <author>Autor</author>
        </book>
        <book>
            <title>Nazev</title>
            <author>Autor</author>
        </book>
        <book>
            <title>Nazev</title>
            <author>Autor</author>
        </book>
        <book>
            <title>Nazev</title>
            <author>Autor</author>
        </book>
        <book>
            <title>Nazev</title>
            <author>Autor</author>
        </book>
        <book>
            <title>Nazev</title>
            <author>Autor</author>
        </book>
        <book>
            <title>Nazev</title>
            <author>Autor</author>
        </book>
        <book>
            <title>Nazev</title>
            <author>Autor</author>
        </book>
        <book>
            <title>Nazev</title>
            <author>Autor</author>
        </book>
        <book>
            <title>Nazev</title>
            <author>Autor</author>
        </book>
        <book>
            <title>Nazev</title>
            <author>Autor</author>
        </book>
        <book>
            <title>Nazev</title>
            <author>Autor</author>
        </book>
        <book>
            <title>Nazev</title>
            <author>Autor</author>
        </book>
        <book>
            <title>Nazev</title>
            <author>Autor</author>
        </book>
        <book>
            <title>Nazev</title>
            <author>Autor</author>
        </book>
        <book>
            <title>Nazev</title>
            <author>Autor</author>
        </book>
        <book>
            <title>Nazev</title>
            <author>Autor</author>
        </book>
        <book>
            <title>Nazev</title>
            <author>Autor</author>
        </book>
        <book>
            <title>Nazev</title>
            <author>Autor</author>
        </book>
        <book>
            <title>Nazev</title>
            <author>Autor</author>
        </book>
        <book>
            <title>Nazev</title>
            <author>Autor</author>
        </book>
        <book>
            <title>Nazev</title>
            <author>Autor</author>
        </book>
        <book>
            <title>Nazev</title>
            <author>Autor</author>
        </book>
        <book>
            <title>Nazev</title>
            <author>Autor</author>
        </book>
        <book>
            <title>Nazev</title>
            <author>Autor</author>
        </book>
        <book>
            <title>Nazev</title>
            <author>Autor</author>
        </book>
        <book>
            <title>Nazev</title>
            <author>Autor</author>
        </book>
        <book>
            <title>Nazev</title>
            <author>Autor</author>
        </book>
        <book>
            <title>Nazev</title>
            <author>Autor</author>
        </book>
        <book>
            <title>Nazev</title>
            <author>Autor</author>
        </book>
        <book>
            <title>Nazev</title>
            <author>Autor</author>
        </book>
        <book>
            <title>Nazev</title>
            <author>Autor</author>
        </book>
        <book>
            <title>Nazev</title>
            <author>Autor</author>
        </book>
    </books>
</root>


--uuid:3fb67a13-43be-42fc-81e2-0b2da3effb05--
--------------------

]]></system-out>
  </testcase>
  <testcase name="test_DownloadBinary" classname="cz.tc.learn.ws.mtom.binary.FileStorageBinaryServiceImplV2Test" time="0.135">
    <system-out><![CDATA[=================================================

---[HTTP request - http://localhost:8081/mtom.ws/fileStorageBinaryService]---
Accept: application/soap+xml, multipart/related
Content-Type: multipart/related;start="<rootpart*89ec0f8b-80fe-418b-af0a-dd1f752b52aa@example.jaxws.sun.com>";type="application/xop+xml";boundary="uuid:89ec0f8b-80fe-418b-af0a-dd1f752b52aa";start-info="application/soap+xml;action=\"http://ws.learn.tc.cz/mtom/binary/api/fileStorageBinaryPort/downloadBinaryRequest\""
User-Agent: JAX-WS RI 2.3.5 git-revision#7ddc91f
--uuid:89ec0f8b-80fe-418b-af0a-dd1f752b52aa
Content-Id: <rootpart*89ec0f8b-80fe-418b-af0a-dd1f752b52aa@example.jaxws.sun.com>
Content-Type: application/xop+xml;charset=utf-8;type="application/soap+xml;action=\"http://ws.learn.tc.cz/mtom/binary/api/fileStorageBinaryPort/downloadBinaryRequest\""
Content-Transfer-Encoding: binary

<?xml version='1.0' encoding='UTF-8'?><S:Envelope xmlns:S="http://www.w3.org/2003/05/soap-envelope"><S:Body><ns3:filenameBinary xmlns:ns2="http://ws.learn.tc.cz/mtom/binary/types/" xmlns:ns3="http://ws.learn.tc.cz/mtom/binary/api">sample.xml</ns3:filenameBinary></S:Body></S:Envelope>
--uuid:89ec0f8b-80fe-418b-af0a-dd1f752b52aa--
--------------------

---[HTTP request]---
Accept: application/soap+xml, multipart/related
Connection: keep-alive
Host: localhost:8081
User-agent: JAX-WS RI 2.3.5 git-revision#7ddc91f
Content-type: multipart/related;start="<rootpart*89ec0f8b-80fe-418b-af0a-dd1f752b52aa@example.jaxws.sun.com>";type="application/xop+xml";boundary="uuid:89ec0f8b-80fe-418b-af0a-dd1f752b52aa";start-info="application/soap+xml;action=\"http://ws.learn.tc.cz/mtom/binary/api/fileStorageBinaryPort/downloadBinaryRequest\""
Content-length: 666
--uuid:89ec0f8b-80fe-418b-af0a-dd1f752b52aa
Content-Id: <rootpart*89ec0f8b-80fe-418b-af0a-dd1f752b52aa@example.jaxws.sun.com>
Content-Type: application/xop+xml;charset=utf-8;type="application/soap+xml;action=\"http://ws.learn.tc.cz/mtom/binary/api/fileStorageBinaryPort/downloadBinaryRequest\""
Content-Transfer-Encoding: binary

<?xml version='1.0' encoding='UTF-8'?><S:Envelope xmlns:S="http://www.w3.org/2003/05/soap-envelope"><S:Body><ns3:filenameBinary xmlns:ns2="http://ws.learn.tc.cz/mtom/binary/types/" xmlns:ns3="http://ws.learn.tc.cz/mtom/binary/api">sample.xml</ns3:filenameBinary></S:Body></S:Envelope>
--uuid:89ec0f8b-80fe-418b-af0a-dd1f752b52aa--
--------------------

---[HTTP response 200]---
Date: Mon, 02 May 2022 04:36:24 GMT
Transfer-encoding: chunked
Content-type: multipart/related;start="<rootpart*bda1d5bb-7e27-44aa-a2ab-3a4f293dbdb8@example.jaxws.sun.com>";type="application/xop+xml";boundary="uuid:bda1d5bb-7e27-44aa-a2ab-3a4f293dbdb8";start-info="application/soap+xml"
--uuid:bda1d5bb-7e27-44aa-a2ab-3a4f293dbdb8
Content-Id: <rootpart*bda1d5bb-7e27-44aa-a2ab-3a4f293dbdb8@example.jaxws.sun.com>
Content-Type: application/xop+xml;charset=utf-8;type="application/soap+xml"
Content-Transfer-Encoding: binary

<?xml version='1.0' encoding='UTF-8'?><S:Envelope xmlns:S="http://www.w3.org/2003/05/soap-envelope"><S:Body><ns2:fileBinary xmlns:ns2="http://ws.learn.tc.cz/mtom/binary/types/" xmlns:ns3="http://ws.learn.tc.cz/mtom/binary/api"><fileName>sample.xml</fileName><contentData><xop:Include xmlns:xop="http://www.w3.org/2004/08/xop/include" href="cid:cf96ffa9-99ab-4d5f-b278-e9550f9858eb@example.jaxws.sun.com"/></contentData></ns2:fileBinary></S:Body></S:Envelope>
--uuid:bda1d5bb-7e27-44aa-a2ab-3a4f293dbdb8
Content-Id: <cf96ffa9-99ab-4d5f-b278-e9550f9858eb@example.jaxws.sun.com>
Content-Type: application/octet-stream
Content-Transfer-Encoding: binary

<?xml version="1.0" encoding="UTF-8"?>
<root>
    <books>
        <book>
            <title>Nazev</title>
            <author>Autor</author>
        </book>
        <book>
            <title>Nazev</title>
            <author>Autor</author>
        </book>
        <book>
            <title>Nazev</title>
            <author>Autor</author>
        </book>
        <book>
            <title>Nazev</title>
            <author>Autor</author>
        </book>
        <book>
            <title>Nazev</title>
            <author>Autor</author>
        </book>
        <book>
            <title>Nazev</title>
            <author>Autor</author>
        </book>
        <book>
            <title>Nazev</title>
            <author>Autor</author>
        </book>
        <book>
            <title>Nazev</title>
            <author>Autor</author>
        </book>
        <book>
            <title>Nazev</title>
            <author>Autor</author>
        </book>
        <book>
            <title>Nazev</title>
            <author>Autor</author>
        </book>
        <book>
            <title>Nazev</title>
            <author>Autor</author>
        </book>
        <book>
            <title>Nazev</title>
            <author>Autor</author>
        </book>
        <book>
            <title>Nazev</title>
            <author>Autor</author>
        </book>
        <book>
            <title>Nazev</title>
            <author>Autor</author>
        </book>
        <book>
            <title>Nazev</title>
            <author>Autor</author>
        </book>
        <book>
            <title>Nazev</title>
            <author>Autor</author>
        </book>
        <book>
            <title>Nazev</title>
            <author>Autor</author>
        </book>
        <book>
            <title>Nazev</title>
            <author>Autor</author>
        </book>
        <book>
            <title>Nazev</title>
            <author>Autor</author>
        </book>
        <book>
            <title>Nazev</title>
            <author>Autor</author>
        </book>
        <book>
            <title>Nazev</title>
            <author>Autor</author>
        </book>
        <book>
            <title>Nazev</title>
            <author>Autor</author>
        </book>
        <book>
            <title>Nazev</title>
            <author>Autor</author>
        </book>
        <book>
            <title>Nazev</title>
            <author>Autor</author>
        </book>
        <book>
            <title>Nazev</title>
            <author>Autor</author>
        </book>
        <book>
            <title>Nazev</title>
            <author>Autor</author>
        </book>
        <book>
            <title>Nazev</title>
            <author>Autor</author>
        </book>
        <book>
            <title>Nazev</title>
            <author>Autor</author>
        </book>
        <book>
            <title>Nazev</title>
            <author>Autor</author>
        </book>
        <book>
            <title>Nazev</title>
            <author>Autor</author>
        </book>
        <book>
            <title>Nazev</title>
            <author>Autor</author>
        </book>
        <book>
            <title>Nazev</title>
            <author>Autor</author>
        </book>
        <book>
            <title>Nazev</title>
            <author>Autor</author>
        </book>
        <book>
            <title>Nazev</title>
            <author>Autor</author>
        </book>
        <book>
            <title>Nazev</title>
            <author>Autor</author>
        </book>
        <book>
            <title>Nazev</title>
            <author>Autor</author>
        </book>
        <book>
            <title>Nazev</title>
            <author>Autor</author>
        </book>
        <book>
            <title>Nazev</title>
            <author>Autor</author>
        </book>
        <book>
            <title>Nazev</title>
            <author>Autor</author>
        </book>
        <book>
            <title>Nazev</title>
            <author>Autor</author>
        </book>
        <book>
            <title>Nazev</title>
            <author>Autor</author>
        </book>
        <book>
            <title>Nazev</title>
            <author>Autor</author>
        </book>
        <book>
            <title>Nazev</title>
            <author>Autor</author>
        </book>
        <book>
            <title>Nazev</title>
            <author>Autor</author>
        </book>
        <book>
            <title>Nazev</title>
            <author>Autor</author>
        </book>
        <book>
            <title>Nazev</title>
            <author>Autor</author>
        </book>
        <book>
            <title>Nazev</title>
            <author>Autor</author>
        </book>
        <book>
            <title>Nazev</title>
            <author>Autor</author>
        </book>
        <book>
            <title>Nazev</title>
            <author>Autor</author>
        </book>
        <book>
            <title>Nazev</title>
            <author>Autor</author>
        </book>
        <book>
            <title>Nazev</title>
            <author>Autor</author>
        </book>
        <book>
            <title>Nazev</title>
            <author>Autor</author>
        </book>
        <book>
            <title>Nazev</title>
            <author>Autor</author>
        </book>
        <book>
            <title>Nazev</title>
            <author>Autor</author>
        </book>
        <book>
            <title>Nazev</title>
            <author>Autor</author>
        </book>
        <book>
            <title>Nazev</title>
            <author>Autor</author>
        </book>
        <book>
            <title>Nazev</title>
            <author>Autor</author>
        </book>
        <book>
            <title>Nazev</title>
            <author>Autor</author>
        </book>
        <book>
            <title>Nazev</title>
            <author>Autor</author>
        </book>
        <book>
            <title>Nazev</title>
            <author>Autor</author>
        </book>
        <book>
            <title>Nazev</title>
            <author>Autor</author>
        </book>
        <book>
            <title>Nazev</title>
            <author>Autor</author>
        </book>
        <book>
            <title>Nazev</title>
            <author>Autor</author>
        </book>
        <book>
            <title>Nazev</title>
            <author>Autor</author>
        </book>
        <book>
            <title>Nazev</title>
            <author>Autor</author>
        </book>
        <book>
            <title>Nazev</title>
            <author>Autor</author>
        </book>
        <book>
            <title>Nazev</title>
            <author>Autor</author>
        </book>
        <book>
            <title>Nazev</title>
            <author>Autor</author>
        </book>
        <book>
            <title>Nazev</title>
            <author>Autor</author>
        </book>
        <book>
            <title>Nazev</title>
            <author>Autor</author>
        </book>
        <book>
            <title>Nazev</title>
            <author>Autor</author>
        </book>
        <book>
            <title>Nazev</title>
            <author>Autor</author>
        </book>
        <book>
            <title>Nazev</title>
            <author>Autor</author>
        </book>
        <book>
            <title>Nazev</title>
            <author>Autor</author>
        </book>
        <book>
            <title>Nazev</title>
            <author>Autor</author>
        </book>
        <book>
            <title>Nazev</title>
            <author>Autor</author>
        </book>
        <book>
            <title>Nazev</title>
            <author>Autor</author>
        </book>
        <book>
            <title>Nazev</title>
            <author>Autor</author>
        </book>
        <book>
            <title>Nazev</title>
            <author>Autor</author>
        </book>
        <book>
            <title>Nazev</title>
            <author>Autor</author>
        </book>
        <book>
            <title>Nazev</title>
            <author>Autor</author>
        </book>
        <book>
            <title>Nazev</title>
            <author>Autor</author>
        </book>
        <book>
            <title>Nazev</title>
            <author>Autor</author>
        </book>
        <book>
            <title>Nazev</title>
            <author>Autor</author>
        </book>
        <book>
            <title>Nazev</title>
            <author>Autor</author>
        </book>
        <book>
            <title>Nazev</title>
            <author>Autor</author>
        </book>
        <book>
            <title>Nazev</title>
            <author>Autor</author>
        </book>
        <book>
            <title>Nazev</title>
            <author>Autor</author>
        </book>
        <book>
            <title>Nazev</title>
            <author>Autor</author>
        </book>
        <book>
            <title>Nazev</title>
            <author>Autor</author>
        </book>
        <book>
            <title>Nazev</title>
            <author>Autor</author>
        </book>
        <book>
            <title>Nazev</title>
            <author>Autor</author>
        </book>
        <book>
            <title>Nazev</title>
            <author>Autor</author>
        </book>
        <book>
            <title>Nazev</title>
            <author>Autor</author>
        </book>
        <book>
            <title>Nazev</title>
            <author>Autor</author>
        </book>
        <book>
            <title>Nazev</title>
            <author>Autor</author>
        </book>
        <book>
            <title>Nazev</title>
            <author>Autor</author>
        </book>
        <book>
            <title>Nazev</title>
            <author>Autor</author>
        </book>
        <book>
            <title>Nazev</title>
            <author>Autor</author>
        </book>
        <book>
            <title>Nazev</title>
            <author>Autor</author>
        </book>
        <book>
            <title>Nazev</title>
            <author>Autor</author>
        </book>
        <book>
            <title>Nazev</title>
            <author>Autor</author>
        </book>
        <book>
            <title>Nazev</title>
            <author>Autor</author>
        </book>
        <book>
            <title>Nazev</title>
            <author>Autor</author>
        </book>
        <book>
            <title>Nazev</title>
            <author>Autor</author>
        </book>
        <book>
            <title>Nazev</title>
            <author>Autor</author>
        </book>
        <book>
            <title>Nazev</title>
            <author>Autor</author>
        </book>
        <book>
            <title>Nazev</title>
            <author>Autor</author>
        </book>
        <book>
            <title>Nazev</title>
            <author>Autor</author>
        </book>
        <book>
            <title>Nazev</title>
            <author>Autor</author>
        </book>
        <book>
            <title>Nazev</title>
            <author>Autor</author>
        </book>
        <book>
            <title>Nazev</title>
            <author>Autor</author>
        </book>
        <book>
            <title>Nazev</title>
            <author>Autor</author>
        </book>
        <book>
            <title>Nazev</title>
            <author>Autor</author>
        </book>
        <book>
            <title>Nazev</title>
            <author>Autor</author>
        </book>
        <book>
            <title>Nazev</title>
            <author>Autor</author>
        </book>
        <book>
            <title>Nazev</title>
            <author>Autor</author>
        </book>
        <book>
            <title>Nazev</title>
            <author>Autor</author>
        </book>
        <book>
            <title>Nazev</title>
            <author>Autor</author>
        </book>
        <book>
            <title>Nazev</title>
            <author>Autor</author>
        </book>
        <book>
            <title>Nazev</title>
            <author>Autor</author>
        </book>
        <book>
            <title>Nazev</title>
            <author>Autor</author>
        </book>
        <book>
            <title>Nazev</title>
            <author>Autor</author>
        </book>
        <book>
            <title>Nazev</title>
            <author>Autor</author>
        </book>
        <book>
            <title>Nazev</title>
            <author>Autor</author>
        </book>
        <book>
            <title>Nazev</title>
            <author>Autor</author>
        </book>
        <book>
            <title>Nazev</title>
            <author>Autor</author>
        </book>
        <book>
            <title>Nazev</title>
            <author>Autor</author>
        </book>
        <book>
            <title>Nazev</title>
            <author>Autor</author>
        </book>
        <book>
            <title>Nazev</title>
            <author>Autor</author>
        </book>
        <book>
            <title>Nazev</title>
            <author>Autor</author>
        </book>
        <book>
            <title>Nazev</title>
            <author>Autor</author>
        </book>
        <book>
            <title>Nazev</title>
            <author>Autor</author>
        </book>
        <book>
            <title>Nazev</title>
            <author>Autor</author>
        </book>
        <book>
            <title>Nazev</title>
            <author>Autor</author>
        </book>
        <book>
            <title>Nazev</title>
            <author>Autor</author>
        </book>
        <book>
            <title>Nazev</title>
            <author>Autor</author>
        </book>
        <book>
            <title>Nazev</title>
            <author>Autor</author>
        </book>
        <book>
            <title>Nazev</title>
            <author>Autor</author>
        </book>
        <book>
            <title>Nazev</title>
            <author>Autor</author>
        </book>
        <book>
            <title>Nazev</title>
            <author>Autor</author>
        </book>
        <book>
            <title>Nazev</title>
            <author>Autor</author>
        </book>
        <book>
            <title>Nazev</title>
            <author>Autor</author>
        </book>
        <book>
            <title>Nazev</title>
            <author>Autor</author>
        </book>
        <book>
            <title>Nazev</title>
            <author>Autor</author>
        </book>
        <book>
            <title>Nazev</title>
            <author>Autor</author>
        </book>
        <book>
            <title>Nazev</title>
            <author>Autor</author>
        </book>
        <book>
            <title>Nazev</title>
            <author>Autor</author>
        </book>
        <book>
            <title>Nazev</title>
            <author>Autor</author>
        </book>
        <book>
            <title>Nazev</title>
            <author>Autor</author>
        </book>
        <book>
            <title>Nazev</title>
            <author>Autor</author>
        </book>
        <book>
            <title>Nazev</title>
            <author>Autor</author>
        </book>
        <book>
            <title>Nazev</title>
            <author>Autor</author>
        </book>
        <book>
            <title>Nazev</title>
            <author>Autor</author>
        </book>
        <book>
            <title>Nazev</title>
            <author>Autor</author>
        </book>
        <book>
            <title>Nazev</title>
            <author>Autor</author>
        </book>
        <book>
            <title>Nazev</title>
            <author>Autor</author>
        </book>
        <book>
            <title>Nazev</title>
            <author>Autor</author>
        </book>
        <book>
            <title>Nazev</title>
            <author>Autor</author>
        </book>
        <book>
            <title>Nazev</title>
            <author>Autor</author>
        </book>
        <book>
            <title>Nazev</title>
            <author>Autor</author>
        </book>
        <book>
            <title>Nazev</title>
            <author>Autor</author>
        </book>
        <book>
            <title>Nazev</title>
            <author>Autor</author>
        </book>
        <book>
            <title>Nazev</title>
            <author>Autor</author>
        </book>
        <book>
            <title>Nazev</title>
            <author>Autor</author>
        </book>
        <book>
            <title>Nazev</title>
            <author>Autor</author>
        </book>
        <book>
            <title>Nazev</title>
            <author>Autor</author>
        </book>
        <book>
            <title>Nazev</title>
            <author>Autor</author>
        </book>
        <book>
            <title>Nazev</title>
            <author>Autor</author>
        </book>
        <book>
            <title>Nazev</title>
            <author>Autor</author>
        </book>
        <book>
            <title>Nazev</title>
            <author>Autor</author>
        </book>
        <book>
            <title>Nazev</title>
            <author>Autor</author>
        </book>
        <book>
            <title>Nazev</title>
            <author>Autor</author>
        </book>
        <book>
            <title>Nazev</title>
            <author>Autor</author>
        </book>
        <book>
            <title>Nazev</title>
            <author>Autor</author>
        </book>
        <book>
            <title>Nazev</title>
            <author>Autor</author>
        </book>
        <book>
            <title>Nazev</title>
            <author>Autor</author>
        </book>
        <book>
            <title>Nazev</title>
            <author>Autor</author>
        </book>
        <book>
            <title>Nazev</title>
            <author>Autor</author>
        </book>
        <book>
            <title>Nazev</title>
            <author>Autor</author>
        </book>
        <book>
            <title>Nazev</title>
            <author>Autor</author>
        </book>
        <book>
            <title>Nazev</title>
            <author>Autor</author>
        </book>
        <book>
            <title>Nazev</title>
            <author>Autor</author>
        </book>
        <book>
            <title>Nazev</title>
            <author>Autor</author>
        </book>
        <book>
            <title>Nazev</title>
            <author>Autor</author>
        </book>
        <book>
            <title>Nazev</title>
            <author>Autor</author>
        </book>
        <book>
            <title>Nazev</title>
            <author>Autor</author>
        </book>
        <book>
            <title>Nazev</title>
            <author>Autor</author>
        </book>
        <book>
            <title>Nazev</title>
            <author>Autor</author>
        </book>
        <book>
            <title>Nazev</title>
            <author>Autor</author>
        </book>
        <book>
            <title>Nazev</title>
            <author>Autor</author>
        </book>
        <book>
            <title>Nazev</title>
            <author>Autor</author>
        </book>
        <book>
            <title>Nazev</title>
            <author>Autor</author>
        </book>
        <book>
            <title>Nazev</title>
            <author>Autor</author>
        </book>
        <book>
            <title>Nazev</title>
            <author>Autor</author>
        </book>
        <book>
            <title>Nazev</title>
            <author>Autor</author>
        </book>
        <book>
            <title>Nazev</title>
            <author>Autor</author>
        </book>
        <book>
            <title>Nazev</title>
            <author>Autor</author>
        </book>
        <book>
            <title>Nazev</title>
            <author>Autor</author>
        </book>
        <book>
            <title>Nazev</title>
            <author>Autor</author>
        </book>
        <book>
            <title>Nazev</title>
            <author>Autor</author>
        </book>
        <book>
            <title>Nazev</title>
            <author>Autor</author>
        </book>
        <book>
            <title>Nazev</title>
            <author>Autor</author>
        </book>
        <book>
            <title>Nazev</title>
            <author>Autor</author>
        </book>
        <book>
            <title>Nazev</title>
            <author>Autor</author>
        </book>
        <book>
            <title>Nazev</title>
            <author>Autor</author>
        </book>
        <book>
            <title>Nazev</title>
            <author>Autor</author>
        </book>
        <book>
            <title>Nazev</title>
            <author>Autor</author>
        </book>
        <book>
            <title>Nazev</title>
            <author>Autor</author>
        </book>
        <book>
            <title>Nazev</title>
            <author>Autor</author>
        </book>
        <book>
            <title>Nazev</title>
            <author>Autor</author>
        </book>
        <book>
            <title>Nazev</title>
            <author>Autor</author>
        </book>
        <book>
            <title>Nazev</title>
            <author>Autor</author>
        </book>
        <book>
            <title>Nazev</title>
            <author>Autor</author>
        </book>
        <book>
            <title>Nazev</title>
            <author>Autor</author>
        </book>
        <book>
            <title>Nazev</title>
            <author>Autor</author>
        </book>
        <book>
            <title>Nazev</title>
            <author>Autor</author>
        </book>
        <book>
            <title>Nazev</title>
            <author>Autor</author>
        </book>
        <book>
            <title>Nazev</title>
            <author>Autor</author>
        </book>
        <book>
            <title>Nazev</title>
            <author>Autor</author>
        </book>
        <book>
            <title>Nazev</title>
            <author>Autor</author>
        </book>
        <book>
            <title>Nazev</title>
            <author>Autor</author>
        </book>
        <book>
            <title>Nazev</title>
            <author>Autor</author>
        </book>
        <book>
            <title>Nazev</title>
            <author>Autor</author>
        </book>
        <book>
            <title>Nazev</title>
            <author>Autor</author>
        </book>
        <book>
            <title>Nazev</title>
            <author>Autor</author>
        </book>
        <book>
            <title>Nazev</title>
            <author>Autor</author>
        </book>
        <book>
            <title>Nazev</title>
            <author>Autor</author>
        </book>
        <book>
            <title>Nazev</title>
            <author>Autor</author>
        </book>
        <book>
            <title>Nazev</title>
            <author>Autor</author>
        </book>
        <book>
            <title>Nazev</title>
            <author>Autor</author>
        </book>
        <book>
            <title>Nazev</title>
            <author>Autor</author>
        </book>
        <book>
            <title>Nazev</title>
            <author>Autor</author>
        </book>
        <book>
            <title>Nazev</title>
            <author>Autor</author>
        </book>
        <book>
            <title>Nazev</title>
            <author>Autor</author>
        </book>
        <book>
            <title>Nazev</title>
            <author>Autor</author>
        </book>
        <book>
            <title>Nazev</title>
            <author>Autor</author>
        </book>
        <book>
            <title>Nazev</title>
            <author>Autor</author>
        </book>
        <book>
            <title>Nazev</title>
            <author>Autor</author>
        </book>
        <book>
            <title>Nazev</title>
            <author>Autor</author>
        </book>
        <book>
            <title>Nazev</title>
            <author>Autor</author>
        </book>
        <book>
            <title>Nazev</title>
            <author>Autor</author>
        </book>
        <book>
            <title>Nazev</title>
            <author>Autor</author>
        </book>
        <book>
            <title>Nazev</title>
            <author>Autor</author>
        </book>
        <book>
            <title>Nazev</title>
            <author>Autor</author>
        </book>
        <book>
            <title>Nazev</title>
            <author>Autor</author>
        </book>
        <book>
            <title>Nazev</title>
            <author>Autor</author>
        </book>
        <book>
            <title>Nazev</title>
            <author>Autor</author>
        </book>
        <book>
            <title>Nazev</title>
            <author>Autor</author>
        </book>
        <book>
            <title>Nazev</title>
            <author>Autor</author>
        </book>
        <book>
            <title>Nazev</title>
            <author>Autor</author>
        </book>
        <book>
            <title>Nazev</title>
            <author>Autor</author>
        </book>
        <book>
            <title>Nazev</title>
            <author>Autor</author>
        </book>
        <book>
            <title>Nazev</title>
            <author>Autor</author>
        </book>
        <book>
            <title>Nazev</title>
            <author>Autor</author>
        </book>
        <book>
            <title>Nazev</title>
            <author>Autor</author>
        </book>
        <book>
            <title>Nazev</title>
            <author>Autor</author>
        </book>
        <book>
            <title>Nazev</title>
            <author>Autor</author>
        </book>
        <book>
            <title>Nazev</title>
            <author>Autor</author>
        </book>
        <book>
            <title>Nazev</title>
            <author>Autor</author>
        </book>
        <book>
            <title>Nazev</title>
            <author>Autor</author>
        </book>
        <book>
            <title>Nazev</title>
            <author>Autor</author>
        </book>
        <book>
            <title>Nazev</title>
            <author>Autor</author>
        </book>
        <book>
            <title>Nazev</title>
            <author>Autor</author>
        </book>
        <book>
            <title>Nazev</title>
            <author>Autor</author>
        </book>
        <book>
            <title>Nazev</title>
            <author>Autor</author>
        </book>
        <book>
            <title>Nazev</title>
            <author>Autor</author>
        </book>
        <book>
            <title>Nazev</title>
            <author>Autor</author>
        </book>
        <book>
            <title>Nazev</title>
            <author>Autor</author>
        </book>
        <book>
            <title>Nazev</title>
            <author>Autor</author>
        </book>
        <book>
            <title>Nazev</title>
            <author>Autor</author>
        </book>
        <book>
            <title>Nazev</title>
            <author>Autor</author>
        </book>
        <book>
            <title>Nazev</title>
            <author>Autor</author>
        </book>
        <book>
            <title>Nazev</title>
            <author>Autor</author>
        </book>
        <book>
            <title>Nazev</title>
            <author>Autor</author>
        </book>
        <book>
            <title>Nazev</title>
            <author>Autor</author>
        </book>
        <book>
            <title>Nazev</title>
            <author>Autor</author>
        </book>
        <book>
            <title>Nazev</title>
            <author>Autor</author>
        </book>
        <book>
            <title>Nazev</title>
            <author>Autor</author>
        </book>
        <book>
            <title>Nazev</title>
            <author>Autor</author>
        </book>
        <book>
            <title>Nazev</title>
            <author>Autor</author>
        </book>
        <book>
            <title>Nazev</title>
            <author>Autor</author>
        </book>
        <book>
            <title>Nazev</title>
            <author>Autor</author>
        </book>
        <book>
            <title>Nazev</title>
            <author>Autor</author>
        </book>
        <book>
            <title>Nazev</title>
            <author>Autor</author>
        </book>
        <book>
            <title>Nazev</title>
            <author>Autor</author>
        </book>
        <book>
            <title>Nazev</title>
            <author>Autor</author>
        </book>
        <book>
            <title>Nazev</title>
            <author>Autor</author>
        </book>
        <book>
            <title>Nazev</title>
            <author>Autor</author>
        </book>
        <book>
            <title>Nazev</title>
            <author>Autor</author>
        </book>
        <book>
            <title>Nazev</title>
            <author>Autor</author>
        </book>
        <book>
            <title>Nazev</title>
            <author>Autor</author>
        </book>
        <book>
            <title>Nazev</title>
            <author>Autor</author>
        </book>
        <book>
            <title>Nazev</title>
            <author>Autor</author>
        </book>
        <book>
            <title>Nazev</title>
            <author>Autor</author>
        </book>
        <book>
            <title>Nazev</title>
            <author>Autor</author>
        </book>
        <book>
            <title>Nazev</title>
            <author>Autor</author>
        </book>
        <book>
            <title>Nazev</title>
            <author>Autor</author>
        </book>
        <book>
            <title>Nazev</title>
            <author>Autor</author>
        </book>
        <book>
            <title>Nazev</title>
            <author>Autor</author>
        </book>
        <book>
            <title>Nazev</title>
            <author>Autor</author>
        </book>
        <book>
            <title>Nazev</title>
            <author>Autor</author>
        </book>
        <book>
            <title>Nazev</title>
            <author>Autor</author>
        </book>
        <book>
            <title>Nazev</title>
            <author>Autor</author>
        </book>
        <book>
            <title>Nazev</title>
            <author>Autor</author>
        </book>
        <book>
            <title>Nazev</title>
            <author>Autor</author>
        </book>
        <book>
            <title>Nazev</title>
            <author>Autor</author>
        </book>
        <book>
            <title>Nazev</title>
            <author>Autor</author>
        </book>
        <book>
            <title>Nazev</title>
            <author>Autor</author>
        </book>
        <book>
            <title>Nazev</title>
            <author>Autor</author>
        </book>
        <book>
            <title>Nazev</title>
            <author>Autor</author>
        </book>
        <book>
            <title>Nazev</title>
            <author>Autor</author>
        </book>
        <book>
            <title>Nazev</title>
            <author>Autor</author>
        </book>
        <book>
            <title>Nazev</title>
            <author>Autor</author>
        </book>
        <book>
            <title>Nazev</title>
            <author>Autor</author>
        </book>
        <book>
            <title>Nazev</title>
            <author>Autor</author>
        </book>
        <book>
            <title>Nazev</title>
            <author>Autor</author>
        </book>
        <book>
            <title>Nazev</title>
            <author>Autor</author>
        </book>
        <book>
            <title>Nazev</title>
            <author>Autor</author>
        </book>
        <book>
            <title>Nazev</title>
            <author>Autor</author>
        </book>
        <book>
            <title>Nazev</title>
            <author>Autor</author>
        </book>
        <book>
            <title>Nazev</title>
            <author>Autor</author>
        </book>
        <book>
            <title>Nazev</title>
            <author>Autor</author>
        </book>
        <book>
            <title>Nazev</title>
            <author>Autor</author>
        </book>
        <book>
            <title>Nazev</title>
            <author>Autor</author>
        </book>
        <book>
            <title>Nazev</title>
            <author>Autor</author>
        </book>
        <book>
            <title>Nazev</title>
            <author>Autor</author>
        </book>
        <book>
            <title>Nazev</title>
            <author>Autor</author>
        </book>
        <book>
            <title>Nazev</title>
            <author>Autor</author>
        </book>
        <book>
            <title>Nazev</title>
            <author>Autor</author>
        </book>
        <book>
            <title>Nazev</title>
            <author>Autor</author>
        </book>
        <book>
            <title>Nazev</title>
            <author>Autor</author>
        </book>
        <book>
            <title>Nazev</title>
            <author>Autor</author>
        </book>
        <book>
            <title>Nazev</title>
            <author>Autor</author>
        </book>
        <book>
            <title>Nazev</title>
            <author>Autor</author>
        </book>
        <book>
            <title>Nazev</title>
            <author>Autor</author>
        </book>
        <book>
            <title>Nazev</title>
            <author>Autor</author>
        </book>
        <book>
            <title>Nazev</title>
            <author>Autor</author>
        </book>
        <book>
            <title>Nazev</title>
            <author>Autor</author>
        </book>
        <book>
            <title>Nazev</title>
            <author>Autor</author>
        </book>
        <book>
            <title>Nazev</title>
            <author>Autor</author>
        </book>
        <book>
            <title>Nazev</title>
            <author>Autor</author>
        </book>
        <book>
            <title>Nazev</title>
            <author>Autor</author>
        </book>
        <book>
            <title>Nazev</title>
            <author>Autor</author>
        </book>
        <book>
            <title>Nazev</title>
            <author>Autor</author>
        </book>
        <book>
            <title>Nazev</title>
            <author>Autor</author>
        </book>
        <book>
            <title>Nazev</title>
            <author>Autor</author>
        </book>
        <book>
            <title>Nazev</title>
            <author>Autor</author>
        </book>
        <book>
            <title>Nazev</title>
            <author>Autor</author>
        </book>
        <book>
            <title>Nazev</title>
            <author>Autor</author>
        </book>
        <book>
            <title>Nazev</title>
            <author>Autor</author>
        </book>
        <book>
            <title>Nazev</title>
            <author>Autor</author>
        </book>
        <book>
            <title>Nazev</title>
            <author>Autor</author>
        </book>
        <book>
            <title>Nazev</title>
            <author>Autor</author>
        </book>
        <book>
            <title>Nazev</title>
            <author>Autor</author>
        </book>
        <book>
            <title>Nazev</title>
            <author>Autor</author>
        </book>
        <book>
            <title>Nazev</title>
            <author>Autor</author>
        </book>
        <book>
            <title>Nazev</title>
            <author>Autor</author>
        </book>
        <book>
            <title>Nazev</title>
            <author>Autor</author>
        </book>
        <book>
            <title>Nazev</title>
            <author>Autor</author>
        </book>
        <book>
            <title>Nazev</title>
            <author>Autor</author>
        </book>
        <book>
            <title>Nazev</title>
            <author>Autor</author>
        </book>
        <book>
            <title>Nazev</title>
            <author>Autor</author>
        </book>
        <book>
            <title>Nazev</title>
            <author>Autor</author>
        </book>
        <book>
            <title>Nazev</title>
            <author>Autor</author>
        </book>
        <book>
            <title>Nazev</title>
            <author>Autor</author>
        </book>
        <book>
            <title>Nazev</title>
            <author>Autor</author>
        </book>
        <book>
            <title>Nazev</title>
            <author>Autor</author>
        </book>
        <book>
            <title>Nazev</title>
            <author>Autor</author>
        </book>
        <book>
            <title>Nazev</title>
            <author>Autor</author>
        </book>
        <book>
            <title>Nazev</title>
            <author>Autor</author>
        </book>
        <book>
            <title>Nazev</title>
            <author>Autor</author>
        </book>
        <book>
            <title>Nazev</title>
            <author>Autor</author>
        </book>
        <book>
            <title>Nazev</title>
            <author>Autor</author>
        </book>
        <book>
            <title>Nazev</title>
            <author>Autor</author>
        </book>
        <book>
            <title>Nazev</title>
            <author>Autor</author>
        </book>
        <book>
            <title>Nazev</title>
            <author>Autor</author>
        </book>
        <book>
            <title>Nazev</title>
            <author>Autor</author>
        </book>
        <book>
            <title>Nazev</title>
            <author>Autor</author>
        </book>
        <book>
            <title>Nazev</title>
            <author>Autor</author>
        </book>
        <book>
            <title>Nazev</title>
            <author>Autor</author>
        </book>
        <book>
            <title>Nazev</title>
            <author>Autor</author>
        </book>
        <book>
            <title>Nazev</title>
            <author>Autor</author>
        </book>
        <book>
            <title>Nazev</title>
            <author>Autor</author>
        </book>
        <book>
            <title>Nazev</title>
            <author>Autor</author>
        </book>
        <book>
            <title>Nazev</title>
            <author>Autor</author>
        </book>
        <book>
            <title>Nazev</title>
            <author>Autor</author>
        </book>
        <book>
            <title>Nazev</title>
            <author>Autor</author>
        </book>
        <book>
            <title>Nazev</title>
            <author>Autor</author>
        </book>
        <book>
            <title>Nazev</title>
            <author>Autor</author>
        </book>
        <book>
            <title>Nazev</title>
            <author>Autor</author>
        </book>
        <book>
            <title>Nazev</title>
            <author>Autor</author>
        </book>
        <book>
            <title>Nazev</title>
            <author>Autor</author>
        </book>
        <book>
            <title>Nazev</title>
            <author>Autor</author>
        </book>
        <book>
            <title>Nazev</title>
            <author>Autor</author>
        </book>
        <book>
            <title>Nazev</title>
            <author>Autor</author>
        </book>
        <book>
            <title>Nazev</title>
            <author>Autor</author>
        </book>
        <book>
            <title>Nazev</title>
            <author>Autor</author>
        </book>
        <book>
            <title>Nazev</title>
            <author>Autor</author>
        </book>
        <book>
            <title>Nazev</title>
            <author>Autor</author>
        </book>
        <book>
            <title>Nazev</title>
            <author>Autor</author>
        </book>
        <book>
            <title>Nazev</title>
            <author>Autor</author>
        </book>
        <book>
            <title>Nazev</title>
            <author>Autor</author>
        </book>
        <book>
            <title>Nazev</title>
            <author>Autor</author>
        </book>
        <book>
            <title>Nazev</title>
            <author>Autor</author>
        </book>
        <book>
            <title>Nazev</title>
            <author>Autor</author>
        </book>
        <book>
            <title>Nazev</title>
            <author>Autor</author>
        </book>
        <book>
            <title>Nazev</title>
            <author>Autor</author>
        </book>
        <book>
            <title>Nazev</title>
            <author>Autor</author>
        </book>
        <book>
            <title>Nazev</title>
            <author>Autor</author>
        </book>
        <book>
            <title>Nazev</title>
            <author>Autor</author>
        </book>
        <book>
            <title>Nazev</title>
            <author>Autor</author>
        </book>
        <book>
            <title>Nazev</title>
            <author>Autor</author>
        </book>
        <book>
            <title>Nazev</title>
            <author>Autor</author>
        </book>
        <book>
            <title>Nazev</title>
            <author>Autor</author>
        </book>
        <book>
            <title>Nazev</title>
            <author>Autor</author>
        </book>
        <book>
            <title>Nazev</title>
            <author>Autor</author>
        </book>
        <book>
            <title>Nazev</title>
            <author>Autor</author>
        </book>
        <book>
            <title>Nazev</title>
            <author>Autor</author>
        </book>
        <book>
            <title>Nazev</title>
            <author>Autor</author>
        </book>
        <book>
            <title>Nazev</title>
            <author>Autor</author>
        </book>
        <book>
            <title>Nazev</title>
            <author>Autor</author>
        </book>
        <book>
            <title>Nazev</title>
            <author>Autor</author>
        </book>
        <book>
            <title>Nazev</title>
            <author>Autor</author>
        </book>
        <book>
            <title>Nazev</title>
            <author>Autor</author>
        </book>
        <book>
            <title>Nazev</title>
            <author>Autor</author>
        </book>
        <book>
            <title>Nazev</title>
            <author>Autor</author>
        </book>
        <book>
            <title>Nazev</title>
            <author>Autor</author>
        </book>
        <book>
            <title>Nazev</title>
            <author>Autor</author>
        </book>
        <book>
            <title>Nazev</title>
            <author>Autor</author>
        </book>
        <book>
            <title>Nazev</title>
            <author>Autor</author>
        </book>
        <book>
            <title>Nazev</title>
            <author>Autor</author>
        </book>
        <book>
            <title>Nazev</title>
            <author>Autor</author>
        </book>
        <book>
            <title>Nazev</title>
            <author>Autor</author>
        </book>
        <book>
            <title>Nazev</title>
            <author>Autor</author>
        </book>
        <book>
            <title>Nazev</title>
            <author>Autor</author>
        </book>
        <book>
            <title>Nazev</title>
            <author>Autor</author>
        </book>
        <book>
            <title>Nazev</title>
            <author>Autor</author>
        </book>
        <book>
            <title>Nazev</title>
            <author>Autor</author>
        </book>
        <book>
            <title>Nazev</title>
            <author>Autor</author>
        </book>
        <book>
            <title>Nazev</title>
            <author>Autor</author>
        </book>
        <book>
            <title>Nazev</title>
            <author>Autor</author>
        </book>
        <book>
            <title>Nazev</title>
            <author>Autor</author>
        </book>
        <book>
            <title>Nazev</title>
            <author>Autor</author>
        </book>
        <book>
            <title>Nazev</title>
            <author>Autor</author>
        </book>
        <book>
            <title>Nazev</title>
            <author>Autor</author>
        </book>
        <book>
            <title>Nazev</title>
            <author>Autor</author>
        </book>
        <book>
            <title>Nazev</title>
            <author>Autor</author>
        </book>
        <book>
            <title>Nazev</title>
            <author>Autor</author>
        </book>
        <book>
            <title>Nazev</title>
            <author>Autor</author>
        </book>
        <book>
            <title>Nazev</title>
            <author>Autor</author>
        </book>
        <book>
            <title>Nazev</title>
            <author>Autor</author>
        </book>
        <book>
            <title>Nazev</title>
            <author>Autor</author>
        </book>
        <book>
            <title>Nazev</title>
            <author>Autor</author>
        </book>
        <book>
            <title>Nazev</title>
            <author>Autor</author>
        </book>
        <book>
            <title>Nazev</title>
            <author>Autor</author>
        </book>
        <book>
            <title>Nazev</title>
            <author>Autor</author>
        </book>
        <book>
            <title>Nazev</title>
            <author>Autor</author>
        </book>
        <book>
            <title>Nazev</title>
            <author>Autor</author>
        </book>
        <book>
            <title>Nazev</title>
            <author>Autor</author>
        </book>
        <book>
            <title>Nazev</title>
            <author>Autor</author>
        </book>
        <book>
            <title>Nazev</title>
            <author>Autor</author>
        </book>
        <book>
            <title>Nazev</title>
            <author>Autor</author>
        </book>
        <book>
            <title>Nazev</title>
            <author>Autor</author>
        </book>
        <book>
            <title>Nazev</title>
            <author>Autor</author>
        </book>
        <book>
            <title>Nazev</title>
            <author>Autor</author>
        </book>
        <book>
            <title>Nazev</title>
            <author>Autor</author>
        </book>
        <book>
            <title>Nazev</title>
            <author>Autor</author>
        </book>
        <book>
            <title>Nazev</title>
            <author>Autor</author>
        </book>
        <book>
            <title>Nazev</title>
            <author>Autor</author>
        </book>
        <book>
            <title>Nazev</title>
            <author>Autor</author>
        </book>
        <book>
            <title>Nazev</title>
            <author>Autor</author>
        </book>
        <book>
            <title>Nazev</title>
            <author>Autor</author>
        </book>
        <book>
            <title>Nazev</title>
            <author>Autor</author>
        </book>
        <book>
            <title>Nazev</title>
            <author>Autor</author>
        </book>
        <book>
            <title>Nazev</title>
            <author>Autor</author>
        </book>
        <book>
            <title>Nazev</title>
            <author>Autor</author>
        </book>
        <book>
            <title>Nazev</title>
            <author>Autor</author>
        </book>
        <book>
            <title>Nazev</title>
            <author>Autor</author>
        </book>
        <book>
            <title>Nazev</title>
            <author>Autor</author>
        </book>
        <book>
            <title>Nazev</title>
            <author>Autor</author>
        </book>
        <book>
            <title>Nazev</title>
            <author>Autor</author>
        </book>
        <book>
            <title>Nazev</title>
            <author>Autor</author>
        </book>
        <book>
            <title>Nazev</title>
            <author>Autor</author>
        </book>
        <book>
            <title>Nazev</title>
            <author>Autor</author>
        </book>
        <book>
            <title>Nazev</title>
            <author>Autor</author>
        </book>
        <book>
            <title>Nazev</title>
            <author>Autor</author>
        </book>
        <book>
            <title>Nazev</title>
            <author>Autor</author>
        </book>
        <book>
            <title>Nazev</title>
            <author>Autor</author>
        </book>
        <book>
            <title>Nazev</title>
            <author>Autor</author>
        </book>
        <book>
            <title>Nazev</title>
            <author>Autor</author>
        </book>
        <book>
            <title>Nazev</title>
            <author>Autor</author>
        </book>
        <book>
            <title>Nazev</title>
            <author>Autor</author>
        </book>
        <book>
            <title>Nazev</title>
            <author>Autor</author>
        </book>
        <book>
            <title>Nazev</title>
            <author>Autor</author>
        </book>
        <book>
            <title>Nazev</title>
            <author>Autor</author>
        </book>
        <book>
            <title>Nazev</title>
            <author>Autor</author>
        </book>
        <book>
            <title>Nazev</title>
            <author>Autor</author>
        </book>
        <book>
            <title>Nazev</title>
            <author>Autor</author>
        </book>
        <book>
            <title>Nazev</title>
            <author>Autor</author>
        </book>
        <book>
            <title>Nazev</title>
            <author>Autor</author>
        </book>
        <book>
            <title>Nazev</title>
            <author>Autor</author>
        </book>
        <book>
            <title>Nazev</title>
            <author>Autor</author>
        </book>
        <book>
            <title>Nazev</title>
            <author>Autor</author>
        </book>
        <book>
            <title>Nazev</title>
            <author>Autor</author>
        </book>
        <book>
            <title>Nazev</title>
            <author>Autor</author>
        </book>
        <book>
            <title>Nazev</title>
            <author>Autor</author>
        </book>
        <book>
            <title>Nazev</title>
            <author>Autor</author>
        </book>
        <book>
            <title>Nazev</title>
            <author>Autor</author>
        </book>
        <book>
            <title>Nazev</title>
            <author>Autor</author>
        </book>
        <book>
            <title>Nazev</title>
            <author>Autor</author>
        </book>
        <book>
            <title>Nazev</title>
            <author>Autor</author>
        </book>
        <book>
            <title>Nazev</title>
            <author>Autor</author>
        </book>
        <book>
            <title>Nazev</title>
            <author>Autor</author>
        </book>
        <book>
            <title>Nazev</title>
            <author>Autor</author>
        </book>
        <book>
            <title>Nazev</title>
            <author>Autor</author>
        </book>
        <book>
            <title>Nazev</title>
            <author>Autor</author>
        </book>
        <book>
            <title>Nazev</title>
            <author>Autor</author>
        </book>
        <book>
            <title>Nazev</title>
            <author>Autor</author>
        </book>
        <book>
            <title>Nazev</title>
            <author>Autor</author>
        </book>
        <book>
            <title>Nazev</title>
            <author>Autor</author>
        </book>
        <book>
            <title>Nazev</title>
            <author>Autor</author>
        </book>
        <book>
            <title>Nazev</title>
            <author>Autor</author>
        </book>
        <book>
            <title>Nazev</title>
            <author>Autor</author>
        </book>
        <book>
            <title>Nazev</title>
            <author>Autor</author>
        </book>
        <book>
            <title>Nazev</title>
            <author>Autor</author>
        </book>
        <book>
            <title>Nazev</title>
            <author>Autor</author>
        </book>
        <book>
            <title>Nazev</title>
            <author>Autor</author>
        </book>
        <book>
            <title>Nazev</title>
            <author>Autor</author>
        </book>
        <book>
            <title>Nazev</title>
            <author>Autor</author>
        </book>
        <book>
            <title>Nazev</title>
            <author>Autor</author>
        </book>
        <book>
            <title>Nazev</title>
            <author>Autor</author>
        </book>
        <book>
            <title>Nazev</title>
            <author>Autor</author>
        </book>
        <book>
            <title>Nazev</title>
            <author>Autor</author>
        </book>
        <book>
            <title>Nazev</title>
            <author>Autor</author>
        </book>
        <book>
            <title>Nazev</title>
            <author>Autor</author>
        </book>
        <book>
            <title>Nazev</title>
            <author>Autor</author>
        </book>
        <book>
            <title>Nazev</title>
            <author>Autor</author>
        </book>
        <book>
            <title>Nazev</title>
            <author>Autor</author>
        </book>
        <book>
            <title>Nazev</title>
            <author>Autor</author>
        </book>
        <book>
            <title>Nazev</title>
            <author>Autor</author>
        </book>
        <book>
            <title>Nazev</title>
            <author>Autor</author>
        </book>
        <book>
            <title>Nazev</title>
            <author>Autor</author>
        </book>
        <book>
            <title>Nazev</title>
            <author>Autor</author>
        </book>
        <book>
            <title>Nazev</title>
            <author>Autor</author>
        </book>
        <book>
            <title>Nazev</title>
            <author>Autor</author>
        </book>
        <book>
            <title>Nazev</title>
            <author>Autor</author>
        </book>
        <book>
            <title>Nazev</title>
            <author>Autor</author>
        </book>
        <book>
            <title>Nazev</title>
            <author>Autor</author>
        </book>
        <book>
            <title>Nazev</title>
            <author>Autor</author>
        </book>
        <book>
            <title>Nazev</title>
            <author>Autor</author>
        </book>
        <book>
            <title>Nazev</title>
            <author>Autor</author>
        </book>
        <book>
            <title>Nazev</title>
            <author>Autor</author>
        </book>
        <book>
            <title>Nazev</title>
            <author>Autor</author>
        </book>
        <book>
            <title>Nazev</title>
            <author>Autor</author>
        </book>
        <book>
            <title>Nazev</title>
            <author>Autor</author>
        </book>
        <book>
            <title>Nazev</title>
            <author>Autor</author>
        </book>
        <book>
            <title>Nazev</title>
            <author>Autor</author>
        </book>
        <book>
            <title>Nazev</title>
            <author>Autor</author>
        </book>
        <book>
            <title>Nazev</title>
            <author>Autor</author>
        </book>
        <book>
            <title>Nazev</title>
            <author>Autor</author>
        </book>
        <book>
            <title>Nazev</title>
            <author>Autor</author>
        </book>
        <book>
            <title>Nazev</title>
            <author>Autor</author>
        </book>
        <book>
            <title>Nazev</title>
            <author>Autor</author>
        </book>
        <book>
            <title>Nazev</title>
            <author>Autor</author>
        </book>
        <book>
            <title>Nazev</title>
            <author>Autor</author>
        </book>
        <book>
            <title>Nazev</title>
            <author>Autor</author>
        </book>
        <book>
            <title>Nazev</title>
            <author>Autor</author>
        </book>
        <book>
            <title>Nazev</title>
            <author>Autor</author>
        </book>
        <book>
            <title>Nazev</title>
            <author>Autor</author>
        </book>
        <book>
            <title>Nazev</title>
            <author>Autor</author>
        </book>
        <book>
            <title>Nazev</title>
            <author>Autor</author>
        </book>
        <book>
            <title>Nazev</title>
            <author>Autor</author>
        </book>
        <book>
            <title>Nazev</title>
            <author>Autor</author>
        </book>
        <book>
            <title>Nazev</title>
            <author>Autor</author>
        </book>
        <book>
            <title>Nazev</title>
            <author>Autor</author>
        </book>
        <book>
            <title>Nazev</title>
            <author>Autor</author>
        </book>
        <book>
            <title>Nazev</title>
            <author>Autor</author>
        </book>
        <book>
            <title>Nazev</title>
            <author>Autor</author>
        </book>
        <book>
            <title>Nazev</title>
            <author>Autor</author>
        </book>
        <book>
            <title>Nazev</title>
            <author>Autor</author>
        </book>
        <book>
            <title>Nazev</title>
            <author>Autor</author>
        </book>
        <book>
            <title>Nazev</title>
            <author>Autor</author>
        </book>
        <book>
            <title>Nazev</title>
            <author>Autor</author>
        </book>
        <book>
            <title>Nazev</title>
            <author>Autor</author>
        </book>
        <book>
            <title>Nazev</title>
            <author>Autor</author>
        </book>
        <book>
            <title>Nazev</title>
            <author>Autor</author>
        </book>
        <book>
            <title>Nazev</title>
            <author>Autor</author>
        </book>
        <book>
            <title>Nazev</title>
            <author>Autor</author>
        </book>
        <book>
            <title>Nazev</title>
            <author>Autor</author>
        </book>
        <book>
            <title>Nazev</title>
            <author>Autor</author>
        </book>
        <book>
            <title>Nazev</title>
            <author>Autor</author>
        </book>
        <book>
            <title>Nazev</title>
            <author>Autor</author>
        </book>
        <book>
            <title>Nazev</title>
            <author>Autor</author>
        </book>
        <book>
            <title>Nazev</title>
            <author>Autor</author>
        </book>
        <book>
            <title>Nazev</title>
            <author>Autor</author>
        </book>
        <book>
            <title>Nazev</title>
            <author>Autor</author>
        </book>
        <book>
            <title>Nazev</title>
            <author>Autor</author>
        </book>
        <book>
            <title>Nazev</title>
            <author>Autor</author>
        </book>
        <book>
            <title>Nazev</title>
            <author>Autor</author>
        </book>
        <book>
            <title>Nazev</title>
            <author>Autor</author>
        </book>
        <book>
            <title>Nazev</title>
            <author>Autor</author>
        </book>
        <book>
            <title>Nazev</title>
            <author>Autor</author>
        </book>
        <book>
            <title>Nazev</title>
            <author>Autor</author>
        </book>
        <book>
            <title>Nazev</title>
            <author>Autor</author>
        </book>
        <book>
            <title>Nazev</title>
            <author>Autor</author>
        </book>
        <book>
            <title>Nazev</title>
            <author>Autor</author>
        </book>
        <book>
            <title>Nazev</title>
            <author>Autor</author>
        </book>
        <book>
            <title>Nazev</title>
            <author>Autor</author>
        </book>
        <book>
            <title>Nazev</title>
            <author>Autor</author>
        </book>
        <book>
            <title>Nazev</title>
            <author>Autor</author>
        </book>
        <book>
            <title>Nazev</title>
            <author>Autor</author>
        </book>
        <book>
            <title>Nazev</title>
            <author>Autor</author>
        </book>
        <book>
            <title>Nazev</title>
            <author>Autor</author>
        </book>
        <book>
            <title>Nazev</title>
            <author>Autor</author>
        </book>
        <book>
            <title>Nazev</title>
            <author>Autor</author>
        </book>
        <book>
            <title>Nazev</title>
            <author>Autor</author>
        </book>
        <book>
            <title>Nazev</title>
            <author>Autor</author>
        </book>
        <book>
            <title>Nazev</title>
            <author>Autor</author>
        </book>
        <book>
            <title>Nazev</title>
            <author>Autor</author>
        </book>
        <book>
            <title>Nazev</title>
            <author>Autor</author>
        </book>
        <book>
            <title>Nazev</title>
            <author>Autor</author>
        </book>
        <book>
            <title>Nazev</title>
            <author>Autor</author>
        </book>
        <book>
            <title>Nazev</title>
            <author>Autor</author>
        </book>
        <book>
            <title>Nazev</title>
            <author>Autor</author>
        </book>
        <book>
            <title>Nazev</title>
            <author>Autor</author>
        </book>
        <book>
            <title>Nazev</title>
            <author>Autor</author>
        </book>
        <book>
            <title>Nazev</title>
            <author>Autor</author>
        </book>
        <book>
            <title>Nazev</title>
            <author>Autor</author>
        </book>
        <book>
            <title>Nazev</title>
            <author>Autor</author>
        </book>
        <book>
            <title>Nazev</title>
            <author>Autor</author>
        </book>
        <book>
            <title>Nazev</title>
            <author>Autor</author>
        </book>
        <book>
            <title>Nazev</title>
            <author>Autor</author>
        </book>
        <book>
            <title>Nazev</title>
            <author>Autor</author>
        </book>
        <book>
            <title>Nazev</title>
            <author>Autor</author>
        </book>
        <book>
            <title>Nazev</title>
            <author>Autor</author>
        </book>
        <book>
            <title>Nazev</title>
            <author>Autor</author>
        </book>
        <book>
            <title>Nazev</title>
            <author>Autor</author>
        </book>
        <book>
            <title>Nazev</title>
            <author>Autor</author>
        </book>
        <book>
            <title>Nazev</title>
            <author>Autor</author>
        </book>
        <book>
            <title>Nazev</title>
            <author>Autor</author>
        </book>
        <book>
            <title>Nazev</title>
            <author>Autor</author>
        </book>
        <book>
            <title>Nazev</title>
            <author>Autor</author>
        </book>
        <book>
            <title>Nazev</title>
            <author>Autor</author>
        </book>
        <book>
            <title>Nazev</title>
            <author>Autor</author>
        </book>
        <book>
            <title>Nazev</title>
            <author>Autor</author>
        </book>
        <book>
            <title>Nazev</title>
            <author>Autor</author>
        </book>
        <book>
            <title>Nazev</title>
            <author>Autor</author>
        </book>
        <book>
            <title>Nazev</title>
            <author>Autor</author>
        </book>
        <book>
            <title>Nazev</title>
            <author>Autor</author>
        </book>
        <book>
            <title>Nazev</title>
            <author>Autor</author>
        </book>
        <book>
            <title>Nazev</title>
            <author>Autor</author>
        </book>
        <book>
            <title>Nazev</title>
            <author>Autor</author>
        </book>
        <book>
            <title>Nazev</title>
            <author>Autor</author>
        </book>
        <book>
            <title>Nazev</title>
            <author>Autor</author>
        </book>
        <book>
            <title>Nazev</title>
            <author>Autor</author>
        </book>
        <book>
            <title>Nazev</title>
            <author>Autor</author>
        </book>
        <book>
            <title>Nazev</title>
            <author>Autor</author>
        </book>
        <book>
            <title>Nazev</title>
            <author>Autor</author>
        </book>
        <book>
            <title>Nazev</title>
            <author>Autor</author>
        </book>
        <book>
            <title>Nazev</title>
            <author>Autor</author>
        </book>
        <book>
            <title>Nazev</title>
            <author>Autor</author>
        </book>
        <book>
            <title>Nazev</title>
            <author>Autor</author>
        </book>
        <book>
            <title>Nazev</title>
            <author>Autor</author>
        </book>
        <book>
            <title>Nazev</title>
            <author>Autor</author>
        </book>
        <book>
            <title>Nazev</title>
            <author>Autor</author>
        </book>
        <book>
            <title>Nazev</title>
            <author>Autor</author>
        </book>
        <book>
            <title>Nazev</title>
            <author>Autor</author>
        </book>
        <book>
            <title>Nazev</title>
            <author>Autor</author>
        </book>
        <book>
            <title>Nazev</title>
            <author>Autor</author>
        </book>
        <book>
            <title>Nazev</title>
            <author>Autor</author>
        </book>
        <book>
            <title>Nazev</title>
            <author>Autor</author>
        </book>
        <book>
            <title>Nazev</title>
            <author>Autor</author>
        </book>
    </books>
</root>


--uuid:bda1d5bb-7e27-44aa-a2ab-3a4f293dbdb8--
--------------------

---[HTTP response - http://localhost:8081/mtom.ws/fileStorageBinaryService - 200]---
null: HTTP/1.1 200 OK
Content-type: multipart/related;start="<rootpart*bda1d5bb-7e27-44aa-a2ab-3a4f293dbdb8@example.jaxws.sun.com>";type="application/xop+xml";boundary="uuid:bda1d5bb-7e27-44aa-a2ab-3a4f293dbdb8";start-info="application/soap+xml"
Date: Mon, 02 May 2022 04:36:24 GMT
Transfer-encoding: chunked
--uuid:bda1d5bb-7e27-44aa-a2ab-3a4f293dbdb8
Content-Id: <rootpart*bda1d5bb-7e27-44aa-a2ab-3a4f293dbdb8@example.jaxws.sun.com>
Content-Type: application/xop+xml;charset=utf-8;type="application/soap+xml"
Content-Transfer-Encoding: binary

<?xml version='1.0' encoding='UTF-8'?><S:Envelope xmlns:S="http://www.w3.org/2003/05/soap-envelope"><S:Body><ns2:fileBinary xmlns:ns2="http://ws.learn.tc.cz/mtom/binary/types/" xmlns:ns3="http://ws.learn.tc.cz/mtom/binary/api"><fileName>sample.xml</fileName><contentData><xop:Include xmlns:xop="http://www.w3.org/2004/08/xop/include" href="cid:cf96ffa9-99ab-4d5f-b278-e9550f9858eb@example.jaxws.sun.com"/></contentData></ns2:fileBinary></S:Body></S:Envelope>
--uuid:bda1d5bb-7e27-44aa-a2ab-3a4f293dbdb8
Content-Id: <cf96ffa9-99ab-4d5f-b278-e9550f9858eb@example.jaxws.sun.com>
Content-Type: application/octet-stream
Content-Transfer-Encoding: binary

<?xml version="1.0" encoding="UTF-8"?>
<root>
    <books>
        <book>
            <title>Nazev</title>
            <author>Autor</author>
        </book>
        <book>
            <title>Nazev</title>
            <author>Autor</author>
        </book>
        <book>
            <title>Nazev</title>
            <author>Autor</author>
        </book>
        <book>
            <title>Nazev</title>
            <author>Autor</author>
        </book>
        <book>
            <title>Nazev</title>
            <author>Autor</author>
        </book>
        <book>
            <title>Nazev</title>
            <author>Autor</author>
        </book>
        <book>
            <title>Nazev</title>
            <author>Autor</author>
        </book>
        <book>
            <title>Nazev</title>
            <author>Autor</author>
        </book>
        <book>
            <title>Nazev</title>
            <author>Autor</author>
        </book>
        <book>
            <title>Nazev</title>
            <author>Autor</author>
        </book>
        <book>
            <title>Nazev</title>
            <author>Autor</author>
        </book>
        <book>
            <title>Nazev</title>
            <author>Autor</author>
        </book>
        <book>
            <title>Nazev</title>
            <author>Autor</author>
        </book>
        <book>
            <title>Nazev</title>
            <author>Autor</author>
        </book>
        <book>
            <title>Nazev</title>
            <author>Autor</author>
        </book>
        <book>
            <title>Nazev</title>
            <author>Autor</author>
        </book>
        <book>
            <title>Nazev</title>
            <author>Autor</author>
        </book>
        <book>
            <title>Nazev</title>
            <author>Autor</author>
        </book>
        <book>
            <title>Nazev</title>
            <author>Autor</author>
        </book>
        <book>
            <title>Nazev</title>
            <author>Autor</author>
        </book>
        <book>
            <title>Nazev</title>
            <author>Autor</author>
        </book>
        <book>
            <title>Nazev</title>
            <author>Autor</author>
        </book>
        <book>
            <title>Nazev</title>
            <author>Autor</author>
        </book>
        <book>
            <title>Nazev</title>
            <author>Autor</author>
        </book>
        <book>
            <title>Nazev</title>
            <author>Autor</author>
        </book>
        <book>
            <title>Nazev</title>
            <author>Autor</author>
        </book>
        <book>
            <title>Nazev</title>
            <author>Autor</author>
        </book>
        <book>
            <title>Nazev</title>
            <author>Autor</author>
        </book>
        <book>
            <title>Nazev</title>
            <author>Autor</author>
        </book>
        <book>
            <title>Nazev</title>
            <author>Autor</author>
        </book>
        <book>
            <title>Nazev</title>
            <author>Autor</author>
        </book>
        <book>
            <title>Nazev</title>
            <author>Autor</author>
        </book>
        <book>
            <title>Nazev</title>
            <author>Autor</author>
        </book>
        <book>
            <title>Nazev</title>
            <author>Autor</author>
        </book>
        <book>
            <title>Nazev</title>
            <author>Autor</author>
        </book>
        <book>
            <title>Nazev</title>
            <author>Autor</author>
        </book>
        <book>
            <title>Nazev</title>
            <author>Autor</author>
        </book>
        <book>
            <title>Nazev</title>
            <author>Autor</author>
        </book>
        <book>
            <title>Nazev</title>
            <author>Autor</author>
        </book>
        <book>
            <title>Nazev</title>
            <author>Autor</author>
        </book>
        <book>
            <title>Nazev</title>
            <author>Autor</author>
        </book>
        <book>
            <title>Nazev</title>
            <author>Autor</author>
        </book>
        <book>
            <title>Nazev</title>
            <author>Autor</author>
        </book>
        <book>
            <title>Nazev</title>
            <author>Autor</author>
        </book>
        <book>
            <title>Nazev</title>
            <author>Autor</author>
        </book>
        <book>
            <title>Nazev</title>
            <author>Autor</author>
        </book>
        <book>
            <title>Nazev</title>
            <author>Autor</author>
        </book>
        <book>
            <title>Nazev</title>
            <author>Autor</author>
        </book>
        <book>
            <title>Nazev</title>
            <author>Autor</author>
        </book>
        <book>
            <title>Nazev</title>
            <author>Autor</author>
        </book>
        <book>
            <title>Nazev</title>
            <author>Autor</author>
        </book>
        <book>
            <title>Nazev</title>
            <author>Autor</author>
        </book>
        <book>
            <title>Nazev</title>
            <author>Autor</author>
        </book>
        <book>
            <title>Nazev</title>
            <author>Autor</author>
        </book>
        <book>
            <title>Nazev</title>
            <author>Autor</author>
        </book>
        <book>
            <title>Nazev</title>
            <author>Autor</author>
        </book>
        <book>
            <title>Nazev</title>
            <author>Autor</author>
        </book>
        <book>
            <title>Nazev</title>
            <author>Autor</author>
        </book>
        <book>
            <title>Nazev</title>
            <author>Autor</author>
        </book>
        <book>
            <title>Nazev</title>
            <author>Autor</author>
        </book>
        <book>
            <title>Nazev</title>
            <author>Autor</author>
        </book>
        <book>
            <title>Nazev</title>
            <author>Autor</author>
        </book>
        <book>
            <title>Nazev</title>
            <author>Autor</author>
        </book>
        <book>
            <title>Nazev</title>
            <author>Autor</author>
        </book>
        <book>
            <title>Nazev</title>
            <author>Autor</author>
        </book>
        <book>
            <title>Nazev</title>
            <author>Autor</author>
        </book>
        <book>
            <title>Nazev</title>
            <author>Autor</author>
        </book>
        <book>
            <title>Nazev</title>
            <author>Autor</author>
        </book>
        <book>
            <title>Nazev</title>
            <author>Autor</author>
        </book>
        <book>
            <title>Nazev</title>
            <author>Autor</author>
        </book>
        <book>
            <title>Nazev</title>
            <author>Autor</author>
        </book>
        <book>
            <title>Nazev</title>
            <author>Autor</author>
        </book>
        <book>
            <title>Nazev</title>
            <author>Autor</author>
        </book>
        <book>
            <title>Nazev</title>
            <author>Autor</author>
        </book>
        <book>
            <title>Nazev</title>
            <author>Autor</author>
        </book>
        <book>
            <title>Nazev</title>
            <author>Autor</author>
        </book>
        <book>
            <title>Nazev</title>
            <author>Autor</author>
        </book>
        <book>
            <title>Nazev</title>
            <author>Autor</author>
        </book>
        <book>
            <title>Nazev</title>
            <author>Autor</author>
        </book>
        <book>
            <title>Nazev</title>
            <author>Autor</author>
        </book>
        <book>
            <title>Nazev</title>
            <author>Autor</author>
        </book>
        <book>
            <title>Nazev</title>
            <author>Autor</author>
        </book>
        <book>
            <title>Nazev</title>
            <author>Autor</author>
        </book>
        <book>
            <title>Nazev</title>
            <author>Autor</author>
        </book>
        <book>
            <title>Nazev</title>
            <author>Autor</author>
        </book>
        <book>
            <title>Nazev</title>
            <author>Autor</author>
        </book>
        <book>
            <title>Nazev</title>
            <author>Autor</author>
        </book>
        <book>
            <title>Nazev</title>
            <author>Autor</author>
        </book>
        <book>
            <title>Nazev</title>
            <author>Autor</author>
        </book>
        <book>
            <title>Nazev</title>
            <author>Autor</author>
        </book>
        <book>
            <title>Nazev</title>
            <author>Autor</author>
        </book>
        <book>
            <title>Nazev</title>
            <author>Autor</author>
        </book>
        <book>
            <title>Nazev</title>
            <author>Autor</author>
        </book>
        <book>
            <title>Nazev</title>
            <author>Autor</author>
        </book>
        <book>
            <title>Nazev</title>
            <author>Autor</author>
        </book>
        <book>
            <title>Nazev</title>
            <author>Autor</author>
        </book>
        <book>
            <title>Nazev</title>
            <author>Autor</author>
        </book>
        <book>
            <title>Nazev</title>
            <author>Autor</author>
        </book>
        <book>
            <title>Nazev</title>
            <author>Autor</author>
        </book>
        <book>
            <title>Nazev</title>
            <author>Autor</author>
        </book>
        <book>
            <title>Nazev</title>
            <author>Autor</author>
        </book>
        <book>
            <title>Nazev</title>
            <author>Autor</author>
        </book>
        <book>
            <title>Nazev</title>
            <author>Autor</author>
        </book>
        <book>
            <title>Nazev</title>
            <author>Autor</author>
        </book>
        <book>
            <title>Nazev</title>
            <author>Autor</author>
        </book>
        <book>
            <title>Nazev</title>
            <author>Autor</author>
        </book>
        <book>
            <title>Nazev</title>
            <author>Autor</author>
        </book>
        <book>
            <title>Nazev</title>
            <author>Autor</author>
        </book>
        <book>
            <title>Nazev</title>
            <author>Autor</author>
        </book>
        <book>
            <title>Nazev</title>
            <author>Autor</author>
        </book>
        <book>
            <title>Nazev</title>
            <author>Autor</author>
        </book>
        <book>
            <title>Nazev</title>
            <author>Autor</author>
        </book>
        <book>
            <title>Nazev</title>
            <author>Autor</author>
        </book>
        <book>
            <title>Nazev</title>
            <author>Autor</author>
        </book>
        <book>
            <title>Nazev</title>
            <author>Autor</author>
        </book>
        <book>
            <title>Nazev</title>
            <author>Autor</author>
        </book>
        <book>
            <title>Nazev</title>
            <author>Autor</author>
        </book>
        <book>
            <title>Nazev</title>
            <author>Autor</author>
        </book>
        <book>
            <title>Nazev</title>
            <author>Autor</author>
        </book>
        <book>
            <title>Nazev</title>
            <author>Autor</author>
        </book>
        <book>
            <title>Nazev</title>
            <author>Autor</author>
        </book>
        <book>
            <title>Nazev</title>
            <author>Autor</author>
        </book>
        <book>
            <title>Nazev</title>
            <author>Autor</author>
        </book>
        <book>
            <title>Nazev</title>
            <author>Autor</author>
        </book>
        <book>
            <title>Nazev</title>
            <author>Autor</author>
        </book>
        <book>
            <title>Nazev</title>
            <author>Autor</author>
        </book>
        <book>
            <title>Nazev</title>
            <author>Autor</author>
        </book>
        <book>
            <title>Nazev</title>
            <author>Autor</author>
        </book>
        <book>
            <title>Nazev</title>
            <author>Autor</author>
        </book>
        <book>
            <title>Nazev</title>
            <author>Autor</author>
        </book>
        <book>
            <title>Nazev</title>
            <author>Autor</author>
        </book>
        <book>
            <title>Nazev</title>
            <author>Autor</author>
        </book>
        <book>
            <title>Nazev</title>
            <author>Autor</author>
        </book>
        <book>
            <title>Nazev</title>
            <author>Autor</author>
        </book>
        <book>
            <title>Nazev</title>
            <author>Autor</author>
        </book>
        <book>
            <title>Nazev</title>
            <author>Autor</author>
        </book>
        <book>
            <title>Nazev</title>
            <author>Autor</author>
        </book>
        <book>
            <title>Nazev</title>
            <author>Autor</author>
        </book>
        <book>
            <title>Nazev</title>
            <author>Autor</author>
        </book>
        <book>
            <title>Nazev</title>
            <author>Autor</author>
        </book>
        <book>
            <title>Nazev</title>
            <author>Autor</author>
        </book>
        <book>
            <title>Nazev</title>
            <author>Autor</author>
        </book>
        <book>
            <title>Nazev</title>
            <author>Autor</author>
        </book>
        <book>
            <title>Nazev</title>
            <author>Autor</author>
        </book>
        <book>
            <title>Nazev</title>
            <author>Autor</author>
        </book>
        <book>
            <title>Nazev</title>
            <author>Autor</author>
        </book>
        <book>
            <title>Nazev</title>
            <author>Autor</author>
        </book>
        <book>
            <title>Nazev</title>
            <author>Autor</author>
        </book>
        <book>
            <title>Nazev</title>
            <author>Autor</author>
        </book>
        <book>
            <title>Nazev</title>
            <author>Autor</author>
        </book>
        <book>
            <title>Nazev</title>
            <author>Autor</author>
        </book>
        <book>
            <title>Nazev</title>
            <author>Autor</author>
        </book>
        <book>
            <title>Nazev</title>
            <author>Autor</author>
        </book>
        <book>
            <title>Nazev</title>
            <author>Autor</author>
        </book>
        <book>
            <title>Nazev</title>
            <author>Autor</author>
        </book>
        <book>
            <title>Nazev</title>
            <author>Autor</author>
        </book>
        <book>
            <title>Nazev</title>
            <author>Autor</author>
        </book>
        <book>
            <title>Nazev</title>
            <author>Autor</author>
        </book>
        <book>
            <title>Nazev</title>
            <author>Autor</author>
        </book>
        <book>
            <title>Nazev</title>
            <author>Autor</author>
        </book>
        <book>
            <title>Nazev</title>
            <author>Autor</author>
        </book>
        <book>
            <title>Nazev</title>
            <author>Autor</author>
        </book>
        <book>
            <title>Nazev</title>
            <author>Autor</author>
        </book>
        <book>
            <title>Nazev</title>
            <author>Autor</author>
        </book>
        <book>
            <title>Nazev</title>
            <author>Autor</author>
        </book>
        <book>
            <title>Nazev</title>
            <author>Autor</author>
        </book>
        <book>
            <title>Nazev</title>
            <author>Autor</author>
        </book>
        <book>
            <title>Nazev</title>
            <author>Autor</author>
        </book>
        <book>
            <title>Nazev</title>
            <author>Autor</author>
        </book>
        <book>
            <title>Nazev</title>
            <author>Autor</author>
        </book>
        <book>
            <title>Nazev</title>
            <author>Autor</author>
        </book>
        <book>
            <title>Nazev</title>
            <author>Autor</author>
        </book>
        <book>
            <title>Nazev</title>
            <author>Autor</author>
        </book>
        <book>
            <title>Nazev</title>
            <author>Autor</author>
        </book>
        <book>
            <title>Nazev</title>
            <author>Autor</author>
        </book>
        <book>
            <title>Nazev</title>
            <author>Autor</author>
        </book>
        <book>
            <title>Nazev</title>
            <author>Autor</author>
        </book>
        <book>
            <title>Nazev</title>
            <author>Autor</author>
        </book>
        <book>
            <title>Nazev</title>
            <author>Autor</author>
        </book>
        <book>
            <title>Nazev</title>
            <author>Autor</author>
        </book>
        <book>
            <title>Nazev</title>
            <author>Autor</author>
        </book>
        <book>
            <title>Nazev</title>
            <author>Autor</author>
        </book>
        <book>
            <title>Nazev</title>
            <author>Autor</author>
        </book>
        <book>
            <title>Nazev</title>
            <author>Autor</author>
        </book>
        <book>
            <title>Nazev</title>
            <author>Autor</author>
        </book>
        <book>
            <title>Nazev</title>
            <author>Autor</author>
        </book>
        <book>
            <title>Nazev</title>
            <author>Autor</author>
        </book>
        <book>
            <title>Nazev</title>
            <author>Autor</author>
        </book>
        <book>
            <title>Nazev</title>
            <author>Autor</author>
        </book>
        <book>
            <title>Nazev</title>
            <author>Autor</author>
        </book>
        <book>
            <title>Nazev</title>
            <author>Autor</author>
        </book>
        <book>
            <title>Nazev</title>
            <author>Autor</author>
        </book>
        <book>
            <title>Nazev</title>
            <author>Autor</author>
        </book>
        <book>
            <title>Nazev</title>
            <author>Autor</author>
        </book>
        <book>
            <title>Nazev</title>
            <author>Autor</author>
        </book>
        <book>
            <title>Nazev</title>
            <author>Autor</author>
        </book>
        <book>
            <title>Nazev</title>
            <author>Autor</author>
        </book>
        <book>
            <title>Nazev</title>
            <author>Autor</author>
        </book>
        <book>
            <title>Nazev</title>
            <author>Autor</author>
        </book>
        <book>
            <title>Nazev</title>
            <author>Autor</author>
        </book>
        <book>
            <title>Nazev</title>
            <author>Autor</author>
        </book>
        <book>
            <title>Nazev</title>
            <author>Autor</author>
        </book>
        <book>
            <title>Nazev</title>
            <author>Autor</author>
        </book>
        <book>
            <title>Nazev</title>
            <author>Autor</author>
        </book>
        <book>
            <title>Nazev</title>
            <author>Autor</author>
        </book>
        <book>
            <title>Nazev</title>
            <author>Autor</author>
        </book>
        <book>
            <title>Nazev</title>
            <author>Autor</author>
        </book>
        <book>
            <title>Nazev</title>
            <author>Autor</author>
        </book>
        <book>
            <title>Nazev</title>
            <author>Autor</author>
        </book>
        <book>
            <title>Nazev</title>
            <author>Autor</author>
        </book>
        <book>
            <title>Nazev</title>
            <author>Autor</author>
        </book>
        <book>
            <title>Nazev</title>
            <author>Autor</author>
        </book>
        <book>
            <title>Nazev</title>
            <author>Autor</author>
        </book>
        <book>
            <title>Nazev</title>
            <author>Autor</author>
        </book>
        <book>
            <title>Nazev</title>
            <author>Autor</author>
        </book>
        <book>
            <title>Nazev</title>
            <author>Autor</author>
        </book>
        <book>
            <title>Nazev</title>
            <author>Autor</author>
        </book>
        <book>
            <title>Nazev</title>
            <author>Autor</author>
        </book>
        <book>
            <title>Nazev</title>
            <author>Autor</author>
        </book>
        <book>
            <title>Nazev</title>
            <author>Autor</author>
        </book>
        <book>
            <title>Nazev</title>
            <author>Autor</author>
        </book>
        <book>
            <title>Nazev</title>
            <author>Autor</author>
        </book>
        <book>
            <title>Nazev</title>
            <author>Autor</author>
        </book>
        <book>
            <title>Nazev</title>
            <author>Autor</author>
        </book>
        <book>
            <title>Nazev</title>
            <author>Autor</author>
        </book>
        <book>
            <title>Nazev</title>
            <author>Autor</author>
        </book>
        <book>
            <title>Nazev</title>
            <author>Autor</author>
        </book>
        <book>
            <title>Nazev</title>
            <author>Autor</author>
        </book>
        <book>
            <title>Nazev</title>
            <author>Autor</author>
        </book>
        <book>
            <title>Nazev</title>
            <author>Autor</author>
        </book>
        <book>
            <title>Nazev</title>
            <author>Autor</author>
        </book>
        <book>
            <title>Nazev</title>
            <author>Autor</author>
        </book>
        <book>
            <title>Nazev</title>
            <author>Autor</author>
        </book>
        <book>
            <title>Nazev</title>
            <author>Autor</author>
        </book>
        <book>
            <title>Nazev</title>
            <author>Autor</author>
        </book>
        <book>
            <title>Nazev</title>
            <author>Autor</author>
        </book>
        <book>
            <title>Nazev</title>
            <author>Autor</author>
        </book>
        <book>
            <title>Nazev</title>
            <author>Autor</author>
        </book>
        <book>
            <title>Nazev</title>
            <author>Autor</author>
        </book>
        <book>
            <title>Nazev</title>
            <author>Autor</author>
        </book>
        <book>
            <title>Nazev</title>
            <author>Autor</author>
        </book>
        <book>
            <title>Nazev</title>
            <author>Autor</author>
        </book>
        <book>
            <title>Nazev</title>
            <author>Autor</author>
        </book>
        <book>
            <title>Nazev</title>
            <author>Autor</author>
        </book>
        <book>
            <title>Nazev</title>
            <author>Autor</author>
        </book>
        <book>
            <title>Nazev</title>
            <author>Autor</author>
        </book>
        <book>
            <title>Nazev</title>
            <author>Autor</author>
        </book>
        <book>
            <title>Nazev</title>
            <author>Autor</author>
        </book>
        <book>
            <title>Nazev</title>
            <author>Autor</author>
        </book>
        <book>
            <title>Nazev</title>
            <author>Autor</author>
        </book>
        <book>
            <title>Nazev</title>
            <author>Autor</author>
        </book>
        <book>
            <title>Nazev</title>
            <author>Autor</author>
        </book>
        <book>
            <title>Nazev</title>
            <author>Autor</author>
        </book>
        <book>
            <title>Nazev</title>
            <author>Autor</author>
        </book>
        <book>
            <title>Nazev</title>
            <author>Autor</author>
        </book>
        <book>
            <title>Nazev</title>
            <author>Autor</author>
        </book>
        <book>
            <title>Nazev</title>
            <author>Autor</author>
        </book>
        <book>
            <title>Nazev</title>
            <author>Autor</author>
        </book>
        <book>
            <title>Nazev</title>
            <author>Autor</author>
        </book>
        <book>
            <title>Nazev</title>
            <author>Autor</author>
        </book>
        <book>
            <title>Nazev</title>
            <author>Autor</author>
        </book>
        <book>
            <title>Nazev</title>
            <author>Autor</author>
        </book>
        <book>
            <title>Nazev</title>
            <author>Autor</author>
        </book>
        <book>
            <title>Nazev</title>
            <author>Autor</author>
        </book>
        <book>
            <title>Nazev</title>
            <author>Autor</author>
        </book>
        <book>
            <title>Nazev</title>
            <author>Autor</author>
        </book>
        <book>
            <title>Nazev</title>
            <author>Autor</author>
        </book>
        <book>
            <title>Nazev</title>
            <author>Autor</author>
        </book>
        <book>
            <title>Nazev</title>
            <author>Autor</author>
        </book>
        <book>
            <title>Nazev</title>
            <author>Autor</author>
        </book>
        <book>
            <title>Nazev</title>
            <author>Autor</author>
        </book>
        <book>
            <title>Nazev</title>
            <author>Autor</author>
        </book>
        <book>
            <title>Nazev</title>
            <author>Autor</author>
        </book>
        <book>
            <title>Nazev</title>
            <author>Autor</author>
        </book>
        <book>
            <title>Nazev</title>
            <author>Autor</author>
        </book>
        <book>
            <title>Nazev</title>
            <author>Autor</author>
        </book>
        <book>
            <title>Nazev</title>
            <author>Autor</author>
        </book>
        <book>
            <title>Nazev</title>
            <author>Autor</author>
        </book>
        <book>
            <title>Nazev</title>
            <author>Autor</author>
        </book>
        <book>
            <title>Nazev</title>
            <author>Autor</author>
        </book>
        <book>
            <title>Nazev</title>
            <author>Autor</author>
        </book>
        <book>
            <title>Nazev</title>
            <author>Autor</author>
        </book>
        <book>
            <title>Nazev</title>
            <author>Autor</author>
        </book>
        <book>
            <title>Nazev</title>
            <author>Autor</author>
        </book>
        <book>
            <title>Nazev</title>
            <author>Autor</author>
        </book>
        <book>
            <title>Nazev</title>
            <author>Autor</author>
        </book>
        <book>
            <title>Nazev</title>
            <author>Autor</author>
        </book>
        <book>
            <title>Nazev</title>
            <author>Autor</author>
        </book>
        <book>
            <title>Nazev</title>
            <author>Autor</author>
        </book>
        <book>
            <title>Nazev</title>
            <author>Autor</author>
        </book>
        <book>
            <title>Nazev</title>
            <author>Autor</author>
        </book>
        <book>
            <title>Nazev</title>
            <author>Autor</author>
        </book>
        <book>
            <title>Nazev</title>
            <author>Autor</author>
        </book>
        <book>
            <title>Nazev</title>
            <author>Autor</author>
        </book>
        <book>
            <title>Nazev</title>
            <author>Autor</author>
        </book>
        <book>
            <title>Nazev</title>
            <author>Autor</author>
        </book>
        <book>
            <title>Nazev</title>
            <author>Autor</author>
        </book>
        <book>
            <title>Nazev</title>
            <author>Autor</author>
        </book>
        <book>
            <title>Nazev</title>
            <author>Autor</author>
        </book>
        <book>
            <title>Nazev</title>
            <author>Autor</author>
        </book>
        <book>
            <title>Nazev</title>
            <author>Autor</author>
        </book>
        <book>
            <title>Nazev</title>
            <author>Autor</author>
        </book>
        <book>
            <title>Nazev</title>
            <author>Autor</author>
        </book>
        <book>
            <title>Nazev</title>
            <author>Autor</author>
        </book>
        <book>
            <title>Nazev</title>
            <author>Autor</author>
        </book>
        <book>
            <title>Nazev</title>
            <author>Autor</author>
        </book>
        <book>
            <title>Nazev</title>
            <author>Autor</author>
        </book>
        <book>
            <title>Nazev</title>
            <author>Autor</author>
        </book>
        <book>
            <title>Nazev</title>
            <author>Autor</author>
        </book>
        <book>
            <title>Nazev</title>
            <author>Autor</author>
        </book>
        <book>
            <title>Nazev</title>
            <author>Autor</author>
        </book>
        <book>
            <title>Nazev</title>
            <author>Autor</author>
        </book>
        <book>
            <title>Nazev</title>
            <author>Autor</author>
        </book>
        <book>
            <title>Nazev</title>
            <author>Autor</author>
        </book>
        <book>
            <title>Nazev</title>
            <author>Autor</author>
        </book>
        <book>
            <title>Nazev</title>
            <author>Autor</author>
        </book>
        <book>
            <title>Nazev</title>
            <author>Autor</author>
        </book>
        <book>
            <title>Nazev</title>
            <author>Autor</author>
        </book>
        <book>
            <title>Nazev</title>
            <author>Autor</author>
        </book>
        <book>
            <title>Nazev</title>
            <author>Autor</author>
        </book>
        <book>
            <title>Nazev</title>
            <author>Autor</author>
        </book>
        <book>
            <title>Nazev</title>
            <author>Autor</author>
        </book>
        <book>
            <title>Nazev</title>
            <author>Autor</author>
        </book>
        <book>
            <title>Nazev</title>
            <author>Autor</author>
        </book>
        <book>
            <title>Nazev</title>
            <author>Autor</author>
        </book>
        <book>
            <title>Nazev</title>
            <author>Autor</author>
        </book>
        <book>
            <title>Nazev</title>
            <author>Autor</author>
        </book>
        <book>
            <title>Nazev</title>
            <author>Autor</author>
        </book>
        <book>
            <title>Nazev</title>
            <author>Autor</author>
        </book>
        <book>
            <title>Nazev</title>
            <author>Autor</author>
        </book>
        <book>
            <title>Nazev</title>
            <author>Autor</author>
        </book>
        <book>
            <title>Nazev</title>
            <author>Autor</author>
        </book>
        <book>
            <title>Nazev</title>
            <author>Autor</author>
        </book>
        <book>
            <title>Nazev</title>
            <author>Autor</author>
        </book>
        <book>
            <title>Nazev</title>
            <author>Autor</author>
        </book>
        <book>
            <title>Nazev</title>
            <author>Autor</author>
        </book>
        <book>
            <title>Nazev</title>
            <author>Autor</author>
        </book>
        <book>
            <title>Nazev</title>
            <author>Autor</author>
        </book>
        <book>
            <title>Nazev</title>
            <author>Autor</author>
        </book>
        <book>
            <title>Nazev</title>
            <author>Autor</author>
        </book>
        <book>
            <title>Nazev</title>
            <author>Autor</author>
        </book>
        <book>
            <title>Nazev</title>
            <author>Autor</author>
        </book>
        <book>
            <title>Nazev</title>
            <author>Autor</author>
        </book>
        <book>
            <title>Nazev</title>
            <author>Autor</author>
        </book>
        <book>
            <title>Nazev</title>
            <author>Autor</author>
        </book>
        <book>
            <title>Nazev</title>
            <author>Autor</author>
        </book>
        <book>
            <title>Nazev</title>
            <author>Autor</author>
        </book>
        <book>
            <title>Nazev</title>
            <author>Autor</author>
        </book>
        <book>
            <title>Nazev</title>
            <author>Autor</author>
        </book>
        <book>
            <title>Nazev</title>
            <author>Autor</author>
        </book>
        <book>
            <title>Nazev</title>
            <author>Autor</author>
        </book>
        <book>
            <title>Nazev</title>
            <author>Autor</author>
        </book>
        <book>
            <title>Nazev</title>
            <author>Autor</author>
        </book>
        <book>
            <title>Nazev</title>
            <author>Autor</author>
        </book>
        <book>
            <title>Nazev</title>
            <author>Autor</author>
        </book>
        <book>
            <title>Nazev</title>
            <author>Autor</author>
        </book>
        <book>
            <title>Nazev</title>
            <author>Autor</author>
        </book>
        <book>
            <title>Nazev</title>
            <author>Autor</author>
        </book>
        <book>
            <title>Nazev</title>
            <author>Autor</author>
        </book>
        <book>
            <title>Nazev</title>
            <author>Autor</author>
        </book>
        <book>
            <title>Nazev</title>
            <author>Autor</author>
        </book>
        <book>
            <title>Nazev</title>
            <author>Autor</author>
        </book>
        <book>
            <title>Nazev</title>
            <author>Autor</author>
        </book>
        <book>
            <title>Nazev</title>
            <author>Autor</author>
        </book>
        <book>
            <title>Nazev</title>
            <author>Autor</author>
        </book>
        <book>
            <title>Nazev</title>
            <author>Autor</author>
        </book>
        <book>
            <title>Nazev</title>
            <author>Autor</author>
        </book>
        <book>
            <title>Nazev</title>
            <author>Autor</author>
        </book>
        <book>
            <title>Nazev</title>
            <author>Autor</author>
        </book>
        <book>
            <title>Nazev</title>
            <author>Autor</author>
        </book>
        <book>
            <title>Nazev</title>
            <author>Autor</author>
        </book>
        <book>
            <title>Nazev</title>
            <author>Autor</author>
        </book>
        <book>
            <title>Nazev</title>
            <author>Autor</author>
        </book>
        <book>
            <title>Nazev</title>
            <author>Autor</author>
        </book>
        <book>
            <title>Nazev</title>
            <author>Autor</author>
        </book>
        <book>
            <title>Nazev</title>
            <author>Autor</author>
        </book>
        <book>
            <title>Nazev</title>
            <author>Autor</author>
        </book>
        <book>
            <title>Nazev</title>
            <author>Autor</author>
        </book>
        <book>
            <title>Nazev</title>
            <author>Autor</author>
        </book>
        <book>
            <title>Nazev</title>
            <author>Autor</author>
        </book>
        <book>
            <title>Nazev</title>
            <author>Autor</author>
        </book>
        <book>
            <title>Nazev</title>
            <author>Autor</author>
        </book>
        <book>
            <title>Nazev</title>
            <author>Autor</author>
        </book>
        <book>
            <title>Nazev</title>
            <author>Autor</author>
        </book>
        <book>
            <title>Nazev</title>
            <author>Autor</author>
        </book>
        <book>
            <title>Nazev</title>
            <author>Autor</author>
        </book>
        <book>
            <title>Nazev</title>
            <author>Autor</author>
        </book>
        <book>
            <title>Nazev</title>
            <author>Autor</author>
        </book>
        <book>
            <title>Nazev</title>
            <author>Autor</author>
        </book>
        <book>
            <title>Nazev</title>
            <author>Autor</author>
        </book>
        <book>
            <title>Nazev</title>
            <author>Autor</author>
        </book>
        <book>
            <title>Nazev</title>
            <author>Autor</author>
        </book>
        <book>
            <title>Nazev</title>
            <author>Autor</author>
        </book>
        <book>
            <title>Nazev</title>
            <author>Autor</author>
        </book>
        <book>
            <title>Nazev</title>
            <author>Autor</author>
        </book>
        <book>
            <title>Nazev</title>
            <author>Autor</author>
        </book>
        <book>
            <title>Nazev</title>
            <author>Autor</author>
        </book>
        <book>
            <title>Nazev</title>
            <author>Autor</author>
        </book>
        <book>
            <title>Nazev</title>
            <author>Autor</author>
        </book>
        <book>
            <title>Nazev</title>
            <author>Autor</author>
        </book>
        <book>
            <title>Nazev</title>
            <author>Autor</author>
        </book>
        <book>
            <title>Nazev</title>
            <author>Autor</author>
        </book>
        <book>
            <title>Nazev</title>
            <author>Autor</author>
        </book>
        <book>
            <title>Nazev</title>
            <author>Autor</author>
        </book>
        <book>
            <title>Nazev</title>
            <author>Autor</author>
        </book>
        <book>
            <title>Nazev</title>
            <author>Autor</author>
        </book>
        <book>
            <title>Nazev</title>
            <author>Autor</author>
        </book>
        <book>
            <title>Nazev</title>
            <author>Autor</author>
        </book>
        <book>
            <title>Nazev</title>
            <author>Autor</author>
        </book>
        <book>
            <title>Nazev</title>
            <author>Autor</author>
        </book>
        <book>
            <title>Nazev</title>
            <author>Autor</author>
        </book>
        <book>
            <title>Nazev</title>
            <author>Autor</author>
        </book>
        <book>
            <title>Nazev</title>
            <author>Autor</author>
        </book>
        <book>
            <title>Nazev</title>
            <author>Autor</author>
        </book>
        <book>
            <title>Nazev</title>
            <author>Autor</author>
        </book>
        <book>
            <title>Nazev</title>
            <author>Autor</author>
        </book>
        <book>
            <title>Nazev</title>
            <author>Autor</author>
        </book>
        <book>
            <title>Nazev</title>
            <author>Autor</author>
        </book>
        <book>
            <title>Nazev</title>
            <author>Autor</author>
        </book>
        <book>
            <title>Nazev</title>
            <author>Autor</author>
        </book>
        <book>
            <title>Nazev</title>
            <author>Autor</author>
        </book>
        <book>
            <title>Nazev</title>
            <author>Autor</author>
        </book>
        <book>
            <title>Nazev</title>
            <author>Autor</author>
        </book>
        <book>
            <title>Nazev</title>
            <author>Autor</author>
        </book>
        <book>
            <title>Nazev</title>
            <author>Autor</author>
        </book>
        <book>
            <title>Nazev</title>
            <author>Autor</author>
        </book>
        <book>
            <title>Nazev</title>
            <author>Autor</author>
        </book>
        <book>
            <title>Nazev</title>
            <author>Autor</author>
        </book>
        <book>
            <title>Nazev</title>
            <author>Autor</author>
        </book>
        <book>
            <title>Nazev</title>
            <author>Autor</author>
        </book>
        <book>
            <title>Nazev</title>
            <author>Autor</author>
        </book>
        <book>
            <title>Nazev</title>
            <author>Autor</author>
        </book>
        <book>
            <title>Nazev</title>
            <author>Autor</author>
        </book>
        <book>
            <title>Nazev</title>
            <author>Autor</author>
        </book>
        <book>
            <title>Nazev</title>
            <author>Autor</author>
        </book>
        <book>
            <title>Nazev</title>
            <author>Autor</author>
        </book>
        <book>
            <title>Nazev</title>
            <author>Autor</author>
        </book>
        <book>
            <title>Nazev</title>
            <author>Autor</author>
        </book>
        <book>
            <title>Nazev</title>
            <author>Autor</author>
        </book>
        <book>
            <title>Nazev</title>
            <author>Autor</author>
        </book>
        <book>
            <title>Nazev</title>
            <author>Autor</author>
        </book>
        <book>
            <title>Nazev</title>
            <author>Autor</author>
        </book>
        <book>
            <title>Nazev</title>
            <author>Autor</author>
        </book>
        <book>
            <title>Nazev</title>
            <author>Autor</author>
        </book>
        <book>
            <title>Nazev</title>
            <author>Autor</author>
        </book>
        <book>
            <title>Nazev</title>
            <author>Autor</author>
        </book>
        <book>
            <title>Nazev</title>
            <author>Autor</author>
        </book>
        <book>
            <title>Nazev</title>
            <author>Autor</author>
        </book>
        <book>
            <title>Nazev</title>
            <author>Autor</author>
        </book>
        <book>
            <title>Nazev</title>
            <author>Autor</author>
        </book>
        <book>
            <title>Nazev</title>
            <author>Autor</author>
        </book>
        <book>
            <title>Nazev</title>
            <author>Autor</author>
        </book>
        <book>
            <title>Nazev</title>
            <author>Autor</author>
        </book>
        <book>
            <title>Nazev</title>
            <author>Autor</author>
        </book>
        <book>
            <title>Nazev</title>
            <author>Autor</author>
        </book>
        <book>
            <title>Nazev</title>
            <author>Autor</author>
        </book>
        <book>
            <title>Nazev</title>
            <author>Autor</author>
        </book>
        <book>
            <title>Nazev</title>
            <author>Autor</author>
        </book>
        <book>
            <title>Nazev</title>
            <author>Autor</author>
        </book>
        <book>
            <title>Nazev</title>
            <author>Autor</author>
        </book>
        <book>
            <title>Nazev</title>
            <author>Autor</author>
        </book>
        <book>
            <title>Nazev</title>
            <author>Autor</author>
        </book>
        <book>
            <title>Nazev</title>
            <author>Autor</author>
        </book>
        <book>
            <title>Nazev</title>
            <author>Autor</author>
        </book>
        <book>
            <title>Nazev</title>
            <author>Autor</author>
        </book>
        <book>
            <title>Nazev</title>
            <author>Autor</author>
        </book>
        <book>
            <title>Nazev</title>
            <author>Autor</author>
        </book>
        <book>
            <title>Nazev</title>
            <author>Autor</author>
        </book>
        <book>
            <title>Nazev</title>
            <author>Autor</author>
        </book>
        <book>
            <title>Nazev</title>
            <author>Autor</author>
        </book>
        <book>
            <title>Nazev</title>
            <author>Autor</author>
        </book>
        <book>
            <title>Nazev</title>
            <author>Autor</author>
        </book>
        <book>
            <title>Nazev</title>
            <author>Autor</author>
        </book>
        <book>
            <title>Nazev</title>
            <author>Autor</author>
        </book>
        <book>
            <title>Nazev</title>
            <author>Autor</author>
        </book>
        <book>
            <title>Nazev</title>
            <author>Autor</author>
        </book>
        <book>
            <title>Nazev</title>
            <author>Autor</author>
        </book>
        <book>
            <title>Nazev</title>
            <author>Autor</author>
        </book>
        <book>
            <title>Nazev</title>
            <author>Autor</author>
        </book>
        <book>
            <title>Nazev</title>
            <author>Autor</author>
        </book>
        <book>
            <title>Nazev</title>
            <author>Autor</author>
        </book>
        <book>
            <title>Nazev</title>
            <author>Autor</author>
        </book>
        <book>
            <title>Nazev</title>
            <author>Autor</author>
        </book>
        <book>
            <title>Nazev</title>
            <author>Autor</author>
        </book>
        <book>
            <title>Nazev</title>
            <author>Autor</author>
        </book>
        <book>
            <title>Nazev</title>
            <author>Autor</author>
        </book>
        <book>
            <title>Nazev</title>
            <author>Autor</author>
        </book>
        <book>
            <title>Nazev</title>
            <author>Autor</author>
        </book>
        <book>
            <title>Nazev</title>
            <author>Autor</author>
        </book>
        <book>
            <title>Nazev</title>
            <author>Autor</author>
        </book>
        <book>
            <title>Nazev</title>
            <author>Autor</author>
        </book>
        <book>
            <title>Nazev</title>
            <author>Autor</author>
        </book>
        <book>
            <title>Nazev</title>
            <author>Autor</author>
        </book>
        <book>
            <title>Nazev</title>
            <author>Autor</author>
        </book>
        <book>
            <title>Nazev</title>
            <author>Autor</author>
        </book>
        <book>
            <title>Nazev</title>
            <author>Autor</author>
        </book>
        <book>
            <title>Nazev</title>
            <author>Autor</author>
        </book>
        <book>
            <title>Nazev</title>
            <author>Autor</author>
        </book>
        <book>
            <title>Nazev</title>
            <author>Autor</author>
        </book>
        <book>
            <title>Nazev</title>
            <author>Autor</author>
        </book>
        <book>
            <title>Nazev</title>
            <author>Autor</author>
        </book>
        <book>
            <title>Nazev</title>
            <author>Autor</author>
        </book>
        <book>
            <title>Nazev</title>
            <author>Autor</author>
        </book>
        <book>
            <title>Nazev</title>
            <author>Autor</author>
        </book>
        <book>
            <title>Nazev</title>
            <author>Autor</author>
        </book>
        <book>
            <title>Nazev</title>
            <author>Autor</author>
        </book>
        <book>
            <title>Nazev</title>
            <author>Autor</author>
        </book>
        <book>
            <title>Nazev</title>
            <author>Autor</author>
        </book>
        <book>
            <title>Nazev</title>
            <author>Autor</author>
        </book>
        <book>
            <title>Nazev</title>
            <author>Autor</author>
        </book>
        <book>
            <title>Nazev</title>
            <author>Autor</author>
        </book>
        <book>
            <title>Nazev</title>
            <author>Autor</author>
        </book>
        <book>
            <title>Nazev</title>
            <author>Autor</author>
        </book>
        <book>
            <title>Nazev</title>
            <author>Autor</author>
        </book>
        <book>
            <title>Nazev</title>
            <author>Autor</author>
        </book>
        <book>
            <title>Nazev</title>
            <author>Autor</author>
        </book>
        <book>
            <title>Nazev</title>
            <author>Autor</author>
        </book>
        <book>
            <title>Nazev</title>
            <author>Autor</author>
        </book>
        <book>
            <title>Nazev</title>
            <author>Autor</author>
        </book>
        <book>
            <title>Nazev</title>
            <author>Autor</author>
        </book>
        <book>
            <title>Nazev</title>
            <author>Autor</author>
        </book>
        <book>
            <title>Nazev</title>
            <author>Autor</author>
        </book>
        <book>
            <title>Nazev</title>
            <author>Autor</author>
        </book>
        <book>
            <title>Nazev</title>
            <author>Autor</author>
        </book>
        <book>
            <title>Nazev</title>
            <author>Autor</author>
        </book>
        <book>
            <title>Nazev</title>
            <author>Autor</author>
        </book>
        <book>
            <title>Nazev</title>
            <author>Autor</author>
        </book>
        <book>
            <title>Nazev</title>
            <author>Autor</author>
        </book>
        <book>
            <title>Nazev</title>
            <author>Autor</author>
        </book>
        <book>
            <title>Nazev</title>
            <author>Autor</author>
        </book>
        <book>
            <title>Nazev</title>
            <author>Autor</author>
        </book>
        <book>
            <title>Nazev</title>
            <author>Autor</author>
        </book>
        <book>
            <title>Nazev</title>
            <author>Autor</author>
        </book>
        <book>
            <title>Nazev</title>
            <author>Autor</author>
        </book>
        <book>
            <title>Nazev</title>
            <author>Autor</author>
        </book>
        <book>
            <title>Nazev</title>
            <author>Autor</author>
        </book>
        <book>
            <title>Nazev</title>
            <author>Autor</author>
        </book>
        <book>
            <title>Nazev</title>
            <author>Autor</author>
        </book>
        <book>
            <title>Nazev</title>
            <author>Autor</author>
        </book>
        <book>
            <title>Nazev</title>
            <author>Autor</author>
        </book>
        <book>
            <title>Nazev</title>
            <author>Autor</author>
        </book>
        <book>
            <title>Nazev</title>
            <author>Autor</author>
        </book>
        <book>
            <title>Nazev</title>
            <author>Autor</author>
        </book>
        <book>
            <title>Nazev</title>
            <author>Autor</author>
        </book>
        <book>
            <title>Nazev</title>
            <author>Autor</author>
        </book>
        <book>
            <title>Nazev</title>
            <author>Autor</author>
        </book>
        <book>
            <title>Nazev</title>
            <author>Autor</author>
        </book>
        <book>
            <title>Nazev</title>
            <author>Autor</author>
        </book>
        <book>
            <title>Nazev</title>
            <author>Autor</author>
        </book>
        <book>
            <title>Nazev</title>
            <author>Autor</author>
        </book>
        <book>
            <title>Nazev</title>
            <author>Autor</author>
        </book>
        <book>
            <title>Nazev</title>
            <author>Autor</author>
        </book>
        <book>
            <title>Nazev</title>
            <author>Autor</author>
        </book>
        <book>
            <title>Nazev</title>
            <author>Autor</author>
        </book>
        <book>
            <title>Nazev</title>
            <author>Autor</author>
        </book>
        <book>
            <title>Nazev</title>
            <author>Autor</author>
        </book>
        <book>
            <title>Nazev</title>
            <author>Autor</author>
        </book>
        <book>
            <title>Nazev</title>
            <author>Autor</author>
        </book>
        <book>
            <title>Nazev</title>
            <author>Autor</author>
        </book>
        <book>
            <title>Nazev</title>
            <author>Autor</author>
        </book>
        <book>
            <title>Nazev</title>
            <author>Autor</author>
        </book>
        <book>
            <title>Nazev</title>
            <author>Autor</author>
        </book>
        <book>
            <title>Nazev</title>
            <author>Autor</author>
        </book>
        <book>
            <title>Nazev</title>
            <author>Autor</author>
        </book>
        <book>
            <title>Nazev</title>
            <author>Autor</author>
        </book>
        <book>
            <title>Nazev</title>
            <author>Autor</author>
        </book>
        <book>
            <title>Nazev</title>
            <author>Autor</author>
        </book>
        <book>
            <title>Nazev</title>
            <author>Autor</author>
        </book>
        <book>
            <title>Nazev</title>
            <author>Autor</author>
        </book>
        <book>
            <title>Nazev</title>
            <author>Autor</author>
        </book>
        <book>
            <title>Nazev</title>
            <author>Autor</author>
        </book>
        <book>
            <title>Nazev</title>
            <author>Autor</author>
        </book>
        <book>
            <title>Nazev</title>
            <author>Autor</author>
        </book>
        <book>
            <title>Nazev</title>
            <author>Autor</author>
        </book>
        <book>
            <title>Nazev</title>
            <author>Autor</author>
        </book>
        <book>
            <title>Nazev</title>
            <author>Autor</author>
        </book>
        <book>
            <title>Nazev</title>
            <author>Autor</author>
        </book>
        <book>
            <title>Nazev</title>
            <author>Autor</author>
        </book>
        <book>
            <title>Nazev</title>
            <author>Autor</author>
        </book>
        <book>
            <title>Nazev</title>
            <author>Autor</author>
        </book>
        <book>
            <title>Nazev</title>
            <author>Autor</author>
        </book>
        <book>
            <title>Nazev</title>
            <author>Autor</author>
        </book>
        <book>
            <title>Nazev</title>
            <author>Autor</author>
        </book>
        <book>
            <title>Nazev</title>
            <author>Autor</author>
        </book>
        <book>
            <title>Nazev</title>
            <author>Autor</author>
        </book>
        <book>
            <title>Nazev</title>
            <author>Autor</author>
        </book>
        <book>
            <title>Nazev</title>
            <author>Autor</author>
        </book>
        <book>
            <title>Nazev</title>
            <author>Autor</author>
        </book>
        <book>
            <title>Nazev</title>
            <author>Autor</author>
        </book>
        <book>
            <title>Nazev</title>
            <author>Autor</author>
        </book>
        <book>
            <title>Nazev</title>
            <author>Autor</author>
        </book>
        <book>
            <title>Nazev</title>
            <author>Autor</author>
        </book>
        <book>
            <title>Nazev</title>
            <author>Autor</author>
        </book>
        <book>
            <title>Nazev</title>
            <author>Autor</author>
        </book>
        <book>
            <title>Nazev</title>
            <author>Autor</author>
        </book>
        <book>
            <title>Nazev</title>
            <author>Autor</author>
        </book>
        <book>
            <title>Nazev</title>
            <author>Autor</author>
        </book>
        <book>
            <title>Nazev</title>
            <author>Autor</author>
        </book>
        <book>
            <title>Nazev</title>
            <author>Autor</author>
        </book>
        <book>
            <title>Nazev</title>
            <author>Autor</author>
        </book>
        <book>
            <title>Nazev</title>
            <author>Autor</author>
        </book>
        <book>
            <title>Nazev</title>
            <author>Autor</author>
        </book>
        <book>
            <title>Nazev</title>
            <author>Autor</author>
        </book>
        <book>
            <title>Nazev</title>
            <author>Autor</author>
        </book>
        <book>
            <title>Nazev</title>
            <author>Autor</author>
        </book>
        <book>
            <title>Nazev</title>
            <author>Autor</author>
        </book>
        <book>
            <title>Nazev</title>
            <author>Autor</author>
        </book>
        <book>
            <title>Nazev</title>
            <author>Autor</author>
        </book>
        <book>
            <title>Nazev</title>
            <author>Autor</author>
        </book>
        <book>
            <title>Nazev</title>
            <author>Autor</author>
        </book>
        <book>
            <title>Nazev</title>
            <author>Autor</author>
        </book>
        <book>
            <title>Nazev</title>
            <author>Autor</author>
        </book>
        <book>
            <title>Nazev</title>
            <author>Autor</author>
        </book>
        <book>
            <title>Nazev</title>
            <author>Autor</author>
        </book>
        <book>
            <title>Nazev</title>
            <author>Autor</author>
        </book>
        <book>
            <title>Nazev</title>
            <author>Autor</author>
        </book>
        <book>
            <title>Nazev</title>
            <author>Autor</author>
        </book>
        <book>
            <title>Nazev</title>
            <author>Autor</author>
        </book>
        <book>
            <title>Nazev</title>
            <author>Autor</author>
        </book>
        <book>
            <title>Nazev</title>
            <author>Autor</author>
        </book>
        <book>
            <title>Nazev</title>
            <author>Autor</author>
        </book>
        <book>
            <title>Nazev</title>
            <author>Autor</author>
        </book>
        <book>
            <title>Nazev</title>
            <author>Autor</author>
        </book>
        <book>
            <title>Nazev</title>
            <author>Autor</author>
        </book>
        <book>
            <title>Nazev</title>
            <author>Autor</author>
        </book>
        <book>
            <title>Nazev</title>
            <author>Autor</author>
        </book>
        <book>
            <title>Nazev</title>
            <author>Autor</author>
        </book>
        <book>
            <title>Nazev</title>
            <author>Autor</author>
        </book>
        <book>
            <title>Nazev</title>
            <author>Autor</author>
        </book>
        <book>
            <title>Nazev</title>
            <author>Autor</author>
        </book>
        <book>
            <title>Nazev</title>
            <author>Autor</author>
        </book>
        <book>
            <title>Nazev</title>
            <author>Autor</author>
        </book>
        <book>
            <title>Nazev</title>
            <author>Autor</author>
        </book>
        <book>
            <title>Nazev</title>
            <author>Autor</author>
        </book>
        <book>
            <title>Nazev</title>
            <author>Autor</author>
        </book>
        <book>
            <title>Nazev</title>
            <author>Autor</author>
        </book>
        <book>
            <title>Nazev</title>
            <author>Autor</author>
        </book>
        <book>
            <title>Nazev</title>
            <author>Autor</author>
        </book>
        <book>
            <title>Nazev</title>
            <author>Autor</author>
        </book>
        <book>
            <title>Nazev</title>
            <author>Autor</author>
        </book>
        <book>
            <title>Nazev</title>
            <author>Autor</author>
        </book>
        <book>
            <title>Nazev</title>
            <author>Autor</author>
        </book>
        <book>
            <title>Nazev</title>
            <author>Autor</author>
        </book>
        <book>
            <title>Nazev</title>
            <author>Autor</author>
        </book>
        <book>
            <title>Nazev</title>
            <author>Autor</author>
        </book>
        <book>
            <title>Nazev</title>
            <author>Autor</author>
        </book>
        <book>
            <title>Nazev</title>
            <author>Autor</author>
        </book>
        <book>
            <title>Nazev</title>
            <author>Autor</author>
        </book>
        <book>
            <title>Nazev</title>
            <author>Autor</author>
        </book>
        <book>
            <title>Nazev</title>
            <author>Autor</author>
        </book>
        <book>
            <title>Nazev</title>
            <author>Autor</author>
        </book>
        <book>
            <title>Nazev</title>
            <author>Autor</author>
        </book>
        <book>
            <title>Nazev</title>
            <author>Autor</author>
        </book>
        <book>
            <title>Nazev</title>
            <author>Autor</author>
        </book>
        <book>
            <title>Nazev</title>
            <author>Autor</author>
        </book>
        <book>
            <title>Nazev</title>
            <author>Autor</author>
        </book>
        <book>
            <title>Nazev</title>
            <author>Autor</author>
        </book>
        <book>
            <title>Nazev</title>
            <author>Autor</author>
        </book>
        <book>
            <title>Nazev</title>
            <author>Autor</author>
        </book>
        <book>
            <title>Nazev</title>
            <author>Autor</author>
        </book>
        <book>
            <title>Nazev</title>
            <author>Autor</author>
        </book>
        <book>
            <title>Nazev</title>
            <author>Autor</author>
        </book>
        <book>
            <title>Nazev</title>
            <author>Autor</author>
        </book>
        <book>
            <title>Nazev</title>
            <author>Autor</author>
        </book>
        <book>
            <title>Nazev</title>
            <author>Autor</author>
        </book>
        <book>
            <title>Nazev</title>
            <author>Autor</author>
        </book>
        <book>
            <title>Nazev</title>
            <author>Autor</author>
        </book>
        <book>
            <title>Nazev</title>
            <author>Autor</author>
        </book>
        <book>
            <title>Nazev</title>
            <author>Autor</author>
        </book>
        <book>
            <title>Nazev</title>
            <author>Autor</author>
        </book>
        <book>
            <title>Nazev</title>
            <author>Autor</author>
        </book>
        <book>
            <title>Nazev</title>
            <author>Autor</author>
        </book>
        <book>
            <title>Nazev</title>
            <author>Autor</author>
        </book>
    </books>
</root>


--uuid:bda1d5bb-7e27-44aa-a2ab-3a4f293dbdb8--
--------------------

]]></system-out>
  </testcase>
  <testcase name="test_SmallDownloadBinary" classname="cz.tc.learn.ws.mtom.binary.FileStorageBinaryServiceImplV2Test" time="0.009">
    <system-out><![CDATA[=================================================

---[HTTP request - http://localhost:8081/mtom.ws/fileStorageBinaryService]---
Accept: application/soap+xml, multipart/related
Content-Type: multipart/related;start="<rootpart*fc62f721-dc6d-48d7-8c01-d4fe3ea31908@example.jaxws.sun.com>";type="application/xop+xml";boundary="uuid:fc62f721-dc6d-48d7-8c01-d4fe3ea31908";start-info="application/soap+xml;action=\"http://ws.learn.tc.cz/mtom/binary/api/fileStorageBinaryPort/downloadBinaryRequest\""
User-Agent: JAX-WS RI 2.3.5 git-revision#7ddc91f
--uuid:fc62f721-dc6d-48d7-8c01-d4fe3ea31908
Content-Id: <rootpart*fc62f721-dc6d-48d7-8c01-d4fe3ea31908@example.jaxws.sun.com>
Content-Type: application/xop+xml;charset=utf-8;type="application/soap+xml;action=\"http://ws.learn.tc.cz/mtom/binary/api/fileStorageBinaryPort/downloadBinaryRequest\""
Content-Transfer-Encoding: binary

<?xml version='1.0' encoding='UTF-8'?><S:Envelope xmlns:S="http://www.w3.org/2003/05/soap-envelope"><S:Body><ns3:filenameBinary xmlns:ns2="http://ws.learn.tc.cz/mtom/binary/types/" xmlns:ns3="http://ws.learn.tc.cz/mtom/binary/api">small_sample.xml</ns3:filenameBinary></S:Body></S:Envelope>
--uuid:fc62f721-dc6d-48d7-8c01-d4fe3ea31908--
--------------------

---[HTTP request]---
Accept: application/soap+xml, multipart/related
Connection: keep-alive
Host: localhost:8081
User-agent: JAX-WS RI 2.3.5 git-revision#7ddc91f
Content-type: multipart/related;start="<rootpart*fc62f721-dc6d-48d7-8c01-d4fe3ea31908@example.jaxws.sun.com>";type="application/xop+xml";boundary="uuid:fc62f721-dc6d-48d7-8c01-d4fe3ea31908";start-info="application/soap+xml;action=\"http://ws.learn.tc.cz/mtom/binary/api/fileStorageBinaryPort/downloadBinaryRequest\""
Content-length: 672
--uuid:fc62f721-dc6d-48d7-8c01-d4fe3ea31908
Content-Id: <rootpart*fc62f721-dc6d-48d7-8c01-d4fe3ea31908@example.jaxws.sun.com>
Content-Type: application/xop+xml;charset=utf-8;type="application/soap+xml;action=\"http://ws.learn.tc.cz/mtom/binary/api/fileStorageBinaryPort/downloadBinaryRequest\""
Content-Transfer-Encoding: binary

<?xml version='1.0' encoding='UTF-8'?><S:Envelope xmlns:S="http://www.w3.org/2003/05/soap-envelope"><S:Body><ns3:filenameBinary xmlns:ns2="http://ws.learn.tc.cz/mtom/binary/types/" xmlns:ns3="http://ws.learn.tc.cz/mtom/binary/api">small_sample.xml</ns3:filenameBinary></S:Body></S:Envelope>
--uuid:fc62f721-dc6d-48d7-8c01-d4fe3ea31908--
--------------------

---[HTTP response 200]---
Date: Mon, 02 May 2022 04:36:24 GMT
Transfer-encoding: chunked
Content-type: multipart/related;start="<rootpart*91da1a88-7af8-4e67-983e-72e60548a3f8@example.jaxws.sun.com>";type="application/xop+xml";boundary="uuid:91da1a88-7af8-4e67-983e-72e60548a3f8";start-info="application/soap+xml"
--uuid:91da1a88-7af8-4e67-983e-72e60548a3f8
Content-Id: <rootpart*91da1a88-7af8-4e67-983e-72e60548a3f8@example.jaxws.sun.com>
Content-Type: application/xop+xml;charset=utf-8;type="application/soap+xml"
Content-Transfer-Encoding: binary

<?xml version='1.0' encoding='UTF-8'?><S:Envelope xmlns:S="http://www.w3.org/2003/05/soap-envelope"><S:Body><ns2:fileBinary xmlns:ns2="http://ws.learn.tc.cz/mtom/binary/types/" xmlns:ns3="http://ws.learn.tc.cz/mtom/binary/api"><fileName>small_sample.xml</fileName><contentData><xop:Include xmlns:xop="http://www.w3.org/2004/08/xop/include" href="cid:bf5401a0-24b2-4c95-9f57-e95cd68a6248@example.jaxws.sun.com"/></contentData></ns2:fileBinary></S:Body></S:Envelope>
--uuid:91da1a88-7af8-4e67-983e-72e60548a3f8
Content-Id: <bf5401a0-24b2-4c95-9f57-e95cd68a6248@example.jaxws.sun.com>
Content-Type: application/octet-stream
Content-Transfer-Encoding: binary

<?xml version="1.0" encoding="UTF-8"?>
<root>
    <books>
        <book>
            <title>Nazev</title>
            <author>Author</book>
    </books>
</root>


--uuid:91da1a88-7af8-4e67-983e-72e60548a3f8--
--------------------

---[HTTP response - http://localhost:8081/mtom.ws/fileStorageBinaryService - 200]---
null: HTTP/1.1 200 OK
Content-type: multipart/related;start="<rootpart*91da1a88-7af8-4e67-983e-72e60548a3f8@example.jaxws.sun.com>";type="application/xop+xml";boundary="uuid:91da1a88-7af8-4e67-983e-72e60548a3f8";start-info="application/soap+xml"
Date: Mon, 02 May 2022 04:36:24 GMT
Transfer-encoding: chunked
--uuid:91da1a88-7af8-4e67-983e-72e60548a3f8
Content-Id: <rootpart*91da1a88-7af8-4e67-983e-72e60548a3f8@example.jaxws.sun.com>
Content-Type: application/xop+xml;charset=utf-8;type="application/soap+xml"
Content-Transfer-Encoding: binary

<?xml version='1.0' encoding='UTF-8'?><S:Envelope xmlns:S="http://www.w3.org/2003/05/soap-envelope"><S:Body><ns2:fileBinary xmlns:ns2="http://ws.learn.tc.cz/mtom/binary/types/" xmlns:ns3="http://ws.learn.tc.cz/mtom/binary/api"><fileName>small_sample.xml</fileName><contentData><xop:Include xmlns:xop="http://www.w3.org/2004/08/xop/include" href="cid:bf5401a0-24b2-4c95-9f57-e95cd68a6248@example.jaxws.sun.com"/></contentData></ns2:fileBinary></S:Body></S:Envelope>
--uuid:91da1a88-7af8-4e67-983e-72e60548a3f8
Content-Id: <bf5401a0-24b2-4c95-9f57-e95cd68a6248@example.jaxws.sun.com>
Content-Type: application/octet-stream
Content-Transfer-Encoding: binary

<?xml version="1.0" encoding="UTF-8"?>
<root>
    <books>
        <book>
            <title>Nazev</title>
            <author>Author</book>
    </books>
</root>


--uuid:91da1a88-7af8-4e67-983e-72e60548a3f8--
--------------------

]]></system-out>
  </testcase>
  <testcase name="testTryMtomFeature_SmallDownloadBinary" classname="cz.tc.learn.ws.mtom.binary.FileStorageBinaryServiceImplV2Test" time="0.004">
    <system-out><![CDATA[=================================================

---[HTTP request - http://localhost:8081/mtom.ws/fileStorageBinaryService]---
Accept: application/soap+xml, multipart/related
Content-Type: multipart/related;start="<rootpart*0d5cf1eb-116b-4fa5-a2ff-098a41aeaa3a@example.jaxws.sun.com>";type="application/xop+xml";boundary="uuid:0d5cf1eb-116b-4fa5-a2ff-098a41aeaa3a";start-info="application/soap+xml;action=\"http://ws.learn.tc.cz/mtom/binary/api/fileStorageBinaryPort/downloadBinaryRequest\""
User-Agent: JAX-WS RI 2.3.5 git-revision#7ddc91f
--uuid:0d5cf1eb-116b-4fa5-a2ff-098a41aeaa3a
Content-Id: <rootpart*0d5cf1eb-116b-4fa5-a2ff-098a41aeaa3a@example.jaxws.sun.com>
Content-Type: application/xop+xml;charset=utf-8;type="application/soap+xml;action=\"http://ws.learn.tc.cz/mtom/binary/api/fileStorageBinaryPort/downloadBinaryRequest\""
Content-Transfer-Encoding: binary

<?xml version='1.0' encoding='UTF-8'?><S:Envelope xmlns:S="http://www.w3.org/2003/05/soap-envelope"><S:Body><ns3:filenameBinary xmlns:ns2="http://ws.learn.tc.cz/mtom/binary/types/" xmlns:ns3="http://ws.learn.tc.cz/mtom/binary/api">small_sample.xml</ns3:filenameBinary></S:Body></S:Envelope>
--uuid:0d5cf1eb-116b-4fa5-a2ff-098a41aeaa3a--
--------------------

---[HTTP request]---
Accept: application/soap+xml, multipart/related
Connection: keep-alive
Host: localhost:8081
User-agent: JAX-WS RI 2.3.5 git-revision#7ddc91f
Content-type: multipart/related;start="<rootpart*0d5cf1eb-116b-4fa5-a2ff-098a41aeaa3a@example.jaxws.sun.com>";type="application/xop+xml";boundary="uuid:0d5cf1eb-116b-4fa5-a2ff-098a41aeaa3a";start-info="application/soap+xml;action=\"http://ws.learn.tc.cz/mtom/binary/api/fileStorageBinaryPort/downloadBinaryRequest\""
Content-length: 672
--uuid:0d5cf1eb-116b-4fa5-a2ff-098a41aeaa3a
Content-Id: <rootpart*0d5cf1eb-116b-4fa5-a2ff-098a41aeaa3a@example.jaxws.sun.com>
Content-Type: application/xop+xml;charset=utf-8;type="application/soap+xml;action=\"http://ws.learn.tc.cz/mtom/binary/api/fileStorageBinaryPort/downloadBinaryRequest\""
Content-Transfer-Encoding: binary

<?xml version='1.0' encoding='UTF-8'?><S:Envelope xmlns:S="http://www.w3.org/2003/05/soap-envelope"><S:Body><ns3:filenameBinary xmlns:ns2="http://ws.learn.tc.cz/mtom/binary/types/" xmlns:ns3="http://ws.learn.tc.cz/mtom/binary/api">small_sample.xml</ns3:filenameBinary></S:Body></S:Envelope>
--uuid:0d5cf1eb-116b-4fa5-a2ff-098a41aeaa3a--
--------------------

---[HTTP response 200]---
Date: Mon, 02 May 2022 04:36:24 GMT
Transfer-encoding: chunked
Content-type: multipart/related;start="<rootpart*19da8d33-4eaf-4607-a240-9e58dde60706@example.jaxws.sun.com>";type="application/xop+xml";boundary="uuid:19da8d33-4eaf-4607-a240-9e58dde60706";start-info="application/soap+xml"
--uuid:19da8d33-4eaf-4607-a240-9e58dde60706
Content-Id: <rootpart*19da8d33-4eaf-4607-a240-9e58dde60706@example.jaxws.sun.com>
Content-Type: application/xop+xml;charset=utf-8;type="application/soap+xml"
Content-Transfer-Encoding: binary

<?xml version='1.0' encoding='UTF-8'?><S:Envelope xmlns:S="http://www.w3.org/2003/05/soap-envelope"><S:Body><ns2:fileBinary xmlns:ns2="http://ws.learn.tc.cz/mtom/binary/types/" xmlns:ns3="http://ws.learn.tc.cz/mtom/binary/api"><fileName>small_sample.xml</fileName><contentData><xop:Include xmlns:xop="http://www.w3.org/2004/08/xop/include" href="cid:8ae39131-7b72-4bc5-b133-9bc5a70deeb0@example.jaxws.sun.com"/></contentData></ns2:fileBinary></S:Body></S:Envelope>
--uuid:19da8d33-4eaf-4607-a240-9e58dde60706
Content-Id: <8ae39131-7b72-4bc5-b133-9bc5a70deeb0@example.jaxws.sun.com>
Content-Type: application/octet-stream
Content-Transfer-Encoding: binary

<?xml version="1.0" encoding="UTF-8"?>
<root>
    <books>
        <book>
            <title>Nazev</title>
            <author>Author</book>
    </books>
</root>


--uuid:19da8d33-4eaf-4607-a240-9e58dde60706--
--------------------

---[HTTP response - http://localhost:8081/mtom.ws/fileStorageBinaryService - 200]---
null: HTTP/1.1 200 OK
Content-type: multipart/related;start="<rootpart*19da8d33-4eaf-4607-a240-9e58dde60706@example.jaxws.sun.com>";type="application/xop+xml";boundary="uuid:19da8d33-4eaf-4607-a240-9e58dde60706";start-info="application/soap+xml"
Date: Mon, 02 May 2022 04:36:24 GMT
Transfer-encoding: chunked
--uuid:19da8d33-4eaf-4607-a240-9e58dde60706
Content-Id: <rootpart*19da8d33-4eaf-4607-a240-9e58dde60706@example.jaxws.sun.com>
Content-Type: application/xop+xml;charset=utf-8;type="application/soap+xml"
Content-Transfer-Encoding: binary

<?xml version='1.0' encoding='UTF-8'?><S:Envelope xmlns:S="http://www.w3.org/2003/05/soap-envelope"><S:Body><ns2:fileBinary xmlns:ns2="http://ws.learn.tc.cz/mtom/binary/types/" xmlns:ns3="http://ws.learn.tc.cz/mtom/binary/api"><fileName>small_sample.xml</fileName><contentData><xop:Include xmlns:xop="http://www.w3.org/2004/08/xop/include" href="cid:8ae39131-7b72-4bc5-b133-9bc5a70deeb0@example.jaxws.sun.com"/></contentData></ns2:fileBinary></S:Body></S:Envelope>
--uuid:19da8d33-4eaf-4607-a240-9e58dde60706
Content-Id: <8ae39131-7b72-4bc5-b133-9bc5a70deeb0@example.jaxws.sun.com>
Content-Type: application/octet-stream
Content-Transfer-Encoding: binary

<?xml version="1.0" encoding="UTF-8"?>
<root>
    <books>
        <book>
            <title>Nazev</title>
            <author>Author</book>
    </books>
</root>


--uuid:19da8d33-4eaf-4607-a240-9e58dde60706--
--------------------

]]></system-out>
  </testcase>
</testsuite>